<?xml version="1.0" encoding="UTF-8"?>
<coverage generated="1622012718913" clover="3.2.0">
  <project timestamp="1622012718914" name="All files">
    <metrics statements="1087" coveredstatements="875" conditionals="756" coveredconditionals="493" methods="338" coveredmethods="223" elements="2181" coveredelements="1591" complexity="0" loc="1087" ncloc="1087" packages="42" files="114" classes="114"/>
    <package name="geis-browse.dist">
      <metrics statements="83" coveredstatements="57" conditionals="63" coveredconditionals="32" methods="20" coveredmethods="9"/>
      <file name="browseConfig.js" path="/Users/madshargreave/Projects/geis-labs/geis/packages/geis-browse/dist/browseConfig.js">
        <metrics statements="1" coveredstatements="1" conditionals="0" coveredconditionals="0" methods="0" coveredmethods="0"/>
        <line num="2" count="1" type="stmt"/>
      </file>
      <file name="browseConstants.js" path="/Users/madshargreave/Projects/geis-labs/geis/packages/geis-browse/dist/browseConstants.js">
        <metrics statements="6" coveredstatements="6" conditionals="0" coveredconditionals="0" methods="1" coveredmethods="0"/>
        <line num="2" count="1" type="stmt"/>
        <line num="3" count="1" type="stmt"/>
        <line num="4" count="1" type="stmt"/>
        <line num="5" count="1" type="stmt"/>
        <line num="6" count="1" type="stmt"/>
        <line num="9" count="1" type="stmt"/>
      </file>
      <file name="browseFacade.js" path="/Users/madshargreave/Projects/geis-labs/geis/packages/geis-browse/dist/browseFacade.js">
        <metrics statements="16" coveredstatements="12" conditionals="8" coveredconditionals="2" methods="1" coveredmethods="1"/>
        <line num="2" count="1" type="stmt"/>
        <line num="3" count="1" type="stmt"/>
        <line num="4" count="1" type="stmt"/>
        <line num="5" count="1" type="stmt"/>
        <line num="6" count="1" type="stmt"/>
        <line num="8" count="1" type="cond" truecount="0" falsecount="1"/>
        <line num="9" count="1" type="stmt"/>
        <line num="10" count="1" type="stmt"/>
        <line num="11" count="1" type="cond" truecount="1" falsecount="1"/>
        <line num="12" count="1" type="cond" truecount="1" falsecount="1"/>
        <line num="13" count="1" type="stmt"/>
        <line num="19" count="0" type="stmt"/>
        <line num="26" count="0" type="cond" truecount="0" falsecount="2"/>
        <line num="27" count="0" type="stmt"/>
        <line num="35" count="0" type="stmt"/>
        <line num="44" count="1" type="stmt"/>
      </file>
      <file name="browseProvider.js" path="/Users/madshargreave/Projects/geis-labs/geis/packages/geis-browse/dist/browseProvider.js">
        <metrics statements="21" coveredstatements="11" conditionals="29" coveredconditionals="16" methods="8" coveredmethods="3"/>
        <line num="2" count="1" type="cond" truecount="4" falsecount="1"/>
        <line num="3" count="0" type="cond" truecount="0" falsecount="2"/>
        <line num="4" count="0" type="stmt"/>
        <line num="6" count="0" type="cond" truecount="0" falsecount="2"/>
        <line num="7" count="0" type="stmt"/>
        <line num="9" count="1" type="cond" truecount="4" falsecount="1"/>
        <line num="10" count="0" type="stmt"/>
        <line num="12" count="0" type="stmt"/>
        <line num="14" count="1" type="cond" truecount="3" falsecount="0"/>
        <line num="15" count="1" type="cond" truecount="3" falsecount="1"/>
        <line num="16" count="0" type="stmt"/>
        <line num="17" count="0" type="cond" truecount="0" falsecount="6"/>
        <line num="18" count="0" type="stmt"/>
        <line num="19" count="0" type="stmt"/>
        <line num="21" count="1" type="stmt"/>
        <line num="22" count="1" type="stmt"/>
        <line num="23" count="1" type="stmt"/>
        <line num="24" count="1" type="stmt"/>
        <line num="27" count="2" type="cond" truecount="1" falsecount="0"/>
        <line num="33" count="1" type="stmt"/>
        <line num="34" count="1" type="stmt"/>
      </file>
      <file name="browseTypes.js" path="/Users/madshargreave/Projects/geis-labs/geis/packages/geis-browse/dist/browseTypes.js">
        <metrics statements="1" coveredstatements="1" conditionals="0" coveredconditionals="0" methods="0" coveredmethods="0"/>
        <line num="2" count="1" type="stmt"/>
      </file>
      <file name="browseUtils.js" path="/Users/madshargreave/Projects/geis-labs/geis/packages/geis-browse/dist/browseUtils.js">
        <metrics statements="22" coveredstatements="12" conditionals="10" coveredconditionals="3" methods="6" coveredmethods="2"/>
        <line num="2" count="1" type="stmt"/>
        <line num="3" count="1" type="stmt"/>
        <line num="5" count="1" type="cond" truecount="1" falsecount="1"/>
        <line num="6" count="0" type="stmt"/>
        <line num="8" count="1" type="cond" truecount="1" falsecount="1"/>
        <line num="9" count="0" type="stmt"/>
        <line num="11" count="1" type="stmt"/>
        <line num="13" count="1" type="stmt"/>
        <line num="15" count="1" type="cond" truecount="1" falsecount="1"/>
        <line num="19" count="1" type="stmt"/>
        <line num="21" count="0" type="cond" truecount="0" falsecount="2"/>
        <line num="22" count="0" type="stmt"/>
        <line num="24" count="0" type="cond" truecount="0" falsecount="2"/>
        <line num="25" count="0" type="stmt"/>
        <line num="27" count="0" type="stmt"/>
        <line num="29" count="1" type="stmt"/>
        <line num="31" count="0" type="stmt"/>
        <line num="33" count="1" type="stmt"/>
        <line num="35" count="0" type="stmt"/>
        <line num="37" count="1" type="stmt"/>
        <line num="39" count="0" type="stmt"/>
        <line num="41" count="1" type="stmt"/>
      </file>
      <file name="index.js" path="/Users/madshargreave/Projects/geis-labs/geis/packages/geis-browse/dist/index.js">
        <metrics statements="16" coveredstatements="14" conditionals="16" coveredconditionals="11" methods="4" coveredmethods="3"/>
        <line num="2" count="1" type="cond" truecount="4" falsecount="1"/>
        <line num="3" count="10" type="cond" truecount="1" falsecount="1"/>
        <line num="4" count="10" type="stmt"/>
        <line num="6" count="0" type="cond" truecount="0" falsecount="2"/>
        <line num="7" count="0" type="stmt"/>
        <line num="9" count="1" type="cond" truecount="3" falsecount="0"/>
        <line num="10" count="10" type="cond" truecount="3" falsecount="1"/>
        <line num="12" count="1" type="stmt"/>
        <line num="13" count="1" type="stmt"/>
        <line num="14" count="1" type="stmt"/>
        <line num="15" count="1" type="stmt"/>
        <line num="16" count="1" type="stmt"/>
        <line num="17" count="1" type="stmt"/>
        <line num="18" count="1" type="stmt"/>
        <line num="19" count="1" type="stmt"/>
        <line num="20" count="1" type="stmt"/>
      </file>
    </package>
    <package name="geis-browse.dist.actions">
      <metrics statements="19" coveredstatements="17" conditionals="16" coveredconditionals="11" methods="7" coveredmethods="3"/>
      <file name="actionFactory.js" path="/Users/madshargreave/Projects/geis-labs/geis/packages/geis-browse/dist/actions/actionFactory.js">
        <metrics statements="8" coveredstatements="8" conditionals="0" coveredconditionals="0" methods="3" coveredmethods="0"/>
        <line num="2" count="1" type="stmt"/>
        <line num="3" count="1" type="stmt"/>
        <line num="4" count="1" type="stmt"/>
        <line num="8" count="1" type="stmt"/>
        <line num="9" count="1" type="stmt"/>
        <line num="13" count="1" type="stmt"/>
        <line num="14" count="1" type="stmt"/>
        <line num="18" count="1" type="stmt"/>
      </file>
      <file name="actionTypes.js" path="/Users/madshargreave/Projects/geis-labs/geis/packages/geis-browse/dist/actions/actionTypes.js">
        <metrics statements="1" coveredstatements="1" conditionals="0" coveredconditionals="0" methods="0" coveredmethods="0"/>
        <line num="2" count="1" type="stmt"/>
      </file>
      <file name="index.js" path="/Users/madshargreave/Projects/geis-labs/geis/packages/geis-browse/dist/actions/index.js">
        <metrics statements="10" coveredstatements="8" conditionals="16" coveredconditionals="11" methods="4" coveredmethods="3"/>
        <line num="2" count="1" type="cond" truecount="4" falsecount="1"/>
        <line num="3" count="3" type="cond" truecount="1" falsecount="1"/>
        <line num="4" count="6" type="stmt"/>
        <line num="6" count="0" type="cond" truecount="0" falsecount="2"/>
        <line num="7" count="0" type="stmt"/>
        <line num="9" count="1" type="cond" truecount="3" falsecount="0"/>
        <line num="10" count="3" type="cond" truecount="3" falsecount="1"/>
        <line num="12" count="1" type="stmt"/>
        <line num="13" count="1" type="stmt"/>
        <line num="14" count="1" type="stmt"/>
      </file>
    </package>
    <package name="geis-browse.dist.sessions">
      <metrics statements="28" coveredstatements="25" conditionals="18" coveredconditionals="13" methods="7" coveredmethods="5"/>
      <file name="index.js" path="/Users/madshargreave/Projects/geis-labs/geis/packages/geis-browse/dist/sessions/index.js">
        <metrics statements="13" coveredstatements="11" conditionals="16" coveredconditionals="11" methods="4" coveredmethods="3"/>
        <line num="2" count="1" type="cond" truecount="4" falsecount="1"/>
        <line num="3" count="3" type="cond" truecount="1" falsecount="1"/>
        <line num="4" count="3" type="stmt"/>
        <line num="6" count="0" type="cond" truecount="0" falsecount="2"/>
        <line num="7" count="0" type="stmt"/>
        <line num="9" count="1" type="cond" truecount="3" falsecount="0"/>
        <line num="10" count="5" type="cond" truecount="3" falsecount="1"/>
        <line num="12" count="1" type="stmt"/>
        <line num="13" count="1" type="stmt"/>
        <line num="14" count="1" type="stmt"/>
        <line num="15" count="1" type="stmt"/>
        <line num="16" count="1" type="stmt"/>
        <line num="17" count="1" type="stmt"/>
      </file>
      <file name="sessionAdapter.js" path="/Users/madshargreave/Projects/geis-labs/geis/packages/geis-browse/dist/sessions/sessionAdapter.js">
        <metrics statements="1" coveredstatements="1" conditionals="0" coveredconditionals="0" methods="0" coveredmethods="0"/>
        <line num="2" count="1" type="stmt"/>
      </file>
      <file name="sessionAttrs.js" path="/Users/madshargreave/Projects/geis-labs/geis/packages/geis-browse/dist/sessions/sessionAttrs.js">
        <metrics statements="1" coveredstatements="1" conditionals="0" coveredconditionals="0" methods="0" coveredmethods="0"/>
        <line num="2" count="1" type="stmt"/>
      </file>
      <file name="sessionEnums.js" path="/Users/madshargreave/Projects/geis-labs/geis/packages/geis-browse/dist/sessions/sessionEnums.js">
        <metrics statements="6" coveredstatements="6" conditionals="2" coveredconditionals="2" methods="1" coveredmethods="1"/>
        <line num="2" count="1" type="stmt"/>
        <line num="3" count="1" type="stmt"/>
        <line num="5" count="1" type="stmt"/>
        <line num="6" count="1" type="stmt"/>
        <line num="7" count="1" type="stmt"/>
        <line num="8" count="1" type="stmt"/>
      </file>
      <file name="sessionGuards.js" path="/Users/madshargreave/Projects/geis-labs/geis/packages/geis-browse/dist/sessions/sessionGuards.js">
        <metrics statements="6" coveredstatements="5" conditionals="0" coveredconditionals="0" methods="2" coveredmethods="1"/>
        <line num="2" count="1" type="stmt"/>
        <line num="3" count="1" type="stmt"/>
        <line num="5" count="1" type="stmt"/>
        <line num="7" count="1" type="stmt"/>
        <line num="9" count="0" type="stmt"/>
        <line num="11" count="1" type="stmt"/>
      </file>
      <file name="sessionTypes.js" path="/Users/madshargreave/Projects/geis-labs/geis/packages/geis-browse/dist/sessions/sessionTypes.js">
        <metrics statements="1" coveredstatements="1" conditionals="0" coveredconditionals="0" methods="0" coveredmethods="0"/>
        <line num="2" count="1" type="stmt"/>
      </file>
    </package>
    <package name="geis-browse.dist.test">
      <metrics statements="86" coveredstatements="65" conditionals="65" coveredconditionals="38" methods="28" coveredmethods="19"/>
      <file name="index.js" path="/Users/madshargreave/Projects/geis-labs/geis/packages/geis-browse/dist/test/index.js">
        <metrics statements="11" coveredstatements="9" conditionals="16" coveredconditionals="11" methods="4" coveredmethods="3"/>
        <line num="2" count="1" type="cond" truecount="4" falsecount="1"/>
        <line num="3" count="2" type="cond" truecount="1" falsecount="1"/>
        <line num="4" count="2" type="stmt"/>
        <line num="6" count="0" type="cond" truecount="0" falsecount="2"/>
        <line num="7" count="0" type="stmt"/>
        <line num="9" count="1" type="cond" truecount="3" falsecount="0"/>
        <line num="10" count="3" type="cond" truecount="3" falsecount="1"/>
        <line num="12" count="1" type="stmt"/>
        <line num="13" count="1" type="stmt"/>
        <line num="14" count="1" type="stmt"/>
        <line num="15" count="1" type="stmt"/>
      </file>
      <file name="testConfig.js" path="/Users/madshargreave/Projects/geis-labs/geis/packages/geis-browse/dist/test/testConfig.js">
        <metrics statements="1" coveredstatements="1" conditionals="0" coveredconditionals="0" methods="0" coveredmethods="0"/>
        <line num="2" count="1" type="stmt"/>
      </file>
      <file name="testGuards.js" path="/Users/madshargreave/Projects/geis-labs/geis/packages/geis-browse/dist/test/testGuards.js">
        <metrics statements="6" coveredstatements="6" conditionals="0" coveredconditionals="0" methods="2" coveredmethods="2"/>
        <line num="2" count="1" type="stmt"/>
        <line num="3" count="1" type="stmt"/>
        <line num="5" count="1" type="stmt"/>
        <line num="7" count="1" type="stmt"/>
        <line num="9" count="1" type="stmt"/>
        <line num="11" count="1" type="stmt"/>
      </file>
      <file name="testImpl.js" path="/Users/madshargreave/Projects/geis-labs/geis/packages/geis-browse/dist/test/testImpl.js">
        <metrics statements="50" coveredstatements="36" conditionals="41" coveredconditionals="22" methods="18" coveredmethods="11"/>
        <line num="2" count="1" type="cond" truecount="3" falsecount="0"/>
        <line num="3" count="0" type="cond" truecount="0" falsecount="2"/>
        <line num="4" count="1" type="cond" truecount="2" falsecount="0"/>
        <line num="5" count="0" type="stmt"/>
        <line num="6" count="0" type="stmt"/>
        <line num="7" count="1" type="cond" truecount="1" falsecount="1"/>
        <line num="8" count="1" type="cond" truecount="2" falsecount="0"/>
        <line num="11" count="1" type="cond" truecount="3" falsecount="0"/>
        <line num="12" count="1" type="cond" truecount="1" falsecount="1"/>
        <line num="13" count="0" type="stmt"/>
        <line num="15" count="1" type="stmt"/>
        <line num="16" count="1" type="stmt"/>
        <line num="18" count="1" type="cond" truecount="3" falsecount="0"/>
        <line num="19" count="1" type="cond" truecount="1" falsecount="1"/>
        <line num="20" count="0" type="stmt"/>
        <line num="22" count="1" type="stmt"/>
        <line num="25" count="1" type="stmt"/>
        <line num="26" count="1" type="stmt"/>
        <line num="27" count="1" type="stmt"/>
        <line num="28" count="1" type="stmt"/>
        <line num="29" count="1" type="stmt"/>
        <line num="30" count="1" type="stmt"/>
        <line num="34" count="1" type="stmt"/>
        <line num="35" count="1" type="stmt"/>
        <line num="36" count="1" type="cond" truecount="3" falsecount="1"/>
        <line num="37" count="1" type="stmt"/>
        <line num="40" count="1" type="stmt"/>
        <line num="41" count="1" type="cond" truecount="1" falsecount="1"/>
        <line num="42" count="1" type="stmt"/>
        <line num="43" count="1" type="stmt"/>
        <line num="44" count="0" type="cond" truecount="0" falsecount="2"/>
        <line num="45" count="0" type="stmt"/>
        <line num="47" count="0" type="stmt"/>
        <line num="48" count="0" type="stmt"/>
        <line num="49" count="0" type="stmt"/>
        <line num="51" count="1" type="stmt"/>
        <line num="52" count="1" type="stmt"/>
        <line num="53" count="1" type="cond" truecount="1" falsecount="1"/>
        <line num="54" count="0" type="stmt"/>
        <line num="57" count="1" type="stmt"/>
        <line num="60" count="5" type="stmt"/>
        <line num="61" count="0" type="cond" truecount="0" falsecount="4"/>
        <line num="62" count="0" type="cond" truecount="0" falsecount="4"/>
        <line num="64" count="1" type="stmt"/>
        <line num="66" count="5" type="cond" truecount="1" falsecount="1"/>
        <line num="68" count="0" type="stmt"/>
        <line num="70" count="5" type="stmt"/>
        <line num="76" count="1" type="stmt"/>
        <line num="79" count="1" type="stmt"/>
        <line num="80" count="1" type="stmt"/>
      </file>
      <file name="testProvider.js" path="/Users/madshargreave/Projects/geis-labs/geis/packages/geis-browse/dist/test/testProvider.js">
        <metrics statements="7" coveredstatements="7" conditionals="6" coveredconditionals="4" methods="2" coveredmethods="2"/>
        <line num="2" count="1" type="stmt"/>
        <line num="3" count="1" type="stmt"/>
        <line num="4" count="1" type="stmt"/>
        <line num="5" count="1" type="stmt"/>
        <line num="7" count="1" type="stmt"/>
        <line num="9" count="1" type="stmt"/>
        <line num="17" count="1" type="stmt"/>
      </file>
      <file name="testUtils.js" path="/Users/madshargreave/Projects/geis-labs/geis/packages/geis-browse/dist/test/testUtils.js">
        <metrics statements="11" coveredstatements="6" conditionals="2" coveredconditionals="1" methods="2" coveredmethods="1"/>
        <line num="2" count="1" type="stmt"/>
        <line num="3" count="1" type="stmt"/>
        <line num="4" count="1" type="stmt"/>
        <line num="6" count="1" type="cond" truecount="1" falsecount="1"/>
        <line num="7" count="1" type="stmt"/>
        <line num="9" count="0" type="stmt"/>
        <line num="10" count="0" type="stmt"/>
        <line num="11" count="0" type="stmt"/>
        <line num="14" count="0" type="stmt"/>
        <line num="15" count="0" type="stmt"/>
        <line num="18" count="1" type="stmt"/>
      </file>
    </package>
    <package name="geis-browse.lib">
      <metrics statements="52" coveredstatements="41" conditionals="20" coveredconditionals="11" methods="10" coveredmethods="5"/>
      <file name="browseConstants.ts" path="/Users/madshargreave/Projects/geis-labs/geis/packages/geis-browse/lib/browseConstants.ts">
        <metrics statements="4" coveredstatements="3" conditionals="0" coveredconditionals="0" methods="1" coveredmethods="0"/>
        <line num="1" count="9" type="stmt"/>
        <line num="3" count="9" type="stmt"/>
        <line num="5" count="9" type="stmt"/>
        <line num="6" count="0" type="stmt"/>
      </file>
      <file name="browseFacade.ts" path="/Users/madshargreave/Projects/geis-labs/geis/packages/geis-browse/lib/browseFacade.ts">
        <metrics statements="14" coveredstatements="13" conditionals="8" coveredconditionals="5" methods="1" coveredmethods="1"/>
        <line num="1" count="9" type="stmt"/>
        <line num="3" count="9" type="stmt"/>
        <line num="5" count="9" type="stmt"/>
        <line num="8" count="9" type="stmt"/>
        <line num="14" count="14" type="cond" truecount="0" falsecount="1"/>
        <line num="15" count="14" type="stmt"/>
        <line num="16" count="14" type="stmt"/>
        <line num="18" count="14" type="cond" truecount="2" falsecount="0"/>
        <line num="19" count="11" type="cond" truecount="1" falsecount="1"/>
        <line num="20" count="11" type="stmt"/>
        <line num="29" count="0" type="stmt"/>
        <line num="39" count="3" type="cond" truecount="2" falsecount="0"/>
        <line num="40" count="2" type="stmt"/>
        <line num="50" count="1" type="stmt"/>
      </file>
      <file name="browseProvider.ts" path="/Users/madshargreave/Projects/geis-labs/geis/packages/geis-browse/lib/browseProvider.ts">
        <metrics statements="6" coveredstatements="6" conditionals="2" coveredconditionals="2" methods="2" coveredmethods="2"/>
        <line num="3" count="9" type="stmt"/>
        <line num="4" count="9" type="stmt"/>
        <line num="7" count="9" type="cond" truecount="1" falsecount="0"/>
        <line num="9" count="18" type="stmt"/>
        <line num="16" count="14" type="stmt"/>
        <line num="28" count="9" type="stmt"/>
      </file>
      <file name="browseUtils.ts" path="/Users/madshargreave/Projects/geis-labs/geis/packages/geis-browse/lib/browseUtils.ts">
        <metrics statements="20" coveredstatements="11" conditionals="10" coveredconditionals="4" methods="6" coveredmethods="2"/>
        <line num="4" count="9" type="stmt"/>
        <line num="5" count="14" type="cond" truecount="2" falsecount="0"/>
        <line num="6" count="3" type="stmt"/>
        <line num="8" count="11" type="cond" truecount="1" falsecount="1"/>
        <line num="9" count="0" type="stmt"/>
        <line num="11" count="11" type="stmt"/>
        <line num="14" count="9" type="stmt"/>
        <line num="17" count="14" type="stmt"/>
        <line num="22" count="9" type="stmt"/>
        <line num="27" count="0" type="cond" truecount="0" falsecount="2"/>
        <line num="28" count="0" type="stmt"/>
        <line num="30" count="0" type="cond" truecount="0" falsecount="2"/>
        <line num="31" count="0" type="stmt"/>
        <line num="33" count="0" type="stmt"/>
        <line num="36" count="9" type="stmt"/>
        <line num="39" count="0" type="stmt"/>
        <line num="42" count="9" type="stmt"/>
        <line num="45" count="0" type="stmt"/>
        <line num="48" count="9" type="stmt"/>
        <line num="49" count="0" type="stmt"/>
      </file>
      <file name="index.ts" path="/Users/madshargreave/Projects/geis-labs/geis/packages/geis-browse/lib/index.ts">
        <metrics statements="8" coveredstatements="8" conditionals="0" coveredconditionals="0" methods="0" coveredmethods="0"/>
        <line num="1" count="9" type="stmt"/>
        <line num="2" count="9" type="stmt"/>
        <line num="4" count="9" type="stmt"/>
        <line num="5" count="9" type="stmt"/>
        <line num="6" count="9" type="stmt"/>
        <line num="7" count="9" type="stmt"/>
        <line num="8" count="9" type="stmt"/>
        <line num="9" count="9" type="stmt"/>
      </file>
    </package>
    <package name="geis-browse.lib.actions">
      <metrics statements="5" coveredstatements="5" conditionals="0" coveredconditionals="0" methods="3" coveredmethods="2"/>
      <file name="actionFactory.ts" path="/Users/madshargreave/Projects/geis-labs/geis/packages/geis-browse/lib/actions/actionFactory.ts">
        <metrics statements="3" coveredstatements="3" conditionals="0" coveredconditionals="0" methods="3" coveredmethods="2"/>
        <line num="3" count="9" type="stmt"/>
        <line num="8" count="9" type="stmt"/>
        <line num="13" count="9" type="stmt"/>
      </file>
      <file name="index.ts" path="/Users/madshargreave/Projects/geis-labs/geis/packages/geis-browse/lib/actions/index.ts">
        <metrics statements="2" coveredstatements="2" conditionals="0" coveredconditionals="0" methods="0" coveredmethods="0"/>
        <line num="1" count="9" type="stmt"/>
        <line num="2" count="9" type="stmt"/>
      </file>
    </package>
    <package name="geis-browse.lib.sessions">
      <metrics statements="13" coveredstatements="12" conditionals="2" coveredconditionals="2" methods="3" coveredmethods="2"/>
      <file name="index.ts" path="/Users/madshargreave/Projects/geis-labs/geis/packages/geis-browse/lib/sessions/index.ts">
        <metrics statements="5" coveredstatements="5" conditionals="0" coveredconditionals="0" methods="0" coveredmethods="0"/>
        <line num="1" count="9" type="stmt"/>
        <line num="2" count="9" type="stmt"/>
        <line num="3" count="9" type="stmt"/>
        <line num="4" count="9" type="stmt"/>
        <line num="5" count="9" type="stmt"/>
      </file>
      <file name="sessionEnums.ts" path="/Users/madshargreave/Projects/geis-labs/geis/packages/geis-browse/lib/sessions/sessionEnums.ts">
        <metrics statements="4" coveredstatements="4" conditionals="2" coveredconditionals="2" methods="1" coveredmethods="1"/>
        <line num="1" count="9" type="cond" truecount="2" falsecount="0"/>
        <line num="2" count="9" type="stmt"/>
        <line num="3" count="9" type="stmt"/>
        <line num="4" count="9" type="stmt"/>
      </file>
      <file name="sessionGuards.ts" path="/Users/madshargreave/Projects/geis-labs/geis/packages/geis-browse/lib/sessions/sessionGuards.ts">
        <metrics statements="4" coveredstatements="3" conditionals="0" coveredconditionals="0" methods="2" coveredmethods="1"/>
        <line num="7" count="9" type="stmt"/>
        <line num="8" count="14" type="stmt"/>
        <line num="11" count="9" type="stmt"/>
        <line num="12" count="0" type="stmt"/>
      </file>
    </package>
    <package name="geis-browse.lib.test">
      <metrics statements="51" coveredstatements="47" conditionals="28" coveredconditionals="18" methods="14" coveredmethods="12"/>
      <file name="index.ts" path="/Users/madshargreave/Projects/geis-labs/geis/packages/geis-browse/lib/test/index.ts">
        <metrics statements="3" coveredstatements="3" conditionals="0" coveredconditionals="0" methods="0" coveredmethods="0"/>
        <line num="1" count="9" type="stmt"/>
        <line num="2" count="9" type="stmt"/>
        <line num="3" count="9" type="stmt"/>
      </file>
      <file name="testGuards.ts" path="/Users/madshargreave/Projects/geis-labs/geis/packages/geis-browse/lib/test/testGuards.ts">
        <metrics statements="4" coveredstatements="4" conditionals="0" coveredconditionals="0" methods="2" coveredmethods="2"/>
        <line num="3" count="9" type="stmt"/>
        <line num="6" count="14" type="stmt"/>
        <line num="9" count="9" type="stmt"/>
        <line num="10" count="14" type="stmt"/>
      </file>
      <file name="testImpl.ts" path="/Users/madshargreave/Projects/geis-labs/geis/packages/geis-browse/lib/test/testImpl.ts">
        <metrics statements="30" coveredstatements="28" conditionals="20" coveredconditionals="11" methods="8" coveredmethods="6"/>
        <line num="2" count="9" type="stmt"/>
        <line num="3" count="9" type="stmt"/>
        <line num="4" count="9" type="stmt"/>
        <line num="12" count="9" type="stmt"/>
        <line num="15" count="9" type="stmt"/>
        <line num="16" count="14" type="stmt"/>
        <line num="20" count="14" type="stmt"/>
        <line num="21" count="14" type="cond" truecount="3" falsecount="1"/>
        <line num="22" count="14" type="stmt"/>
        <line num="26" count="14" type="cond" truecount="2" falsecount="0"/>
        <line num="27" count="14" type="stmt"/>
        <line num="29" count="14" type="stmt"/>
        <line num="30" count="4" type="cond" truecount="2" falsecount="0"/>
        <line num="31" count="1" type="stmt"/>
        <line num="33" count="3" type="stmt"/>
        <line num="34" count="3" type="stmt"/>
        <line num="35" count="3" type="stmt"/>
        <line num="38" count="14" type="stmt"/>
        <line num="39" count="14" type="stmt"/>
        <line num="41" count="14" type="cond" truecount="2" falsecount="0"/>
        <line num="42" count="1" type="stmt"/>
        <line num="46" count="13" type="stmt"/>
        <line num="49" count="29" type="stmt"/>
        <line num="50" count="0" type="cond" truecount="0" falsecount="4"/>
        <line num="51" count="0" type="cond" truecount="0" falsecount="4"/>
        <line num="54" count="13" type="stmt"/>
        <line num="56" count="30" type="cond" truecount="2" falsecount="0"/>
        <line num="58" count="1" type="stmt"/>
        <line num="60" count="29" type="stmt"/>
        <line num="66" count="13" type="stmt"/>
      </file>
      <file name="testProvider.ts" path="/Users/madshargreave/Projects/geis-labs/geis/packages/geis-browse/lib/test/testProvider.ts">
        <metrics statements="5" coveredstatements="5" conditionals="6" coveredconditionals="5" methods="2" coveredmethods="2"/>
        <line num="1" count="9" type="stmt"/>
        <line num="4" count="9" type="stmt"/>
        <line num="6" count="9" type="stmt"/>
        <line num="10" count="9" type="stmt"/>
        <line num="11" count="14" type="stmt"/>
      </file>
      <file name="testUtils.ts" path="/Users/madshargreave/Projects/geis-labs/geis/packages/geis-browse/lib/test/testUtils.ts">
        <metrics statements="9" coveredstatements="7" conditionals="2" coveredconditionals="2" methods="2" coveredmethods="2"/>
        <line num="2" count="9" type="stmt"/>
        <line num="5" count="9" type="stmt"/>
        <line num="6" count="14" type="cond" truecount="2" falsecount="0"/>
        <line num="7" count="12" type="stmt"/>
        <line num="9" count="2" type="stmt"/>
        <line num="10" count="2" type="stmt"/>
        <line num="11" count="2" type="stmt"/>
        <line num="13" count="0" type="stmt"/>
        <line num="14" count="0" type="stmt"/>
      </file>
    </package>
    <package name="geis-browse.test.support">
      <metrics statements="9" coveredstatements="9" conditionals="0" coveredconditionals="0" methods="2" coveredmethods="2"/>
      <file name="index.ts" path="/Users/madshargreave/Projects/geis-labs/geis/packages/geis-browse/test/support/index.ts">
        <metrics statements="1" coveredstatements="1" conditionals="0" coveredconditionals="0" methods="0" coveredmethods="0"/>
        <line num="1" count="1" type="stmt"/>
      </file>
      <file name="testAssertions.ts" path="/Users/madshargreave/Projects/geis-labs/geis/packages/geis-browse/test/support/testAssertions.ts">
        <metrics statements="8" coveredstatements="8" conditionals="0" coveredconditionals="0" methods="2" coveredmethods="2"/>
        <line num="1" count="1" type="stmt"/>
        <line num="2" count="1" type="stmt"/>
        <line num="4" count="1" type="stmt"/>
        <line num="5" count="1" type="stmt"/>
        <line num="6" count="1" type="stmt"/>
        <line num="7" count="1" type="stmt"/>
        <line num="8" count="1" type="stmt"/>
        <line num="10" count="1" type="stmt"/>
      </file>
    </package>
    <package name="geis-core.dist">
      <metrics statements="41" coveredstatements="25" conditionals="43" coveredconditionals="25" methods="19" coveredmethods="7"/>
      <file name="coreFactory.js" path="/Users/madshargreave/Projects/geis-labs/geis/packages/geis-core/dist/coreFactory.js">
        <metrics statements="29" coveredstatements="15" conditionals="27" coveredconditionals="14" methods="15" coveredmethods="4"/>
        <line num="2" count="18" type="cond" truecount="4" falsecount="1"/>
        <line num="3" count="0" type="cond" truecount="0" falsecount="2"/>
        <line num="4" count="0" type="stmt"/>
        <line num="6" count="0" type="cond" truecount="0" falsecount="2"/>
        <line num="7" count="0" type="stmt"/>
        <line num="9" count="18" type="cond" truecount="4" falsecount="1"/>
        <line num="10" count="0" type="stmt"/>
        <line num="12" count="0" type="stmt"/>
        <line num="14" count="18" type="cond" truecount="3" falsecount="0"/>
        <line num="15" count="18" type="cond" truecount="3" falsecount="1"/>
        <line num="16" count="0" type="stmt"/>
        <line num="17" count="0" type="cond" truecount="0" falsecount="6"/>
        <line num="18" count="0" type="stmt"/>
        <line num="19" count="0" type="stmt"/>
        <line num="21" count="18" type="stmt"/>
        <line num="22" count="18" type="stmt"/>
        <line num="23" count="18" type="stmt"/>
        <line num="24" count="18" type="stmt"/>
        <line num="25" count="18" type="stmt"/>
        <line num="27" count="0" type="stmt"/>
        <line num="29" count="18" type="stmt"/>
        <line num="31" count="0" type="stmt"/>
        <line num="33" count="18" type="stmt"/>
        <line num="34" count="18" type="stmt"/>
        <line num="36" count="0" type="stmt"/>
        <line num="38" count="18" type="stmt"/>
        <line num="39" count="18" type="stmt"/>
        <line num="41" count="0" type="stmt"/>
        <line num="43" count="18" type="stmt"/>
      </file>
      <file name="coreTypes.js" path="/Users/madshargreave/Projects/geis-labs/geis/packages/geis-core/dist/coreTypes.js">
        <metrics statements="1" coveredstatements="1" conditionals="0" coveredconditionals="0" methods="0" coveredmethods="0"/>
        <line num="2" count="18" type="stmt"/>
      </file>
      <file name="index.js" path="/Users/madshargreave/Projects/geis-labs/geis/packages/geis-core/dist/index.js">
        <metrics statements="11" coveredstatements="9" conditionals="16" coveredconditionals="11" methods="4" coveredmethods="3"/>
        <line num="2" count="18" type="cond" truecount="4" falsecount="1"/>
        <line num="3" count="144" type="cond" truecount="1" falsecount="1"/>
        <line num="4" count="144" type="stmt"/>
        <line num="6" count="0" type="cond" truecount="0" falsecount="2"/>
        <line num="7" count="0" type="stmt"/>
        <line num="9" count="18" type="cond" truecount="3" falsecount="0"/>
        <line num="10" count="144" type="cond" truecount="3" falsecount="1"/>
        <line num="12" count="18" type="stmt"/>
        <line num="13" count="18" type="stmt"/>
        <line num="14" count="18" type="stmt"/>
        <line num="15" count="18" type="stmt"/>
      </file>
    </package>
    <package name="geis-core.dist.validators">
      <metrics statements="19" coveredstatements="13" conditionals="16" coveredconditionals="11" methods="10" coveredmethods="3"/>
      <file name="index.js" path="/Users/madshargreave/Projects/geis-labs/geis/packages/geis-core/dist/validators/index.js">
        <metrics statements="9" coveredstatements="7" conditionals="16" coveredconditionals="11" methods="4" coveredmethods="3"/>
        <line num="2" count="18" type="cond" truecount="4" falsecount="1"/>
        <line num="3" count="72" type="cond" truecount="1" falsecount="1"/>
        <line num="4" count="72" type="stmt"/>
        <line num="6" count="0" type="cond" truecount="0" falsecount="2"/>
        <line num="7" count="0" type="stmt"/>
        <line num="9" count="18" type="cond" truecount="3" falsecount="0"/>
        <line num="10" count="72" type="cond" truecount="3" falsecount="1"/>
        <line num="12" count="18" type="stmt"/>
        <line num="13" count="18" type="stmt"/>
      </file>
      <file name="validatorFacade.js" path="/Users/madshargreave/Projects/geis-labs/geis/packages/geis-core/dist/validators/validatorFacade.js">
        <metrics statements="10" coveredstatements="6" conditionals="0" coveredconditionals="0" methods="6" coveredmethods="0"/>
        <line num="2" count="18" type="stmt"/>
        <line num="3" count="18" type="stmt"/>
        <line num="5" count="0" type="stmt"/>
        <line num="7" count="18" type="stmt"/>
        <line num="9" count="0" type="stmt"/>
        <line num="11" count="18" type="stmt"/>
        <line num="13" count="0" type="stmt"/>
        <line num="15" count="18" type="stmt"/>
        <line num="17" count="0" type="stmt"/>
        <line num="19" count="18" type="stmt"/>
      </file>
    </package>
    <package name="geis-file.dist">
      <metrics statements="43" coveredstatements="36" conditionals="21" coveredconditionals="14" methods="11" coveredmethods="7"/>
      <file name="fileAdapter.js" path="/Users/madshargreave/Projects/geis-labs/geis/packages/geis-file/dist/fileAdapter.js">
        <metrics statements="1" coveredstatements="1" conditionals="0" coveredconditionals="0" methods="0" coveredmethods="0"/>
        <line num="2" count="18" type="stmt"/>
      </file>
      <file name="fileFacade.js" path="/Users/madshargreave/Projects/geis-labs/geis/packages/geis-file/dist/fileFacade.js">
        <metrics statements="14" coveredstatements="9" conditionals="5" coveredconditionals="3" methods="4" coveredmethods="1"/>
        <line num="2" count="18" type="cond" truecount="3" falsecount="0"/>
        <line num="3" count="0" type="cond" truecount="0" falsecount="2"/>
        <line num="4" count="0" type="stmt"/>
        <line num="6" count="0" type="stmt"/>
        <line num="9" count="18" type="stmt"/>
        <line num="10" count="18" type="stmt"/>
        <line num="11" count="18" type="stmt"/>
        <line num="14" count="0" type="stmt"/>
        <line num="17" count="0" type="stmt"/>
        <line num="20" count="18" type="stmt"/>
        <line num="21" count="18" type="stmt"/>
        <line num="23" count="4" type="stmt"/>
        <line num="24" count="4" type="stmt"/>
        <line num="26" count="18" type="stmt"/>
      </file>
      <file name="fileFactory.js" path="/Users/madshargreave/Projects/geis-labs/geis/packages/geis-file/dist/fileFactory.js">
        <metrics statements="4" coveredstatements="4" conditionals="0" coveredconditionals="0" methods="1" coveredmethods="1"/>
        <line num="2" count="18" type="stmt"/>
        <line num="3" count="18" type="stmt"/>
        <line num="5" count="4" type="stmt"/>
        <line num="10" count="18" type="stmt"/>
      </file>
      <file name="fileService.js" path="/Users/madshargreave/Projects/geis-labs/geis/packages/geis-file/dist/fileService.js">
        <metrics statements="11" coveredstatements="11" conditionals="0" coveredconditionals="0" methods="2" coveredmethods="2"/>
        <line num="2" count="18" type="stmt"/>
        <line num="3" count="18" type="stmt"/>
        <line num="4" count="18" type="stmt"/>
        <line num="5" count="18" type="stmt"/>
        <line num="6" count="18" type="stmt"/>
        <line num="9" count="4" type="stmt"/>
        <line num="12" count="4" type="stmt"/>
        <line num="13" count="4" type="stmt"/>
        <line num="14" count="4" type="stmt"/>
        <line num="15" count="4" type="stmt"/>
        <line num="18" count="18" type="stmt"/>
      </file>
      <file name="fileTypes.js" path="/Users/madshargreave/Projects/geis-labs/geis/packages/geis-file/dist/fileTypes.js">
        <metrics statements="1" coveredstatements="1" conditionals="0" coveredconditionals="0" methods="0" coveredmethods="0"/>
        <line num="2" count="18" type="stmt"/>
      </file>
      <file name="index.js" path="/Users/madshargreave/Projects/geis-labs/geis/packages/geis-file/dist/index.js">
        <metrics statements="12" coveredstatements="10" conditionals="16" coveredconditionals="11" methods="4" coveredmethods="3"/>
        <line num="2" count="18" type="cond" truecount="4" falsecount="1"/>
        <line num="3" count="54" type="cond" truecount="1" falsecount="1"/>
        <line num="4" count="54" type="stmt"/>
        <line num="6" count="0" type="cond" truecount="0" falsecount="2"/>
        <line num="7" count="0" type="stmt"/>
        <line num="9" count="18" type="cond" truecount="3" falsecount="0"/>
        <line num="10" count="72" type="cond" truecount="3" falsecount="1"/>
        <line num="12" count="18" type="stmt"/>
        <line num="13" count="18" type="stmt"/>
        <line num="14" count="18" type="stmt"/>
        <line num="15" count="18" type="stmt"/>
        <line num="16" count="18" type="stmt"/>
      </file>
    </package>
    <package name="geis-file.dist.downloads">
      <metrics statements="33" coveredstatements="26" conditionals="36" coveredconditionals="26" methods="16" coveredmethods="10"/>
      <file name="downloadFactory.js" path="/Users/madshargreave/Projects/geis-labs/geis/packages/geis-file/dist/downloads/downloadFactory.js">
        <metrics statements="22" coveredstatements="17" conditionals="20" coveredconditionals="15" methods="12" coveredmethods="7"/>
        <line num="2" count="18" type="cond" truecount="3" falsecount="0"/>
        <line num="3" count="0" type="cond" truecount="0" falsecount="2"/>
        <line num="4" count="4" type="cond" truecount="2" falsecount="0"/>
        <line num="5" count="0" type="stmt"/>
        <line num="6" count="0" type="stmt"/>
        <line num="7" count="4" type="cond" truecount="1" falsecount="1"/>
        <line num="8" count="4" type="cond" truecount="2" falsecount="0"/>
        <line num="11" count="18" type="cond" truecount="3" falsecount="0"/>
        <line num="12" count="36" type="cond" truecount="3" falsecount="1"/>
        <line num="14" count="18" type="stmt"/>
        <line num="15" count="18" type="stmt"/>
        <line num="16" count="18" type="stmt"/>
        <line num="17" count="18" type="stmt"/>
        <line num="19" count="4" type="stmt"/>
        <line num="20" count="4" type="stmt"/>
        <line num="21" count="4" type="stmt"/>
        <line num="22" count="4" type="cond" truecount="1" falsecount="1"/>
        <line num="23" count="4" type="stmt"/>
        <line num="24" count="4" type="stmt"/>
        <line num="26" count="0" type="stmt"/>
        <line num="28" count="0" type="stmt"/>
        <line num="33" count="18" type="stmt"/>
      </file>
      <file name="downloadTypes.js" path="/Users/madshargreave/Projects/geis-labs/geis/packages/geis-file/dist/downloads/downloadTypes.js">
        <metrics statements="1" coveredstatements="1" conditionals="0" coveredconditionals="0" methods="0" coveredmethods="0"/>
        <line num="2" count="18" type="stmt"/>
      </file>
      <file name="index.js" path="/Users/madshargreave/Projects/geis-labs/geis/packages/geis-file/dist/downloads/index.js">
        <metrics statements="10" coveredstatements="8" conditionals="16" coveredconditionals="11" methods="4" coveredmethods="3"/>
        <line num="2" count="18" type="cond" truecount="4" falsecount="1"/>
        <line num="3" count="18" type="cond" truecount="1" falsecount="1"/>
        <line num="4" count="18" type="stmt"/>
        <line num="6" count="0" type="cond" truecount="0" falsecount="2"/>
        <line num="7" count="0" type="stmt"/>
        <line num="9" count="18" type="cond" truecount="3" falsecount="0"/>
        <line num="10" count="36" type="cond" truecount="3" falsecount="1"/>
        <line num="12" count="18" type="stmt"/>
        <line num="13" count="18" type="stmt"/>
        <line num="14" count="18" type="stmt"/>
      </file>
    </package>
    <package name="geis-file.dist.local">
      <metrics statements="41" coveredstatements="30" conditionals="38" coveredconditionals="28" methods="21" coveredmethods="14"/>
      <file name="index.js" path="/Users/madshargreave/Projects/geis-labs/geis/packages/geis-file/dist/local/index.js">
        <metrics statements="9" coveredstatements="7" conditionals="16" coveredconditionals="11" methods="4" coveredmethods="3"/>
        <line num="2" count="18" type="cond" truecount="4" falsecount="1"/>
        <line num="3" count="18" type="cond" truecount="1" falsecount="1"/>
        <line num="4" count="18" type="stmt"/>
        <line num="6" count="0" type="cond" truecount="0" falsecount="2"/>
        <line num="7" count="0" type="stmt"/>
        <line num="9" count="18" type="cond" truecount="3" falsecount="0"/>
        <line num="10" count="18" type="cond" truecount="3" falsecount="1"/>
        <line num="12" count="18" type="stmt"/>
        <line num="13" count="18" type="stmt"/>
      </file>
      <file name="localImpl.js" path="/Users/madshargreave/Projects/geis-labs/geis/packages/geis-file/dist/local/localImpl.js">
        <metrics statements="32" coveredstatements="23" conditionals="22" coveredconditionals="17" methods="17" coveredmethods="11"/>
        <line num="2" count="18" type="cond" truecount="3" falsecount="0"/>
        <line num="3" count="4" type="cond" truecount="1" falsecount="1"/>
        <line num="4" count="4" type="cond" truecount="2" falsecount="0"/>
        <line num="5" count="4" type="stmt"/>
        <line num="6" count="0" type="stmt"/>
        <line num="7" count="8" type="cond" truecount="2" falsecount="0"/>
        <line num="8" count="4" type="cond" truecount="2" falsecount="0"/>
        <line num="11" count="18" type="cond" truecount="3" falsecount="0"/>
        <line num="12" count="54" type="cond" truecount="3" falsecount="1"/>
        <line num="14" count="18" type="stmt"/>
        <line num="15" count="18" type="stmt"/>
        <line num="16" count="18" type="stmt"/>
        <line num="17" count="18" type="stmt"/>
        <line num="18" count="18" type="stmt"/>
        <line num="21" count="17" type="stmt"/>
        <line num="24" count="4" type="stmt"/>
        <line num="25" count="4" type="stmt"/>
        <line num="26" count="4" type="stmt"/>
        <line num="27" count="4" type="cond" truecount="1" falsecount="1"/>
        <line num="28" count="0" type="stmt"/>
        <line num="29" count="0" type="stmt"/>
        <line num="30" count="0" type="cond" truecount="0" falsecount="2"/>
        <line num="31" count="0" type="stmt"/>
        <line num="33" count="0" type="stmt"/>
        <line num="40" count="4" type="stmt"/>
        <line num="41" count="4" type="stmt"/>
        <line num="43" count="4" type="stmt"/>
        <line num="44" count="4" type="stmt"/>
        <line num="47" count="0" type="stmt"/>
        <line num="48" count="0" type="stmt"/>
        <line num="49" count="0" type="stmt"/>
        <line num="55" count="18" type="stmt"/>
      </file>
    </package>
    <package name="geis-file.dist.uploads">
      <metrics statements="14" coveredstatements="12" conditionals="16" coveredconditionals="12" methods="5" coveredmethods="4"/>
      <file name="index.js" path="/Users/madshargreave/Projects/geis-labs/geis/packages/geis-file/dist/uploads/index.js">
        <metrics statements="10" coveredstatements="8" conditionals="16" coveredconditionals="12" methods="4" coveredmethods="3"/>
        <line num="2" count="18" type="cond" truecount="4" falsecount="1"/>
        <line num="3" count="18" type="cond" truecount="1" falsecount="1"/>
        <line num="4" count="18" type="stmt"/>
        <line num="6" count="0" type="cond" truecount="0" falsecount="2"/>
        <line num="7" count="0" type="stmt"/>
        <line num="9" count="18" type="cond" truecount="3" falsecount="0"/>
        <line num="10" count="36" type="cond" truecount="4" falsecount="0"/>
        <line num="12" count="18" type="stmt"/>
        <line num="13" count="18" type="stmt"/>
        <line num="14" count="18" type="stmt"/>
      </file>
      <file name="uploadFactory.js" path="/Users/madshargreave/Projects/geis-labs/geis/packages/geis-file/dist/uploads/uploadFactory.js">
        <metrics statements="4" coveredstatements="4" conditionals="0" coveredconditionals="0" methods="1" coveredmethods="1"/>
        <line num="2" count="18" type="stmt"/>
        <line num="3" count="18" type="stmt"/>
        <line num="5" count="4" type="stmt"/>
        <line num="11" count="18" type="stmt"/>
      </file>
    </package>
    <package name="geis-html.dist">
      <metrics statements="68" coveredstatements="53" conditionals="60" coveredconditionals="34" methods="19" coveredmethods="14"/>
      <file name="htmlConfig.js" path="/Users/madshargreave/Projects/geis-labs/geis/packages/geis-html/dist/htmlConfig.js">
        <metrics statements="1" coveredstatements="1" conditionals="0" coveredconditionals="0" methods="0" coveredmethods="0"/>
        <line num="2" count="10" type="stmt"/>
      </file>
      <file name="htmlFacade.js" path="/Users/madshargreave/Projects/geis-labs/geis/packages/geis-html/dist/htmlFacade.js">
        <metrics statements="39" coveredstatements="26" conditionals="33" coveredconditionals="16" methods="12" coveredmethods="8"/>
        <line num="2" count="10" type="cond" truecount="3" falsecount="0"/>
        <line num="3" count="10" type="cond" truecount="1" falsecount="3"/>
        <line num="4" count="10" type="cond" truecount="3" falsecount="1"/>
        <line num="5" count="0" type="cond" truecount="0" falsecount="8"/>
        <line num="6" count="10" type="cond" truecount="1" falsecount="2"/>
        <line num="8" count="10" type="cond" truecount="3" falsecount="0"/>
        <line num="9" count="20" type="cond" truecount="4" falsecount="0"/>
        <line num="11" count="10" type="stmt"/>
        <line num="12" count="10" type="stmt"/>
        <line num="13" count="10" type="stmt"/>
        <line num="14" count="10" type="stmt"/>
        <line num="15" count="10" type="stmt"/>
        <line num="16" count="10" type="stmt"/>
        <line num="17" count="10" type="stmt"/>
        <line num="18" count="10" type="stmt"/>
        <line num="19" count="10" type="stmt"/>
        <line num="20" count="10" type="stmt"/>
        <line num="21" count="10" type="stmt"/>
        <line num="23" count="38" type="stmt"/>
        <line num="26" count="16" type="stmt"/>
        <line num="29" count="2" type="stmt"/>
        <line num="32" count="0" type="stmt"/>
        <line num="35" count="0" type="stmt"/>
        <line num="36" count="0" type="stmt"/>
        <line num="37" count="0" type="stmt"/>
        <line num="39" count="0" type="stmt"/>
        <line num="42" count="4" type="stmt"/>
        <line num="45" count="2" type="cond" truecount="1" falsecount="1"/>
        <line num="46" count="0" type="stmt"/>
        <line num="48" count="2" type="stmt"/>
        <line num="51" count="0" type="cond" truecount="0" falsecount="2"/>
        <line num="52" count="0" type="stmt"/>
        <line num="55" count="0" type="stmt"/>
        <line num="56" count="0" type="stmt"/>
        <line num="57" count="0" type="stmt"/>
        <line num="60" count="0" type="stmt"/>
        <line num="63" count="2" type="stmt"/>
        <line num="66" count="10" type="stmt"/>
        <line num="69" count="10" type="stmt"/>
      </file>
      <file name="htmlProvider.js" path="/Users/madshargreave/Projects/geis-labs/geis/packages/geis-html/dist/htmlProvider.js">
        <metrics statements="14" coveredstatements="14" conditionals="11" coveredconditionals="7" methods="3" coveredmethods="3"/>
        <line num="2" count="10" type="cond" truecount="3" falsecount="0"/>
        <line num="3" count="10" type="cond" truecount="3" falsecount="1"/>
        <line num="5" count="10" type="stmt"/>
        <line num="6" count="10" type="stmt"/>
        <line num="7" count="10" type="stmt"/>
        <line num="8" count="10" type="stmt"/>
        <line num="9" count="10" type="stmt"/>
        <line num="11" count="34" type="stmt"/>
        <line num="12" count="34" type="stmt"/>
        <line num="13" count="34" type="stmt"/>
        <line num="14" count="38" type="cond" truecount="1" falsecount="1"/>
        <line num="15" count="38" type="stmt"/>
        <line num="17" count="34" type="stmt"/>
        <line num="19" count="10" type="stmt"/>
      </file>
      <file name="htmlTypes.js" path="/Users/madshargreave/Projects/geis-labs/geis/packages/geis-html/dist/htmlTypes.js">
        <metrics statements="1" coveredstatements="1" conditionals="0" coveredconditionals="0" methods="0" coveredmethods="0"/>
        <line num="2" count="10" type="stmt"/>
      </file>
      <file name="index.js" path="/Users/madshargreave/Projects/geis-labs/geis/packages/geis-html/dist/index.js">
        <metrics statements="13" coveredstatements="11" conditionals="16" coveredconditionals="11" methods="4" coveredmethods="3"/>
        <line num="2" count="10" type="cond" truecount="4" falsecount="1"/>
        <line num="3" count="30" type="cond" truecount="1" falsecount="1"/>
        <line num="4" count="36" type="stmt"/>
        <line num="6" count="0" type="cond" truecount="0" falsecount="2"/>
        <line num="7" count="0" type="stmt"/>
        <line num="9" count="10" type="cond" truecount="3" falsecount="0"/>
        <line num="10" count="50" type="cond" truecount="3" falsecount="1"/>
        <line num="12" count="10" type="stmt"/>
        <line num="13" count="10" type="stmt"/>
        <line num="14" count="10" type="stmt"/>
        <line num="15" count="10" type="stmt"/>
        <line num="16" count="10" type="stmt"/>
        <line num="17" count="10" type="stmt"/>
      </file>
    </package>
    <package name="geis-html.dist.boolean">
      <metrics statements="10" coveredstatements="4" conditionals="8" coveredconditionals="0" methods="1" coveredmethods="0"/>
      <file name="booleanHelpers.js" path="/Users/madshargreave/Projects/geis-labs/geis/packages/geis-html/dist/boolean/booleanHelpers.js">
        <metrics statements="10" coveredstatements="4" conditionals="8" coveredconditionals="0" methods="1" coveredmethods="0"/>
        <line num="2" count="10" type="stmt"/>
        <line num="3" count="10" type="stmt"/>
        <line num="4" count="10" type="stmt"/>
        <line num="7" count="0" type="cond" truecount="0" falsecount="2"/>
        <line num="8" count="0" type="stmt"/>
        <line num="10" count="0" type="stmt"/>
        <line num="11" count="0" type="cond" truecount="0" falsecount="4"/>
        <line num="12" count="0" type="stmt"/>
        <line num="13" count="0" type="cond" truecount="0" falsecount="2"/>
        <line num="15" count="10" type="stmt"/>
      </file>
    </package>
    <package name="geis-html.dist.file">
      <metrics statements="9" coveredstatements="8" conditionals="4" coveredconditionals="3" methods="1" coveredmethods="1"/>
      <file name="fileHelpers.js" path="/Users/madshargreave/Projects/geis-labs/geis/packages/geis-html/dist/file/fileHelpers.js">
        <metrics statements="9" coveredstatements="8" conditionals="4" coveredconditionals="3" methods="1" coveredmethods="1"/>
        <line num="2" count="10" type="stmt"/>
        <line num="3" count="10" type="stmt"/>
        <line num="4" count="10" type="stmt"/>
        <line num="6" count="2" type="stmt"/>
        <line num="7" count="2" type="cond" truecount="3" falsecount="1"/>
        <line num="8" count="0" type="stmt"/>
        <line num="10" count="2" type="stmt"/>
        <line num="14" count="2" type="stmt"/>
        <line num="16" count="10" type="stmt"/>
      </file>
    </package>
    <package name="geis-html.dist.integer">
      <metrics statements="10" coveredstatements="9" conditionals="4" coveredconditionals="2" methods="1" coveredmethods="1"/>
      <file name="integerHelpers.js" path="/Users/madshargreave/Projects/geis-labs/geis/packages/geis-html/dist/integer/integerHelpers.js">
        <metrics statements="10" coveredstatements="9" conditionals="4" coveredconditionals="2" methods="1" coveredmethods="1"/>
        <line num="2" count="10" type="stmt"/>
        <line num="3" count="10" type="stmt"/>
        <line num="4" count="10" type="stmt"/>
        <line num="6" count="2" type="cond" truecount="1" falsecount="1"/>
        <line num="7" count="0" type="stmt"/>
        <line num="9" count="2" type="stmt"/>
        <line num="10" count="2" type="stmt"/>
        <line num="11" count="2" type="stmt"/>
        <line num="12" count="2" type="cond" truecount="1" falsecount="1"/>
        <line num="14" count="10" type="stmt"/>
      </file>
    </package>
    <package name="geis-html.dist.iterator">
      <metrics statements="6" coveredstatements="6" conditionals="0" coveredconditionals="0" methods="2" coveredmethods="2"/>
      <file name="iteratorHelpers.js" path="/Users/madshargreave/Projects/geis-labs/geis/packages/geis-html/dist/iterator/iteratorHelpers.js">
        <metrics statements="6" coveredstatements="6" conditionals="0" coveredconditionals="0" methods="2" coveredmethods="2"/>
        <line num="2" count="10" type="stmt"/>
        <line num="3" count="10" type="stmt"/>
        <line num="5" count="2" type="stmt"/>
        <line num="6" count="4" type="stmt"/>
        <line num="8" count="2" type="stmt"/>
        <line num="10" count="10" type="stmt"/>
      </file>
    </package>
    <package name="geis-html.dist.link">
      <metrics statements="39" coveredstatements="26" conditionals="47" coveredconditionals="28" methods="12" coveredmethods="5"/>
      <file name="index.js" path="/Users/madshargreave/Projects/geis-labs/geis/packages/geis-html/dist/link/index.js">
        <metrics statements="10" coveredstatements="8" conditionals="16" coveredconditionals="11" methods="4" coveredmethods="3"/>
        <line num="2" count="10" type="cond" truecount="4" falsecount="1"/>
        <line num="3" count="10" type="cond" truecount="1" falsecount="1"/>
        <line num="4" count="10" type="stmt"/>
        <line num="6" count="0" type="cond" truecount="0" falsecount="2"/>
        <line num="7" count="0" type="stmt"/>
        <line num="9" count="10" type="cond" truecount="3" falsecount="0"/>
        <line num="10" count="20" type="cond" truecount="3" falsecount="1"/>
        <line num="12" count="10" type="stmt"/>
        <line num="13" count="10" type="stmt"/>
        <line num="14" count="10" type="stmt"/>
      </file>
      <file name="linkHelpers.js" path="/Users/madshargreave/Projects/geis-labs/geis/packages/geis-html/dist/link/linkHelpers.js">
        <metrics statements="9" coveredstatements="8" conditionals="4" coveredconditionals="3" methods="1" coveredmethods="1"/>
        <line num="2" count="10" type="stmt"/>
        <line num="3" count="10" type="stmt"/>
        <line num="5" count="4" type="cond" truecount="1" falsecount="1"/>
        <line num="6" count="0" type="stmt"/>
        <line num="8" count="4" type="stmt"/>
        <line num="9" count="4" type="cond" truecount="2" falsecount="0"/>
        <line num="10" count="1" type="stmt"/>
        <line num="12" count="3" type="stmt"/>
        <line num="14" count="10" type="stmt"/>
      </file>
      <file name="linkProvider.js" path="/Users/madshargreave/Projects/geis-labs/geis/packages/geis-html/dist/link/linkProvider.js">
        <metrics statements="19" coveredstatements="9" conditionals="27" coveredconditionals="14" methods="7" coveredmethods="1"/>
        <line num="2" count="10" type="cond" truecount="4" falsecount="1"/>
        <line num="3" count="0" type="cond" truecount="0" falsecount="2"/>
        <line num="4" count="0" type="stmt"/>
        <line num="6" count="0" type="cond" truecount="0" falsecount="2"/>
        <line num="7" count="0" type="stmt"/>
        <line num="9" count="10" type="cond" truecount="4" falsecount="1"/>
        <line num="10" count="0" type="stmt"/>
        <line num="12" count="0" type="stmt"/>
        <line num="14" count="10" type="cond" truecount="3" falsecount="0"/>
        <line num="15" count="10" type="cond" truecount="3" falsecount="1"/>
        <line num="16" count="0" type="stmt"/>
        <line num="17" count="0" type="cond" truecount="0" falsecount="6"/>
        <line num="18" count="0" type="stmt"/>
        <line num="19" count="0" type="stmt"/>
        <line num="21" count="10" type="stmt"/>
        <line num="22" count="10" type="stmt"/>
        <line num="23" count="10" type="stmt"/>
        <line num="24" count="10" type="stmt"/>
        <line num="31" count="10" type="stmt"/>
      </file>
      <file name="linkTypes.js" path="/Users/madshargreave/Projects/geis-labs/geis/packages/geis-html/dist/link/linkTypes.js">
        <metrics statements="1" coveredstatements="1" conditionals="0" coveredconditionals="0" methods="0" coveredmethods="0"/>
        <line num="2" count="10" type="stmt"/>
      </file>
    </package>
    <package name="geis-html.dist.string">
      <metrics statements="7" coveredstatements="7" conditionals="2" coveredconditionals="2" methods="1" coveredmethods="1"/>
      <file name="stringHelpers.js" path="/Users/madshargreave/Projects/geis-labs/geis/packages/geis-html/dist/string/stringHelpers.js">
        <metrics statements="7" coveredstatements="7" conditionals="2" coveredconditionals="2" methods="1" coveredmethods="1"/>
        <line num="2" count="10" type="stmt"/>
        <line num="3" count="10" type="stmt"/>
        <line num="5" count="16" type="cond" truecount="2" falsecount="0"/>
        <line num="6" count="1" type="stmt"/>
        <line num="8" count="15" type="stmt"/>
        <line num="9" count="15" type="stmt"/>
        <line num="11" count="10" type="stmt"/>
      </file>
    </package>
    <package name="geis-html.lib">
      <metrics statements="43" coveredstatements="37" conditionals="8" coveredconditionals="5" methods="12" coveredmethods="11"/>
      <file name="htmlFacade.ts" path="/Users/madshargreave/Projects/geis-labs/geis/packages/geis-html/lib/htmlFacade.ts">
        <metrics statements="28" coveredstatements="22" conditionals="4" coveredconditionals="2" methods="10" coveredmethods="9"/>
        <line num="2" count="8" type="stmt"/>
        <line num="3" count="8" type="stmt"/>
        <line num="4" count="8" type="stmt"/>
        <line num="7" count="8" type="stmt"/>
        <line num="8" count="8" type="stmt"/>
        <line num="9" count="8" type="stmt"/>
        <line num="10" count="8" type="stmt"/>
        <line num="11" count="8" type="stmt"/>
        <line num="14" count="8" type="stmt"/>
        <line num="15" count="28" type="stmt"/>
        <line num="18" count="3" type="stmt"/>
        <line num="22" count="6" type="stmt"/>
        <line num="26" count="6" type="stmt"/>
        <line num="30" count="0" type="stmt"/>
        <line num="31" count="0" type="stmt"/>
        <line num="32" count="0" type="stmt"/>
        <line num="34" count="0" type="stmt"/>
        <line num="38" count="5" type="stmt"/>
        <line num="42" count="2" type="cond" truecount="1" falsecount="1"/>
        <line num="43" count="0" type="stmt"/>
        <line num="45" count="2" type="stmt"/>
        <line num="49" count="1" type="cond" truecount="1" falsecount="1"/>
        <line num="50" count="0" type="stmt"/>
        <line num="53" count="1" type="stmt"/>
        <line num="54" count="1" type="stmt"/>
        <line num="55" count="1" type="stmt"/>
        <line num="59" count="5" type="stmt"/>
        <line num="63" count="2" type="stmt"/>
      </file>
      <file name="htmlProvider.ts" path="/Users/madshargreave/Projects/geis-labs/geis/packages/geis-html/lib/htmlProvider.ts">
        <metrics statements="10" coveredstatements="10" conditionals="4" coveredconditionals="3" methods="2" coveredmethods="2"/>
        <line num="1" count="8" type="stmt"/>
        <line num="2" count="8" type="stmt"/>
        <line num="4" count="8" type="stmt"/>
        <line num="7" count="8" type="stmt"/>
        <line num="12" count="20" type="stmt"/>
        <line num="13" count="20" type="stmt"/>
        <line num="14" count="20" type="stmt"/>
        <line num="15" count="28" type="cond" truecount="2" falsecount="0"/>
        <line num="16" count="28" type="stmt"/>
        <line num="19" count="20" type="stmt"/>
      </file>
      <file name="index.ts" path="/Users/madshargreave/Projects/geis-labs/geis/packages/geis-html/lib/index.ts">
        <metrics statements="5" coveredstatements="5" conditionals="0" coveredconditionals="0" methods="0" coveredmethods="0"/>
        <line num="1" count="8" type="stmt"/>
        <line num="2" count="8" type="stmt"/>
        <line num="3" count="8" type="stmt"/>
        <line num="4" count="8" type="stmt"/>
        <line num="5" count="8" type="stmt"/>
      </file>
    </package>
    <package name="geis-html.lib.boolean">
      <metrics statements="8" coveredstatements="8" conditionals="8" coveredconditionals="8" methods="1" coveredmethods="1"/>
      <file name="booleanHelpers.ts" path="/Users/madshargreave/Projects/geis-labs/geis/packages/geis-html/lib/boolean/booleanHelpers.ts">
        <metrics statements="8" coveredstatements="8" conditionals="8" coveredconditionals="8" methods="1" coveredmethods="1"/>
        <line num="1" count="8" type="stmt"/>
        <line num="4" count="8" type="stmt"/>
        <line num="5" count="6" type="cond" truecount="2" falsecount="0"/>
        <line num="6" count="1" type="stmt"/>
        <line num="8" count="5" type="stmt"/>
        <line num="9" count="5" type="cond" truecount="4" falsecount="0"/>
        <line num="10" count="5" type="stmt"/>
        <line num="11" count="5" type="cond" truecount="2" falsecount="0"/>
      </file>
    </package>
    <package name="geis-html.lib.file">
      <metrics statements="7" coveredstatements="6" conditionals="4" coveredconditionals="3" methods="1" coveredmethods="1"/>
      <file name="fileHelpers.ts" path="/Users/madshargreave/Projects/geis-labs/geis/packages/geis-html/lib/file/fileHelpers.ts">
        <metrics statements="7" coveredstatements="6" conditionals="4" coveredconditionals="3" methods="1" coveredmethods="1"/>
        <line num="1" count="8" type="stmt"/>
        <line num="4" count="8" type="stmt"/>
        <line num="5" count="2" type="stmt"/>
        <line num="6" count="2" type="cond" truecount="3" falsecount="1"/>
        <line num="7" count="0" type="stmt"/>
        <line num="9" count="2" type="stmt"/>
        <line num="13" count="2" type="stmt"/>
      </file>
    </package>
    <package name="geis-html.lib.integer">
      <metrics statements="8" coveredstatements="8" conditionals="4" coveredconditionals="4" methods="1" coveredmethods="1"/>
      <file name="integerHelpers.ts" path="/Users/madshargreave/Projects/geis-labs/geis/packages/geis-html/lib/integer/integerHelpers.ts">
        <metrics statements="8" coveredstatements="8" conditionals="4" coveredconditionals="4" methods="1" coveredmethods="1"/>
        <line num="1" count="8" type="stmt"/>
        <line num="4" count="8" type="stmt"/>
        <line num="5" count="6" type="cond" truecount="2" falsecount="0"/>
        <line num="6" count="1" type="stmt"/>
        <line num="8" count="5" type="stmt"/>
        <line num="9" count="5" type="stmt"/>
        <line num="10" count="5" type="stmt"/>
        <line num="11" count="5" type="cond" truecount="2" falsecount="0"/>
      </file>
    </package>
    <package name="geis-html.lib.iterator">
      <metrics statements="4" coveredstatements="4" conditionals="0" coveredconditionals="0" methods="2" coveredmethods="2"/>
      <file name="iteratorHelpers.ts" path="/Users/madshargreave/Projects/geis-labs/geis/packages/geis-html/lib/iterator/iteratorHelpers.ts">
        <metrics statements="4" coveredstatements="4" conditionals="0" coveredconditionals="0" methods="2" coveredmethods="2"/>
        <line num="4" count="8" type="stmt"/>
        <line num="5" count="2" type="stmt"/>
        <line num="6" count="3" type="stmt"/>
        <line num="8" count="2" type="stmt"/>
      </file>
    </package>
    <package name="geis-html.lib.link">
      <metrics statements="11" coveredstatements="11" conditionals="4" coveredconditionals="4" methods="2" coveredmethods="1"/>
      <file name="index.ts" path="/Users/madshargreave/Projects/geis-labs/geis/packages/geis-html/lib/link/index.ts">
        <metrics statements="2" coveredstatements="2" conditionals="0" coveredconditionals="0" methods="0" coveredmethods="0"/>
        <line num="1" count="8" type="stmt"/>
        <line num="2" count="8" type="stmt"/>
      </file>
      <file name="linkHelpers.ts" path="/Users/madshargreave/Projects/geis-labs/geis/packages/geis-html/lib/link/linkHelpers.ts">
        <metrics statements="7" coveredstatements="7" conditionals="4" coveredconditionals="4" methods="1" coveredmethods="1"/>
        <line num="3" count="8" type="stmt"/>
        <line num="4" count="5" type="cond" truecount="2" falsecount="0"/>
        <line num="5" count="1" type="stmt"/>
        <line num="7" count="4" type="stmt"/>
        <line num="8" count="4" type="cond" truecount="2" falsecount="0"/>
        <line num="9" count="1" type="stmt"/>
        <line num="11" count="3" type="stmt"/>
      </file>
      <file name="linkProvider.ts" path="/Users/madshargreave/Projects/geis-labs/geis/packages/geis-html/lib/link/linkProvider.ts">
        <metrics statements="2" coveredstatements="2" conditionals="0" coveredconditionals="0" methods="1" coveredmethods="0"/>
        <line num="1" count="8" type="stmt"/>
        <line num="4" count="8" type="stmt"/>
      </file>
    </package>
    <package name="geis-html.lib.string">
      <metrics statements="5" coveredstatements="4" conditionals="2" coveredconditionals="1" methods="1" coveredmethods="1"/>
      <file name="stringHelpers.ts" path="/Users/madshargreave/Projects/geis-labs/geis/packages/geis-html/lib/string/stringHelpers.ts">
        <metrics statements="5" coveredstatements="4" conditionals="2" coveredconditionals="1" methods="1" coveredmethods="1"/>
        <line num="3" count="8" type="stmt"/>
        <line num="4" count="3" type="cond" truecount="1" falsecount="1"/>
        <line num="5" count="0" type="stmt"/>
        <line num="7" count="3" type="stmt"/>
        <line num="8" count="3" type="stmt"/>
      </file>
    </package>
    <package name="geis-html.test.support">
      <metrics statements="9" coveredstatements="9" conditionals="0" coveredconditionals="0" methods="2" coveredmethods="2"/>
      <file name="index.ts" path="/Users/madshargreave/Projects/geis-labs/geis/packages/geis-html/test/support/index.ts">
        <metrics statements="1" coveredstatements="1" conditionals="0" coveredconditionals="0" methods="0" coveredmethods="0"/>
        <line num="1" count="1" type="stmt"/>
      </file>
      <file name="testAssertions.ts" path="/Users/madshargreave/Projects/geis-labs/geis/packages/geis-html/test/support/testAssertions.ts">
        <metrics statements="8" coveredstatements="8" conditionals="0" coveredconditionals="0" methods="2" coveredmethods="2"/>
        <line num="1" count="1" type="stmt"/>
        <line num="2" count="1" type="stmt"/>
        <line num="4" count="1" type="stmt"/>
        <line num="5" count="1" type="stmt"/>
        <line num="6" count="1" type="stmt"/>
        <line num="7" count="1" type="stmt"/>
        <line num="8" count="1" type="stmt"/>
        <line num="10" count="1" type="stmt"/>
      </file>
    </package>
    <package name="geis-image.dist">
      <metrics statements="30" coveredstatements="18" conditionals="43" coveredconditionals="25" methods="11" coveredmethods="4"/>
      <file name="imageFacade.js" path="/Users/madshargreave/Projects/geis-labs/geis/packages/geis-image/dist/imageFacade.js">
        <metrics statements="19" coveredstatements="9" conditionals="27" coveredconditionals="14" methods="7" coveredmethods="1"/>
        <line num="2" count="1" type="cond" truecount="4" falsecount="1"/>
        <line num="3" count="0" type="cond" truecount="0" falsecount="2"/>
        <line num="4" count="0" type="stmt"/>
        <line num="6" count="0" type="cond" truecount="0" falsecount="2"/>
        <line num="7" count="0" type="stmt"/>
        <line num="9" count="1" type="cond" truecount="4" falsecount="1"/>
        <line num="10" count="0" type="stmt"/>
        <line num="12" count="0" type="stmt"/>
        <line num="14" count="1" type="cond" truecount="3" falsecount="0"/>
        <line num="15" count="1" type="cond" truecount="3" falsecount="1"/>
        <line num="16" count="0" type="stmt"/>
        <line num="17" count="0" type="cond" truecount="0" falsecount="6"/>
        <line num="18" count="0" type="stmt"/>
        <line num="19" count="0" type="stmt"/>
        <line num="21" count="1" type="stmt"/>
        <line num="22" count="1" type="stmt"/>
        <line num="23" count="1" type="stmt"/>
        <line num="24" count="1" type="stmt"/>
        <line num="30" count="1" type="stmt"/>
      </file>
      <file name="imageTypes.js" path="/Users/madshargreave/Projects/geis-labs/geis/packages/geis-image/dist/imageTypes.js">
        <metrics statements="1" coveredstatements="1" conditionals="0" coveredconditionals="0" methods="0" coveredmethods="0"/>
        <line num="2" count="1" type="stmt"/>
      </file>
      <file name="index.js" path="/Users/madshargreave/Projects/geis-labs/geis/packages/geis-image/dist/index.js">
        <metrics statements="10" coveredstatements="8" conditionals="16" coveredconditionals="11" methods="4" coveredmethods="3"/>
        <line num="2" count="1" type="cond" truecount="4" falsecount="1"/>
        <line num="3" count="1" type="cond" truecount="1" falsecount="1"/>
        <line num="4" count="1" type="stmt"/>
        <line num="6" count="0" type="cond" truecount="0" falsecount="2"/>
        <line num="7" count="0" type="stmt"/>
        <line num="9" count="1" type="cond" truecount="3" falsecount="0"/>
        <line num="10" count="2" type="cond" truecount="3" falsecount="1"/>
        <line num="12" count="1" type="stmt"/>
        <line num="13" count="1" type="stmt"/>
        <line num="14" count="1" type="stmt"/>
      </file>
    </package>
    <package name="geis-main.dist">
      <metrics statements="34" coveredstatements="32" conditionals="24" coveredconditionals="17" methods="12" coveredmethods="5"/>
      <file name="index.js" path="/Users/madshargreave/Projects/geis-labs/geis/packages/geis-main/dist/index.js">
        <metrics statements="22" coveredstatements="20" conditionals="16" coveredconditionals="11" methods="10" coveredmethods="3"/>
        <line num="2" count="1" type="cond" truecount="4" falsecount="1"/>
        <line num="3" count="1" type="cond" truecount="1" falsecount="1"/>
        <line num="4" count="1" type="stmt"/>
        <line num="6" count="0" type="cond" truecount="0" falsecount="2"/>
        <line num="7" count="0" type="stmt"/>
        <line num="9" count="1" type="cond" truecount="3" falsecount="0"/>
        <line num="10" count="2" type="cond" truecount="3" falsecount="1"/>
        <line num="12" count="1" type="stmt"/>
        <line num="13" count="1" type="stmt"/>
        <line num="14" count="1" type="stmt"/>
        <line num="15" count="1" type="stmt"/>
        <line num="16" count="1" type="stmt"/>
        <line num="17" count="1" type="stmt"/>
        <line num="18" count="1" type="stmt"/>
        <line num="19" count="1" type="stmt"/>
        <line num="20" count="1" type="stmt"/>
        <line num="21" count="1" type="stmt"/>
        <line num="22" count="1" type="stmt"/>
        <line num="23" count="1" type="stmt"/>
        <line num="24" count="1" type="stmt"/>
        <line num="25" count="1" type="stmt"/>
        <line num="26" count="1" type="stmt"/>
      </file>
      <file name="mainFacade.js" path="/Users/madshargreave/Projects/geis-labs/geis/packages/geis-main/dist/mainFacade.js">
        <metrics statements="11" coveredstatements="11" conditionals="8" coveredconditionals="6" methods="2" coveredmethods="2"/>
        <line num="2" count="1" type="cond" truecount="3" falsecount="0"/>
        <line num="3" count="1" type="cond" truecount="3" falsecount="1"/>
        <line num="5" count="1" type="stmt"/>
        <line num="6" count="1" type="stmt"/>
        <line num="7" count="1" type="stmt"/>
        <line num="8" count="1" type="stmt"/>
        <line num="9" count="1" type="stmt"/>
        <line num="10" count="1" type="stmt"/>
        <line num="11" count="1" type="stmt"/>
        <line num="18" count="1" type="stmt"/>
        <line num="31" count="1" type="stmt"/>
      </file>
      <file name="mainTypes.js" path="/Users/madshargreave/Projects/geis-labs/geis/packages/geis-main/dist/mainTypes.js">
        <metrics statements="1" coveredstatements="1" conditionals="0" coveredconditionals="0" methods="0" coveredmethods="0"/>
        <line num="2" count="1" type="stmt"/>
      </file>
    </package>
    <package name="geis-resource.dist">
      <metrics statements="79" coveredstatements="65" conditionals="64" coveredconditionals="51" methods="33" coveredmethods="28"/>
      <file name="index.js" path="/Users/madshargreave/Projects/geis-labs/geis/packages/geis-resource/dist/index.js">
        <metrics statements="13" coveredstatements="11" conditionals="16" coveredconditionals="11" methods="4" coveredmethods="3"/>
        <line num="2" count="10" type="cond" truecount="4" falsecount="1"/>
        <line num="3" count="20" type="cond" truecount="1" falsecount="1"/>
        <line num="4" count="20" type="stmt"/>
        <line num="6" count="0" type="cond" truecount="0" falsecount="2"/>
        <line num="7" count="0" type="stmt"/>
        <line num="9" count="10" type="cond" truecount="3" falsecount="0"/>
        <line num="10" count="50" type="cond" truecount="3" falsecount="1"/>
        <line num="12" count="10" type="stmt"/>
        <line num="13" count="10" type="stmt"/>
        <line num="14" count="10" type="stmt"/>
        <line num="15" count="10" type="stmt"/>
        <line num="16" count="10" type="stmt"/>
        <line num="17" count="10" type="stmt"/>
      </file>
      <file name="resourceAdapter.js" path="/Users/madshargreave/Projects/geis-labs/geis/packages/geis-resource/dist/resourceAdapter.js">
        <metrics statements="1" coveredstatements="1" conditionals="0" coveredconditionals="0" methods="0" coveredmethods="0"/>
        <line num="2" count="10" type="stmt"/>
      </file>
      <file name="resourceFacade.js" path="/Users/madshargreave/Projects/geis-labs/geis/packages/geis-resource/dist/resourceFacade.js">
        <metrics statements="59" coveredstatements="48" conditionals="48" coveredconditionals="40" methods="28" coveredmethods="25"/>
        <line num="2" count="10" type="cond" truecount="3" falsecount="0"/>
        <line num="3" count="40" type="cond" truecount="2" falsecount="0"/>
        <line num="4" count="14" type="cond" truecount="2" falsecount="0"/>
        <line num="5" count="38" type="stmt"/>
        <line num="6" count="2" type="stmt"/>
        <line num="7" count="54" type="cond" truecount="2" falsecount="0"/>
        <line num="8" count="14" type="cond" truecount="2" falsecount="0"/>
        <line num="11" count="20" type="cond" truecount="5" falsecount="0"/>
        <line num="12" count="10" type="cond" truecount="3" falsecount="0"/>
        <line num="13" count="1" type="cond" truecount="1" falsecount="1"/>
        <line num="14" count="1" type="cond" truecount="1" falsecount="1"/>
        <line num="15" count="1" type="stmt"/>
        <line num="16" count="4" type="cond" truecount="3" falsecount="1"/>
        <line num="17" count="14" type="stmt"/>
        <line num="18" count="14" type="cond" truecount="2" falsecount="0"/>
        <line num="19" count="10" type="stmt"/>
        <line num="20" count="0" type="stmt"/>
        <line num="21" count="4" type="cond" truecount="1" falsecount="1"/>
        <line num="23" count="10" type="cond" truecount="3" falsecount="0"/>
        <line num="24" count="10" type="cond" truecount="3" falsecount="1"/>
        <line num="26" count="10" type="stmt"/>
        <line num="27" count="10" type="stmt"/>
        <line num="28" count="10" type="stmt"/>
        <line num="29" count="10" type="stmt"/>
        <line num="31" count="15" type="cond" truecount="2" falsecount="0"/>
        <line num="32" count="1" type="stmt"/>
        <line num="33" count="1" type="stmt"/>
        <line num="34" count="1" type="stmt"/>
        <line num="35" count="1" type="stmt"/>
        <line num="36" count="1" type="stmt"/>
        <line num="37" count="4" type="stmt"/>
        <line num="38" count="4" type="cond" truecount="2" falsecount="0"/>
        <line num="39" count="1" type="stmt"/>
        <line num="40" count="1" type="stmt"/>
        <line num="43" count="3" type="stmt"/>
        <line num="49" count="14" type="cond" truecount="1" falsecount="1"/>
        <line num="50" count="0" type="stmt"/>
        <line num="51" count="0" type="stmt"/>
        <line num="52" count="0" type="stmt"/>
        <line num="53" count="0" type="stmt"/>
        <line num="54" count="0" type="stmt"/>
        <line num="55" count="0" type="stmt"/>
        <line num="56" count="0" type="cond" truecount="0" falsecount="2"/>
        <line num="57" count="0" type="stmt"/>
        <line num="58" count="0" type="stmt"/>
        <line num="61" count="0" type="stmt"/>
        <line num="68" count="14" type="stmt"/>
        <line num="69" count="14" type="stmt"/>
        <line num="70" count="14" type="stmt"/>
        <line num="71" count="14" type="stmt"/>
        <line num="73" count="13" type="stmt"/>
        <line num="74" count="12" type="stmt"/>
        <line num="76" count="12" type="stmt"/>
        <line num="79" count="2" type="cond" truecount="2" falsecount="0"/>
        <line num="80" count="1" type="stmt"/>
        <line num="82" count="2" type="stmt"/>
        <line num="87" count="10" type="stmt"/>
        <line num="89" count="15" type="stmt"/>
        <line num="92" count="14" type="stmt"/>
      </file>
      <file name="resourceGuards.js" path="/Users/madshargreave/Projects/geis-labs/geis/packages/geis-resource/dist/resourceGuards.js">
        <metrics statements="4" coveredstatements="3" conditionals="0" coveredconditionals="0" methods="1" coveredmethods="0"/>
        <line num="2" count="10" type="stmt"/>
        <line num="3" count="10" type="stmt"/>
        <line num="5" count="0" type="stmt"/>
        <line num="7" count="10" type="stmt"/>
      </file>
      <file name="resourceProvider.js" path="/Users/madshargreave/Projects/geis-labs/geis/packages/geis-resource/dist/resourceProvider.js">
        <metrics statements="1" coveredstatements="1" conditionals="0" coveredconditionals="0" methods="0" coveredmethods="0"/>
        <line num="2" count="10" type="stmt"/>
      </file>
      <file name="resourceTypes.js" path="/Users/madshargreave/Projects/geis-labs/geis/packages/geis-resource/dist/resourceTypes.js">
        <metrics statements="1" coveredstatements="1" conditionals="0" coveredconditionals="0" methods="0" coveredmethods="0"/>
        <line num="2" count="10" type="stmt"/>
      </file>
    </package>
    <package name="geis-resource.lib">
      <metrics statements="42" coveredstatements="38" conditionals="10" coveredconditionals="8" methods="8" coveredmethods="7"/>
      <file name="index.ts" path="/Users/madshargreave/Projects/geis-labs/geis/packages/geis-resource/lib/index.ts">
        <metrics statements="5" coveredstatements="5" conditionals="0" coveredconditionals="0" methods="0" coveredmethods="0"/>
        <line num="1" count="1" type="stmt"/>
        <line num="2" count="1" type="stmt"/>
        <line num="3" count="1" type="stmt"/>
        <line num="4" count="1" type="stmt"/>
        <line num="5" count="1" type="stmt"/>
      </file>
      <file name="resourceFacade.ts" path="/Users/madshargreave/Projects/geis-labs/geis/packages/geis-resource/lib/resourceFacade.ts">
        <metrics statements="35" coveredstatements="32" conditionals="10" coveredconditionals="8" methods="7" coveredmethods="7"/>
        <line num="1" count="1" type="stmt"/>
        <line num="2" count="1" type="stmt"/>
        <line num="26" count="1" type="stmt"/>
        <line num="31" count="4" type="cond" truecount="2" falsecount="0"/>
        <line num="32" count="1" type="stmt"/>
        <line num="33" count="1" type="stmt"/>
        <line num="34" count="1" type="stmt"/>
        <line num="35" count="1" type="stmt"/>
        <line num="36" count="4" type="stmt"/>
        <line num="37" count="4" type="cond" truecount="2" falsecount="0"/>
        <line num="38" count="1" type="stmt"/>
        <line num="39" count="1" type="stmt"/>
        <line num="41" count="3" type="stmt"/>
        <line num="45" count="3" type="cond" truecount="2" falsecount="0"/>
        <line num="46" count="1" type="stmt"/>
        <line num="47" count="1" type="stmt"/>
        <line num="48" count="1" type="stmt"/>
        <line num="49" count="1" type="stmt"/>
        <line num="50" count="4" type="stmt"/>
        <line num="51" count="4" type="cond" truecount="2" falsecount="0"/>
        <line num="52" count="1" type="stmt"/>
        <line num="53" count="1" type="stmt"/>
        <line num="55" count="3" type="stmt"/>
        <line num="60" count="2" type="stmt"/>
        <line num="61" count="2" type="stmt"/>
        <line num="62" count="2" type="stmt"/>
        <line num="63" count="2" type="stmt"/>
        <line num="65" count="2" type="stmt"/>
        <line num="66" count="2" type="stmt"/>
        <line num="68" count="2" type="stmt"/>
        <line num="70" count="0" type="cond" truecount="0" falsecount="2"/>
        <line num="71" count="0" type="stmt"/>
        <line num="73" count="0" type="stmt"/>
        <line num="82" count="4" type="stmt"/>
        <line num="88" count="3" type="stmt"/>
      </file>
      <file name="resourceGuards.ts" path="/Users/madshargreave/Projects/geis-labs/geis/packages/geis-resource/lib/resourceGuards.ts">
        <metrics statements="2" coveredstatements="1" conditionals="0" coveredconditionals="0" methods="1" coveredmethods="0"/>
        <line num="3" count="1" type="stmt"/>
        <line num="4" count="0" type="stmt"/>
      </file>
    </package>
    <package name="geis-type.dist">
      <metrics statements="23" coveredstatements="20" conditionals="20" coveredconditionals="13" methods="6" coveredmethods="5"/>
      <file name="index.js" path="/Users/madshargreave/Projects/geis-labs/geis/packages/geis-type/dist/index.js">
        <metrics statements="11" coveredstatements="9" conditionals="16" coveredconditionals="11" methods="4" coveredmethods="3"/>
        <line num="2" count="12" type="cond" truecount="4" falsecount="1"/>
        <line num="3" count="36" type="cond" truecount="1" falsecount="1"/>
        <line num="4" count="36" type="stmt"/>
        <line num="6" count="0" type="cond" truecount="0" falsecount="2"/>
        <line num="7" count="0" type="stmt"/>
        <line num="9" count="12" type="cond" truecount="3" falsecount="0"/>
        <line num="10" count="36" type="cond" truecount="3" falsecount="1"/>
        <line num="12" count="12" type="stmt"/>
        <line num="13" count="12" type="stmt"/>
        <line num="14" count="12" type="stmt"/>
        <line num="15" count="12" type="stmt"/>
      </file>
      <file name="typeFacade.js" path="/Users/madshargreave/Projects/geis-labs/geis/packages/geis-type/dist/typeFacade.js">
        <metrics statements="11" coveredstatements="10" conditionals="4" coveredconditionals="2" methods="2" coveredmethods="2"/>
        <line num="2" count="12" type="stmt"/>
        <line num="3" count="12" type="stmt"/>
        <line num="12" count="8" type="cond" truecount="1" falsecount="1"/>
        <line num="13" count="8" type="stmt"/>
        <line num="15" count="8" type="stmt"/>
        <line num="16" count="8" type="cond" truecount="1" falsecount="1"/>
        <line num="17" count="0" type="stmt"/>
        <line num="19" count="8" type="stmt"/>
        <line num="20" count="8" type="stmt"/>
        <line num="22" count="12" type="stmt"/>
        <line num="24" count="8" type="stmt"/>
      </file>
      <file name="typeTypes.js" path="/Users/madshargreave/Projects/geis-labs/geis/packages/geis-type/dist/typeTypes.js">
        <metrics statements="1" coveredstatements="1" conditionals="0" coveredconditionals="0" methods="0" coveredmethods="0"/>
        <line num="2" count="12" type="stmt"/>
      </file>
    </package>
    <package name="geis-type.dist.apply">
      <metrics statements="43" coveredstatements="37" conditionals="33" coveredconditionals="27" methods="17" coveredmethods="12"/>
      <file name="applyErrors.js" path="/Users/madshargreave/Projects/geis-labs/geis/packages/geis-type/dist/apply/applyErrors.js">
        <metrics statements="6" coveredstatements="6" conditionals="0" coveredconditionals="0" methods="1" coveredmethods="1"/>
        <line num="2" count="12" type="stmt"/>
        <line num="3" count="12" type="stmt"/>
        <line num="6" count="2" type="stmt"/>
        <line num="7" count="2" type="stmt"/>
        <line num="8" count="2" type="stmt"/>
        <line num="11" count="12" type="stmt"/>
      </file>
      <file name="applyFacade.js" path="/Users/madshargreave/Projects/geis-labs/geis/packages/geis-type/dist/apply/applyFacade.js">
        <metrics statements="27" coveredstatements="23" conditionals="17" coveredconditionals="16" methods="12" coveredmethods="8"/>
        <line num="2" count="12" type="cond" truecount="3" falsecount="0"/>
        <line num="3" count="32" type="cond" truecount="2" falsecount="0"/>
        <line num="4" count="17" type="cond" truecount="2" falsecount="0"/>
        <line num="5" count="32" type="stmt"/>
        <line num="6" count="0" type="stmt"/>
        <line num="7" count="48" type="cond" truecount="2" falsecount="0"/>
        <line num="8" count="17" type="cond" truecount="2" falsecount="0"/>
        <line num="11" count="12" type="stmt"/>
        <line num="12" count="12" type="stmt"/>
        <line num="13" count="12" type="stmt"/>
        <line num="14" count="12" type="stmt"/>
        <line num="15" count="12" type="stmt"/>
        <line num="22" count="17" type="stmt"/>
        <line num="23" count="17" type="stmt"/>
        <line num="24" count="17" type="cond" truecount="1" falsecount="1"/>
        <line num="26" count="0" type="stmt"/>
        <line num="28" count="17" type="cond" truecount="2" falsecount="0"/>
        <line num="29" count="2" type="stmt"/>
        <line num="31" count="15" type="stmt"/>
        <line num="32" count="15" type="stmt"/>
        <line num="33" count="0" type="stmt"/>
        <line num="34" count="0" type="stmt"/>
        <line num="36" count="15" type="stmt"/>
        <line num="37" count="15" type="cond" truecount="2" falsecount="0"/>
        <line num="38" count="1" type="stmt"/>
        <line num="40" count="14" type="stmt"/>
        <line num="43" count="12" type="stmt"/>
      </file>
      <file name="index.js" path="/Users/madshargreave/Projects/geis-labs/geis/packages/geis-type/dist/apply/index.js">
        <metrics statements="10" coveredstatements="8" conditionals="16" coveredconditionals="11" methods="4" coveredmethods="3"/>
        <line num="2" count="12" type="cond" truecount="4" falsecount="1"/>
        <line num="3" count="24" type="cond" truecount="1" falsecount="1"/>
        <line num="4" count="24" type="stmt"/>
        <line num="6" count="0" type="cond" truecount="0" falsecount="2"/>
        <line num="7" count="0" type="stmt"/>
        <line num="9" count="12" type="cond" truecount="3" falsecount="0"/>
        <line num="10" count="24" type="cond" truecount="3" falsecount="1"/>
        <line num="12" count="12" type="stmt"/>
        <line num="13" count="12" type="stmt"/>
        <line num="14" count="12" type="stmt"/>
      </file>
    </package>
    <package name="geis-type.dist.errors">
      <metrics statements="4" coveredstatements="4" conditionals="2" coveredconditionals="2" methods="2" coveredmethods="2"/>
      <file name="errorHelpers.js" path="/Users/madshargreave/Projects/geis-labs/geis/packages/geis-type/dist/errors/errorHelpers.js">
        <metrics statements="4" coveredstatements="4" conditionals="2" coveredconditionals="2" methods="2" coveredmethods="2"/>
        <line num="2" count="12" type="stmt"/>
        <line num="3" count="12" type="stmt"/>
        <line num="5" count="26" type="cond" truecount="2" falsecount="0"/>
        <line num="8" count="12" type="stmt"/>
      </file>
    </package>
    <package name="geis-type.dist.promises">
      <metrics statements="7" coveredstatements="7" conditionals="9" coveredconditionals="7" methods="3" coveredmethods="3"/>
      <file name="promiseHelpers.js" path="/Users/madshargreave/Projects/geis-labs/geis/packages/geis-type/dist/promises/promiseHelpers.js">
        <metrics statements="7" coveredstatements="7" conditionals="9" coveredconditionals="7" methods="3" coveredmethods="3"/>
        <line num="2" count="12" type="cond" truecount="3" falsecount="0"/>
        <line num="3" count="12" type="cond" truecount="3" falsecount="1"/>
        <line num="5" count="12" type="stmt"/>
        <line num="6" count="12" type="stmt"/>
        <line num="7" count="12" type="stmt"/>
        <line num="9" count="26" type="cond" truecount="1" falsecount="1"/>
        <line num="15" count="12" type="stmt"/>
      </file>
    </package>
    <package name="geis-type.lib">
      <metrics statements="12" coveredstatements="4" conditionals="4" coveredconditionals="0" methods="2" coveredmethods="0"/>
      <file name="index.ts" path="/Users/madshargreave/Projects/geis-labs/geis/packages/geis-type/lib/index.ts">
        <metrics statements="3" coveredstatements="3" conditionals="0" coveredconditionals="0" methods="0" coveredmethods="0"/>
        <line num="1" count="2" type="stmt"/>
        <line num="2" count="2" type="stmt"/>
        <line num="3" count="2" type="stmt"/>
      </file>
      <file name="typeFacade.ts" path="/Users/madshargreave/Projects/geis-labs/geis/packages/geis-type/lib/typeFacade.ts">
        <metrics statements="9" coveredstatements="1" conditionals="4" coveredconditionals="0" methods="2" coveredmethods="0"/>
        <line num="16" count="2" type="stmt"/>
        <line num="31" count="0" type="cond" truecount="0" falsecount="2"/>
        <line num="32" count="0" type="stmt"/>
        <line num="34" count="0" type="stmt"/>
        <line num="35" count="0" type="cond" truecount="0" falsecount="2"/>
        <line num="36" count="0" type="stmt"/>
        <line num="42" count="0" type="stmt"/>
        <line num="43" count="0" type="stmt"/>
        <line num="47" count="0" type="stmt"/>
      </file>
    </package>
    <package name="geis-type.lib.apply">
      <metrics statements="25" coveredstatements="23" conditionals="6" coveredconditionals="4" methods="5" coveredmethods="5"/>
      <file name="applyErrors.ts" path="/Users/madshargreave/Projects/geis-labs/geis/packages/geis-type/lib/apply/applyErrors.ts">
        <metrics statements="4" coveredstatements="4" conditionals="0" coveredconditionals="0" methods="1" coveredmethods="1"/>
        <line num="1" count="2" type="stmt"/>
        <line num="2" count="4" type="stmt"/>
        <line num="3" count="4" type="stmt"/>
        <line num="4" count="4" type="stmt"/>
      </file>
      <file name="applyFacade.ts" path="/Users/madshargreave/Projects/geis-labs/geis/packages/geis-type/lib/apply/applyFacade.ts">
        <metrics statements="19" coveredstatements="17" conditionals="6" coveredconditionals="4" methods="4" coveredmethods="4"/>
        <line num="1" count="2" type="stmt"/>
        <line num="2" count="2" type="stmt"/>
        <line num="4" count="2" type="stmt"/>
        <line num="11" count="2" type="stmt"/>
        <line num="18" count="3" type="stmt"/>
        <line num="19" count="3" type="cond" truecount="1" falsecount="1"/>
        <line num="21" count="0" type="stmt"/>
        <line num="23" count="3" type="cond" truecount="1" falsecount="1"/>
        <line num="24" count="0" type="stmt"/>
        <line num="26" count="3" type="stmt"/>
        <line num="27" count="3" type="stmt"/>
        <line num="28" count="2" type="stmt"/>
        <line num="29" count="2" type="stmt"/>
        <line num="30" count="2" type="stmt"/>
        <line num="32" count="1" type="stmt"/>
        <line num="37" count="3" type="stmt"/>
        <line num="38" count="3" type="cond" truecount="2" falsecount="0"/>
        <line num="39" count="2" type="stmt"/>
        <line num="41" count="1" type="stmt"/>
      </file>
      <file name="index.ts" path="/Users/madshargreave/Projects/geis-labs/geis/packages/geis-type/lib/apply/index.ts">
        <metrics statements="2" coveredstatements="2" conditionals="0" coveredconditionals="0" methods="0" coveredmethods="0"/>
        <line num="1" count="2" type="stmt"/>
        <line num="2" count="2" type="stmt"/>
      </file>
    </package>
    <package name="geis-type.lib.errors">
      <metrics statements="3" coveredstatements="3" conditionals="2" coveredconditionals="2" methods="2" coveredmethods="2"/>
      <file name="errorHelpers.ts" path="/Users/madshargreave/Projects/geis-labs/geis/packages/geis-type/lib/errors/errorHelpers.ts">
        <metrics statements="3" coveredstatements="3" conditionals="2" coveredconditionals="2" methods="2" coveredmethods="2"/>
        <line num="4" count="2" type="stmt"/>
        <line num="5" count="3" type="stmt"/>
        <line num="7" count="6" type="stmt"/>
      </file>
    </package>
    <package name="geis-type.lib.promises">
      <metrics statements="4" coveredstatements="4" conditionals="2" coveredconditionals="2" methods="2" coveredmethods="2"/>
      <file name="promiseHelpers.ts" path="/Users/madshargreave/Projects/geis-labs/geis/packages/geis-type/lib/promises/promiseHelpers.ts">
        <metrics statements="4" coveredstatements="4" conditionals="2" coveredconditionals="2" methods="2" coveredmethods="2"/>
        <line num="1" count="2" type="stmt"/>
        <line num="5" count="2" type="stmt"/>
        <line num="6" count="3" type="stmt"/>
        <line num="8" count="6" type="stmt"/>
      </file>
    </package>
  </project>
</coverage>
