{"/Users/madshargreave/Projects/geis-labs/geis/packages/geis-browse/dist/browseConfig.js": {"path":"/Users/madshargreave/Projects/geis-labs/geis/packages/geis-browse/dist/browseConfig.js","statementMap":{"0":{"start":{"line":2,"column":0},"end":{"line":2,"column":62}}},"fnMap":{},"branchMap":{},"s":{"0":1},"f":{},"b":{},"inputSourceMap":null,"_coverageSchema":"1a1c01bbd47fc00a2c39e90264f33305004495a9","hash":"c0ad55d95d0623007ca2ec61862f82c682fcd2c1"}
,"/Users/madshargreave/Projects/geis-labs/geis/packages/geis-browse/dist/browseConstants.js": {"path":"/Users/madshargreave/Projects/geis-labs/geis/packages/geis-browse/dist/browseConstants.js","statementMap":{"0":{"start":{"line":2,"column":0},"end":{"line":2,"column":62}},"1":{"start":{"line":3,"column":0},"end":{"line":3,"column":34}},"2":{"start":{"line":4,"column":20},"end":{"line":4,"column":50}},"3":{"start":{"line":5,"column":15},"end":{"line":5,"column":32}},"4":{"start":{"line":6,"column":25},"end":{"line":8,"column":2}},"5":{"start":{"line":6,"column":31},"end":{"line":8,"column":2}},"6":{"start":{"line":9,"column":0},"end":{"line":9,"column":44}}},"fnMap":{"0":{"name":"(anonymous_0)","decl":{"start":{"line":6,"column":25},"end":{"line":6,"column":26}},"loc":{"start":{"line":6,"column":31},"end":{"line":8,"column":2}},"line":6}},"branchMap":{},"s":{"0":1,"1":1,"2":1,"3":1,"4":1,"5":0,"6":1},"f":{"0":0},"b":{},"inputSourceMap":null,"_coverageSchema":"1a1c01bbd47fc00a2c39e90264f33305004495a9","hash":"9476fc7e8b0a45170252ec55c4694c1f603725fe"}
,"/Users/madshargreave/Projects/geis-labs/geis/packages/geis-browse/dist/browseFacade.js": {"path":"/Users/madshargreave/Projects/geis-labs/geis/packages/geis-browse/dist/browseFacade.js","statementMap":{"0":{"start":{"line":2,"column":0},"end":{"line":2,"column":62}},"1":{"start":{"line":3,"column":0},"end":{"line":3,"column":24}},"2":{"start":{"line":4,"column":24},"end":{"line":4,"column":58}},"3":{"start":{"line":5,"column":26},"end":{"line":5,"column":54}},"4":{"start":{"line":6,"column":22},"end":{"line":6,"column":46}},"5":{"start":{"line":8,"column":61},"end":{"line":8,"column":72}},"6":{"start":{"line":9,"column":21},"end":{"line":9,"column":54}},"7":{"start":{"line":10,"column":20},"end":{"line":10,"column":56}},"8":{"start":{"line":11,"column":4},"end":{"line":42,"column":5}},"9":{"start":{"line":12,"column":8},"end":{"line":23,"column":9}},"10":{"start":{"line":13,"column":12},"end":{"line":16,"column":21}},"11":{"start":{"line":19,"column":12},"end":{"line":22,"column":21}},"12":{"start":{"line":26,"column":8},"end":{"line":41,"column":9}},"13":{"start":{"line":27,"column":12},"end":{"line":32,"column":18}},"14":{"start":{"line":35,"column":12},"end":{"line":40,"column":18}},"15":{"start":{"line":44,"column":0},"end":{"line":44,"column":24}}},"fnMap":{"0":{"name":"browse","decl":{"start":{"line":7,"column":9},"end":{"line":7,"column":15}},"loc":{"start":{"line":7,"column":60},"end":{"line":43,"column":1}},"line":7}},"branchMap":{"0":{"loc":{"start":{"line":7,"column":42},"end":{"line":7,"column":58}},"type":"default-arg","locations":[{"start":{"line":7,"column":56},"end":{"line":7,"column":58}}],"line":7},"1":{"loc":{"start":{"line":8,"column":12},"end":{"line":8,"column":56}},"type":"default-arg","locations":[{"start":{"line":8,"column":22},"end":{"line":8,"column":56}}],"line":8},"2":{"loc":{"start":{"line":11,"column":4},"end":{"line":42,"column":5}},"type":"if","locations":[{"start":{"line":11,"column":4},"end":{"line":42,"column":5}},{"start":{"line":11,"column":4},"end":{"line":42,"column":5}}],"line":11},"3":{"loc":{"start":{"line":12,"column":8},"end":{"line":23,"column":9}},"type":"if","locations":[{"start":{"line":12,"column":8},"end":{"line":23,"column":9}},{"start":{"line":12,"column":8},"end":{"line":23,"column":9}}],"line":12},"4":{"loc":{"start":{"line":26,"column":8},"end":{"line":41,"column":9}},"type":"if","locations":[{"start":{"line":26,"column":8},"end":{"line":41,"column":9}},{"start":{"line":26,"column":8},"end":{"line":41,"column":9}}],"line":26}},"s":{"0":1,"1":1,"2":1,"3":1,"4":1,"5":1,"6":1,"7":1,"8":1,"9":1,"10":1,"11":0,"12":0,"13":0,"14":0,"15":1},"f":{"0":1},"b":{"0":[0],"1":[0],"2":[1,0],"3":[1,0],"4":[0,0]},"inputSourceMap":null,"_coverageSchema":"1a1c01bbd47fc00a2c39e90264f33305004495a9","hash":"23bf0378a8ed0364156a112e8ae2c8fc70a9bacb"}
,"/Users/madshargreave/Projects/geis-labs/geis/packages/geis-browse/dist/browseProvider.js": {"path":"/Users/madshargreave/Projects/geis-labs/geis/packages/geis-browse/dist/browseProvider.js","statementMap":{"0":{"start":{"line":2,"column":22},"end":{"line":8,"column":3}},"1":{"start":{"line":3,"column":4},"end":{"line":3,"column":33}},"2":{"start":{"line":3,"column":26},"end":{"line":3,"column":33}},"3":{"start":{"line":4,"column":4},"end":{"line":4,"column":89}},"4":{"start":{"line":4,"column":71},"end":{"line":4,"column":83}},"5":{"start":{"line":6,"column":4},"end":{"line":6,"column":33}},"6":{"start":{"line":6,"column":26},"end":{"line":6,"column":33}},"7":{"start":{"line":7,"column":4},"end":{"line":7,"column":17}},"8":{"start":{"line":9,"column":25},"end":{"line":13,"column":2}},"9":{"start":{"line":10,"column":4},"end":{"line":10,"column":72}},"10":{"start":{"line":12,"column":4},"end":{"line":12,"column":21}},"11":{"start":{"line":14,"column":19},"end":{"line":20,"column":1}},"12":{"start":{"line":15,"column":4},"end":{"line":15,"column":42}},"13":{"start":{"line":15,"column":31},"end":{"line":15,"column":42}},"14":{"start":{"line":16,"column":17},"end":{"line":16,"column":19}},"15":{"start":{"line":17,"column":4},"end":{"line":17,"column":141}},"16":{"start":{"line":17,"column":21},"end":{"line":17,"column":141}},"17":{"start":{"line":17,"column":40},"end":{"line":17,"column":141}},"18":{"start":{"line":17,"column":109},"end":{"line":17,"column":141}},"19":{"start":{"line":18,"column":4},"end":{"line":18,"column":36}},"20":{"start":{"line":19,"column":4},"end":{"line":19,"column":18}},"21":{"start":{"line":21,"column":0},"end":{"line":21,"column":62}},"22":{"start":{"line":22,"column":0},"end":{"line":22,"column":41}},"23":{"start":{"line":23,"column":15},"end":{"line":23,"column":54}},"24":{"start":{"line":24,"column":18},"end":{"line":24,"column":38}},"25":{"start":{"line":27,"column":4},"end":{"line":31,"column":7}},"26":{"start":{"line":27,"column":73},"end":{"line":27,"column":173}},"27":{"start":{"line":33,"column":0},"end":{"line":33,"column":24}},"28":{"start":{"line":34,"column":0},"end":{"line":34,"column":26}}},"fnMap":{"0":{"name":"(anonymous_0)","decl":{"start":{"line":2,"column":74},"end":{"line":2,"column":75}},"loc":{"start":{"line":2,"column":96},"end":{"line":5,"column":1}},"line":2},"1":{"name":"(anonymous_1)","decl":{"start":{"line":4,"column":58},"end":{"line":4,"column":59}},"loc":{"start":{"line":4,"column":69},"end":{"line":4,"column":85}},"line":4},"2":{"name":"(anonymous_2)","decl":{"start":{"line":5,"column":6},"end":{"line":5,"column":7}},"loc":{"start":{"line":5,"column":28},"end":{"line":8,"column":1}},"line":5},"3":{"name":"(anonymous_3)","decl":{"start":{"line":9,"column":80},"end":{"line":9,"column":81}},"loc":{"start":{"line":9,"column":95},"end":{"line":11,"column":1}},"line":9},"4":{"name":"(anonymous_4)","decl":{"start":{"line":11,"column":5},"end":{"line":11,"column":6}},"loc":{"start":{"line":11,"column":20},"end":{"line":13,"column":1}},"line":11},"5":{"name":"(anonymous_5)","decl":{"start":{"line":14,"column":50},"end":{"line":14,"column":51}},"loc":{"start":{"line":14,"column":65},"end":{"line":20,"column":1}},"line":14},"6":{"name":"config","decl":{"start":{"line":25,"column":9},"end":{"line":25,"column":15}},"loc":{"start":{"line":25,"column":35},"end":{"line":32,"column":1}},"line":25},"7":{"name":"(anonymous_7)","decl":{"start":{"line":27,"column":25},"end":{"line":27,"column":26}},"loc":{"start":{"line":27,"column":73},"end":{"line":27,"column":173}},"line":27}},"branchMap":{"0":{"loc":{"start":{"line":2,"column":22},"end":{"line":8,"column":3}},"type":"binary-expr","locations":[{"start":{"line":2,"column":23},"end":{"line":2,"column":27}},{"start":{"line":2,"column":31},"end":{"line":2,"column":51}},{"start":{"line":2,"column":57},"end":{"line":8,"column":2}}],"line":2},"1":{"loc":{"start":{"line":2,"column":57},"end":{"line":8,"column":2}},"type":"cond-expr","locations":[{"start":{"line":2,"column":74},"end":{"line":5,"column":1}},{"start":{"line":5,"column":6},"end":{"line":8,"column":1}}],"line":2},"2":{"loc":{"start":{"line":3,"column":4},"end":{"line":3,"column":33}},"type":"if","locations":[{"start":{"line":3,"column":4},"end":{"line":3,"column":33}},{"start":{"line":3,"column":4},"end":{"line":3,"column":33}}],"line":3},"3":{"loc":{"start":{"line":6,"column":4},"end":{"line":6,"column":33}},"type":"if","locations":[{"start":{"line":6,"column":4},"end":{"line":6,"column":33}},{"start":{"line":6,"column":4},"end":{"line":6,"column":33}}],"line":6},"4":{"loc":{"start":{"line":9,"column":25},"end":{"line":13,"column":2}},"type":"binary-expr","locations":[{"start":{"line":9,"column":26},"end":{"line":9,"column":30}},{"start":{"line":9,"column":34},"end":{"line":9,"column":57}},{"start":{"line":9,"column":63},"end":{"line":13,"column":1}}],"line":9},"5":{"loc":{"start":{"line":9,"column":63},"end":{"line":13,"column":1}},"type":"cond-expr","locations":[{"start":{"line":9,"column":80},"end":{"line":11,"column":1}},{"start":{"line":11,"column":5},"end":{"line":13,"column":1}}],"line":9},"6":{"loc":{"start":{"line":14,"column":19},"end":{"line":20,"column":1}},"type":"binary-expr","locations":[{"start":{"line":14,"column":20},"end":{"line":14,"column":24}},{"start":{"line":14,"column":28},"end":{"line":14,"column":45}},{"start":{"line":14,"column":50},"end":{"line":20,"column":1}}],"line":14},"7":{"loc":{"start":{"line":15,"column":4},"end":{"line":15,"column":42}},"type":"if","locations":[{"start":{"line":15,"column":4},"end":{"line":15,"column":42}},{"start":{"line":15,"column":4},"end":{"line":15,"column":42}}],"line":15},"8":{"loc":{"start":{"line":15,"column":8},"end":{"line":15,"column":29}},"type":"binary-expr","locations":[{"start":{"line":15,"column":8},"end":{"line":15,"column":11}},{"start":{"line":15,"column":15},"end":{"line":15,"column":29}}],"line":15},"9":{"loc":{"start":{"line":17,"column":4},"end":{"line":17,"column":141}},"type":"if","locations":[{"start":{"line":17,"column":4},"end":{"line":17,"column":141}},{"start":{"line":17,"column":4},"end":{"line":17,"column":141}}],"line":17},"10":{"loc":{"start":{"line":17,"column":40},"end":{"line":17,"column":141}},"type":"if","locations":[{"start":{"line":17,"column":40},"end":{"line":17,"column":141}},{"start":{"line":17,"column":40},"end":{"line":17,"column":141}}],"line":17},"11":{"loc":{"start":{"line":17,"column":44},"end":{"line":17,"column":107}},"type":"binary-expr","locations":[{"start":{"line":17,"column":44},"end":{"line":17,"column":59}},{"start":{"line":17,"column":63},"end":{"line":17,"column":107}}],"line":17},"12":{"loc":{"start":{"line":25,"column":16},"end":{"line":25,"column":33}},"type":"default-arg","locations":[{"start":{"line":25,"column":31},"end":{"line":25,"column":33}}],"line":25},"13":{"loc":{"start":{"line":27,"column":52},"end":{"line":27,"column":68}},"type":"default-arg","locations":[{"start":{"line":27,"column":66},"end":{"line":27,"column":68}}],"line":27}},"s":{"0":1,"1":0,"2":0,"3":0,"4":0,"5":0,"6":0,"7":0,"8":1,"9":0,"10":0,"11":1,"12":1,"13":1,"14":0,"15":0,"16":0,"17":0,"18":0,"19":0,"20":0,"21":1,"22":1,"23":1,"24":1,"25":2,"26":1,"27":1,"28":1},"f":{"0":0,"1":0,"2":0,"3":0,"4":0,"5":1,"6":2,"7":1},"b":{"0":[1,1,1],"1":[1,0],"2":[0,0],"3":[0,0],"4":[1,1,1],"5":[1,0],"6":[1,1,1],"7":[1,0],"8":[1,1],"9":[0,0],"10":[0,0],"11":[0,0],"12":[1],"13":[1]},"inputSourceMap":null,"_coverageSchema":"1a1c01bbd47fc00a2c39e90264f33305004495a9","hash":"3afc663b9ff185eafd409f41fb4456b6fc4c1a61"}
,"/Users/madshargreave/Projects/geis-labs/geis/packages/geis-browse/dist/browseTypes.js": {"path":"/Users/madshargreave/Projects/geis-labs/geis/packages/geis-browse/dist/browseTypes.js","statementMap":{"0":{"start":{"line":2,"column":0},"end":{"line":2,"column":62}}},"fnMap":{},"branchMap":{},"s":{"0":1},"f":{},"b":{},"inputSourceMap":null,"_coverageSchema":"1a1c01bbd47fc00a2c39e90264f33305004495a9","hash":"6c7df1470ce063bb5e056945b430ec3393693854"}
,"/Users/madshargreave/Projects/geis-labs/geis/packages/geis-browse/dist/browseUtils.js": {"path":"/Users/madshargreave/Projects/geis-labs/geis/packages/geis-browse/dist/browseUtils.js","statementMap":{"0":{"start":{"line":2,"column":0},"end":{"line":2,"column":62}},"1":{"start":{"line":3,"column":0},"end":{"line":3,"column":142}},"2":{"start":{"line":5,"column":4},"end":{"line":7,"column":5}},"3":{"start":{"line":6,"column":8},"end":{"line":6,"column":20}},"4":{"start":{"line":8,"column":4},"end":{"line":10,"column":5}},"5":{"start":{"line":9,"column":8},"end":{"line":9,"column":20}},"6":{"start":{"line":11,"column":4},"end":{"line":11,"column":14}},"7":{"start":{"line":13,"column":0},"end":{"line":13,"column":32}},"8":{"start":{"line":15,"column":4},"end":{"line":17,"column":28}},"9":{"start":{"line":19,"column":0},"end":{"line":19,"column":32}},"10":{"start":{"line":21,"column":4},"end":{"line":23,"column":5}},"11":{"start":{"line":22,"column":8},"end":{"line":22,"column":29}},"12":{"start":{"line":24,"column":4},"end":{"line":26,"column":5}},"13":{"start":{"line":25,"column":8},"end":{"line":25,"column":29}},"14":{"start":{"line":27,"column":4},"end":{"line":27,"column":49}},"15":{"start":{"line":29,"column":0},"end":{"line":29,"column":38}},"16":{"start":{"line":31,"column":4},"end":{"line":31,"column":44}},"17":{"start":{"line":33,"column":0},"end":{"line":33,"column":30}},"18":{"start":{"line":35,"column":4},"end":{"line":35,"column":53}},"19":{"start":{"line":37,"column":0},"end":{"line":37,"column":44}},"20":{"start":{"line":39,"column":4},"end":{"line":39,"column":55}},"21":{"start":{"line":41,"column":0},"end":{"line":41,"column":34}}},"fnMap":{"0":{"name":"getActions","decl":{"start":{"line":4,"column":9},"end":{"line":4,"column":19}},"loc":{"start":{"line":4,"column":32},"end":{"line":12,"column":1}},"line":4},"1":{"name":"getAdapter","decl":{"start":{"line":14,"column":9},"end":{"line":14,"column":19}},"loc":{"start":{"line":14,"column":39},"end":{"line":18,"column":1}},"line":14},"2":{"name":"invokeHandler","decl":{"start":{"line":20,"column":9},"end":{"line":20,"column":22}},"loc":{"start":{"line":20,"column":44},"end":{"line":28,"column":1}},"line":20},"3":{"name":"isPromise","decl":{"start":{"line":30,"column":9},"end":{"line":30,"column":18}},"loc":{"start":{"line":30,"column":26},"end":{"line":32,"column":1}},"line":30},"4":{"name":"isAsyncGenerator","decl":{"start":{"line":34,"column":9},"end":{"line":34,"column":25}},"loc":{"start":{"line":34,"column":33},"end":{"line":36,"column":1}},"line":34},"5":{"name":"isGenerator","decl":{"start":{"line":38,"column":9},"end":{"line":38,"column":20}},"loc":{"start":{"line":38,"column":25},"end":{"line":40,"column":1}},"line":38}},"branchMap":{"0":{"loc":{"start":{"line":5,"column":4},"end":{"line":7,"column":5}},"type":"if","locations":[{"start":{"line":5,"column":4},"end":{"line":7,"column":5}},{"start":{"line":5,"column":4},"end":{"line":7,"column":5}}],"line":5},"1":{"loc":{"start":{"line":8,"column":4},"end":{"line":10,"column":5}},"type":"if","locations":[{"start":{"line":8,"column":4},"end":{"line":10,"column":5}},{"start":{"line":8,"column":4},"end":{"line":10,"column":5}}],"line":8},"2":{"loc":{"start":{"line":15,"column":11},"end":{"line":17,"column":27}},"type":"cond-expr","locations":[{"start":{"line":16,"column":10},"end":{"line":16,"column":29}},{"start":{"line":17,"column":10},"end":{"line":17,"column":27}}],"line":15},"3":{"loc":{"start":{"line":21,"column":4},"end":{"line":23,"column":5}},"type":"if","locations":[{"start":{"line":21,"column":4},"end":{"line":23,"column":5}},{"start":{"line":21,"column":4},"end":{"line":23,"column":5}}],"line":21},"4":{"loc":{"start":{"line":24,"column":4},"end":{"line":26,"column":5}},"type":"if","locations":[{"start":{"line":24,"column":4},"end":{"line":26,"column":5}},{"start":{"line":24,"column":4},"end":{"line":26,"column":5}}],"line":24}},"s":{"0":1,"1":1,"2":1,"3":0,"4":1,"5":0,"6":1,"7":1,"8":1,"9":1,"10":0,"11":0,"12":0,"13":0,"14":0,"15":1,"16":0,"17":1,"18":0,"19":1,"20":0,"21":1},"f":{"0":1,"1":1,"2":0,"3":0,"4":0,"5":0},"b":{"0":[0,1],"1":[0,1],"2":[1,0],"3":[0,0],"4":[0,0]},"inputSourceMap":null,"_coverageSchema":"1a1c01bbd47fc00a2c39e90264f33305004495a9","hash":"9ec5683464a2691a7765466a5bfa0f02ba682be0"}
,"/Users/madshargreave/Projects/geis-labs/geis/packages/geis-browse/dist/index.js": {"path":"/Users/madshargreave/Projects/geis-labs/geis/packages/geis-browse/dist/index.js","statementMap":{"0":{"start":{"line":2,"column":22},"end":{"line":8,"column":3}},"1":{"start":{"line":3,"column":4},"end":{"line":3,"column":33}},"2":{"start":{"line":3,"column":26},"end":{"line":3,"column":33}},"3":{"start":{"line":4,"column":4},"end":{"line":4,"column":89}},"4":{"start":{"line":4,"column":71},"end":{"line":4,"column":83}},"5":{"start":{"line":6,"column":4},"end":{"line":6,"column":33}},"6":{"start":{"line":6,"column":26},"end":{"line":6,"column":33}},"7":{"start":{"line":7,"column":4},"end":{"line":7,"column":17}},"8":{"start":{"line":9,"column":19},"end":{"line":11,"column":1}},"9":{"start":{"line":10,"column":4},"end":{"line":10,"column":126}},"10":{"start":{"line":10,"column":21},"end":{"line":10,"column":126}},"11":{"start":{"line":10,"column":95},"end":{"line":10,"column":126}},"12":{"start":{"line":12,"column":0},"end":{"line":12,"column":62}},"13":{"start":{"line":13,"column":25},"end":{"line":13,"column":52}},"14":{"start":{"line":14,"column":0},"end":{"line":14,"column":42}},"15":{"start":{"line":15,"column":0},"end":{"line":15,"column":51}},"16":{"start":{"line":16,"column":0},"end":{"line":16,"column":48}},"17":{"start":{"line":17,"column":0},"end":{"line":17,"column":49}},"18":{"start":{"line":18,"column":0},"end":{"line":18,"column":44}},"19":{"start":{"line":19,"column":0},"end":{"line":19,"column":45}},"20":{"start":{"line":20,"column":0},"end":{"line":20,"column":41}}},"fnMap":{"0":{"name":"(anonymous_0)","decl":{"start":{"line":2,"column":74},"end":{"line":2,"column":75}},"loc":{"start":{"line":2,"column":96},"end":{"line":5,"column":1}},"line":2},"1":{"name":"(anonymous_1)","decl":{"start":{"line":4,"column":58},"end":{"line":4,"column":59}},"loc":{"start":{"line":4,"column":69},"end":{"line":4,"column":85}},"line":4},"2":{"name":"(anonymous_2)","decl":{"start":{"line":5,"column":6},"end":{"line":5,"column":7}},"loc":{"start":{"line":5,"column":28},"end":{"line":8,"column":1}},"line":5},"3":{"name":"(anonymous_3)","decl":{"start":{"line":9,"column":50},"end":{"line":9,"column":51}},"loc":{"start":{"line":9,"column":71},"end":{"line":11,"column":1}},"line":9}},"branchMap":{"0":{"loc":{"start":{"line":2,"column":22},"end":{"line":8,"column":3}},"type":"binary-expr","locations":[{"start":{"line":2,"column":23},"end":{"line":2,"column":27}},{"start":{"line":2,"column":31},"end":{"line":2,"column":51}},{"start":{"line":2,"column":57},"end":{"line":8,"column":2}}],"line":2},"1":{"loc":{"start":{"line":2,"column":57},"end":{"line":8,"column":2}},"type":"cond-expr","locations":[{"start":{"line":2,"column":74},"end":{"line":5,"column":1}},{"start":{"line":5,"column":6},"end":{"line":8,"column":1}}],"line":2},"2":{"loc":{"start":{"line":3,"column":4},"end":{"line":3,"column":33}},"type":"if","locations":[{"start":{"line":3,"column":4},"end":{"line":3,"column":33}},{"start":{"line":3,"column":4},"end":{"line":3,"column":33}}],"line":3},"3":{"loc":{"start":{"line":6,"column":4},"end":{"line":6,"column":33}},"type":"if","locations":[{"start":{"line":6,"column":4},"end":{"line":6,"column":33}},{"start":{"line":6,"column":4},"end":{"line":6,"column":33}}],"line":6},"4":{"loc":{"start":{"line":9,"column":19},"end":{"line":11,"column":1}},"type":"binary-expr","locations":[{"start":{"line":9,"column":20},"end":{"line":9,"column":24}},{"start":{"line":9,"column":28},"end":{"line":9,"column":45}},{"start":{"line":9,"column":50},"end":{"line":11,"column":1}}],"line":9},"5":{"loc":{"start":{"line":10,"column":21},"end":{"line":10,"column":126}},"type":"if","locations":[{"start":{"line":10,"column":21},"end":{"line":10,"column":126}},{"start":{"line":10,"column":21},"end":{"line":10,"column":126}}],"line":10},"6":{"loc":{"start":{"line":10,"column":25},"end":{"line":10,"column":93}},"type":"binary-expr","locations":[{"start":{"line":10,"column":25},"end":{"line":10,"column":40}},{"start":{"line":10,"column":44},"end":{"line":10,"column":93}}],"line":10}},"s":{"0":1,"1":10,"2":10,"3":10,"4":1,"5":0,"6":0,"7":0,"8":1,"9":6,"10":10,"11":10,"12":1,"13":1,"14":1,"15":1,"16":1,"17":1,"18":1,"19":1,"20":1},"f":{"0":10,"1":1,"2":0,"3":6},"b":{"0":[1,1,1],"1":[1,0],"2":[10,0],"3":[0,0],"4":[1,1,1],"5":[10,0],"6":[10,10]},"inputSourceMap":null,"_coverageSchema":"1a1c01bbd47fc00a2c39e90264f33305004495a9","hash":"ed50388d40182f62b3eaf8add60f98297e98a32c"}
,"/Users/madshargreave/Projects/geis-labs/geis/packages/geis-browse/dist/actions/actionFactory.js": {"path":"/Users/madshargreave/Projects/geis-labs/geis/packages/geis-browse/dist/actions/actionFactory.js","statementMap":{"0":{"start":{"line":2,"column":0},"end":{"line":2,"column":62}},"1":{"start":{"line":3,"column":0},"end":{"line":3,"column":53}},"2":{"start":{"line":4,"column":13},"end":{"line":7,"column":2}},"3":{"start":{"line":4,"column":28},"end":{"line":7,"column":1}},"4":{"start":{"line":8,"column":0},"end":{"line":8,"column":20}},"5":{"start":{"line":9,"column":14},"end":{"line":12,"column":2}},"6":{"start":{"line":9,"column":29},"end":{"line":12,"column":1}},"7":{"start":{"line":13,"column":0},"end":{"line":13,"column":22}},"8":{"start":{"line":14,"column":13},"end":{"line":17,"column":2}},"9":{"start":{"line":14,"column":24},"end":{"line":17,"column":1}},"10":{"start":{"line":18,"column":0},"end":{"line":18,"column":20}}},"fnMap":{"0":{"name":"(anonymous_0)","decl":{"start":{"line":4,"column":13},"end":{"line":4,"column":14}},"loc":{"start":{"line":4,"column":28},"end":{"line":7,"column":1}},"line":4},"1":{"name":"(anonymous_1)","decl":{"start":{"line":9,"column":14},"end":{"line":9,"column":15}},"loc":{"start":{"line":9,"column":29},"end":{"line":12,"column":1}},"line":9},"2":{"name":"(anonymous_2)","decl":{"start":{"line":14,"column":13},"end":{"line":14,"column":14}},"loc":{"start":{"line":14,"column":24},"end":{"line":17,"column":1}},"line":14}},"branchMap":{},"s":{"0":1,"1":1,"2":1,"3":0,"4":1,"5":1,"6":0,"7":1,"8":1,"9":0,"10":1},"f":{"0":0,"1":0,"2":0},"b":{},"inputSourceMap":null,"_coverageSchema":"1a1c01bbd47fc00a2c39e90264f33305004495a9","hash":"1e35e9bd436f5bd9739d848b27dcd545105f87a3"}
,"/Users/madshargreave/Projects/geis-labs/geis/packages/geis-browse/dist/actions/actionTypes.js": {"path":"/Users/madshargreave/Projects/geis-labs/geis/packages/geis-browse/dist/actions/actionTypes.js","statementMap":{"0":{"start":{"line":2,"column":0},"end":{"line":2,"column":62}}},"fnMap":{},"branchMap":{},"s":{"0":1},"f":{},"b":{},"inputSourceMap":null,"_coverageSchema":"1a1c01bbd47fc00a2c39e90264f33305004495a9","hash":"f7fad69dd64c00e147dae7d8e0c4ca12cfeaa456"}
,"/Users/madshargreave/Projects/geis-labs/geis/packages/geis-browse/dist/actions/index.js": {"path":"/Users/madshargreave/Projects/geis-labs/geis/packages/geis-browse/dist/actions/index.js","statementMap":{"0":{"start":{"line":2,"column":22},"end":{"line":8,"column":3}},"1":{"start":{"line":3,"column":4},"end":{"line":3,"column":33}},"2":{"start":{"line":3,"column":26},"end":{"line":3,"column":33}},"3":{"start":{"line":4,"column":4},"end":{"line":4,"column":89}},"4":{"start":{"line":4,"column":71},"end":{"line":4,"column":83}},"5":{"start":{"line":6,"column":4},"end":{"line":6,"column":33}},"6":{"start":{"line":6,"column":26},"end":{"line":6,"column":33}},"7":{"start":{"line":7,"column":4},"end":{"line":7,"column":17}},"8":{"start":{"line":9,"column":19},"end":{"line":11,"column":1}},"9":{"start":{"line":10,"column":4},"end":{"line":10,"column":126}},"10":{"start":{"line":10,"column":21},"end":{"line":10,"column":126}},"11":{"start":{"line":10,"column":95},"end":{"line":10,"column":126}},"12":{"start":{"line":12,"column":0},"end":{"line":12,"column":62}},"13":{"start":{"line":13,"column":0},"end":{"line":13,"column":50}},"14":{"start":{"line":14,"column":0},"end":{"line":14,"column":48}}},"fnMap":{"0":{"name":"(anonymous_0)","decl":{"start":{"line":2,"column":74},"end":{"line":2,"column":75}},"loc":{"start":{"line":2,"column":96},"end":{"line":5,"column":1}},"line":2},"1":{"name":"(anonymous_1)","decl":{"start":{"line":4,"column":58},"end":{"line":4,"column":59}},"loc":{"start":{"line":4,"column":69},"end":{"line":4,"column":85}},"line":4},"2":{"name":"(anonymous_2)","decl":{"start":{"line":5,"column":6},"end":{"line":5,"column":7}},"loc":{"start":{"line":5,"column":28},"end":{"line":8,"column":1}},"line":5},"3":{"name":"(anonymous_3)","decl":{"start":{"line":9,"column":50},"end":{"line":9,"column":51}},"loc":{"start":{"line":9,"column":71},"end":{"line":11,"column":1}},"line":9}},"branchMap":{"0":{"loc":{"start":{"line":2,"column":22},"end":{"line":8,"column":3}},"type":"binary-expr","locations":[{"start":{"line":2,"column":23},"end":{"line":2,"column":27}},{"start":{"line":2,"column":31},"end":{"line":2,"column":51}},{"start":{"line":2,"column":57},"end":{"line":8,"column":2}}],"line":2},"1":{"loc":{"start":{"line":2,"column":57},"end":{"line":8,"column":2}},"type":"cond-expr","locations":[{"start":{"line":2,"column":74},"end":{"line":5,"column":1}},{"start":{"line":5,"column":6},"end":{"line":8,"column":1}}],"line":2},"2":{"loc":{"start":{"line":3,"column":4},"end":{"line":3,"column":33}},"type":"if","locations":[{"start":{"line":3,"column":4},"end":{"line":3,"column":33}},{"start":{"line":3,"column":4},"end":{"line":3,"column":33}}],"line":3},"3":{"loc":{"start":{"line":6,"column":4},"end":{"line":6,"column":33}},"type":"if","locations":[{"start":{"line":6,"column":4},"end":{"line":6,"column":33}},{"start":{"line":6,"column":4},"end":{"line":6,"column":33}}],"line":6},"4":{"loc":{"start":{"line":9,"column":19},"end":{"line":11,"column":1}},"type":"binary-expr","locations":[{"start":{"line":9,"column":20},"end":{"line":9,"column":24}},{"start":{"line":9,"column":28},"end":{"line":9,"column":45}},{"start":{"line":9,"column":50},"end":{"line":11,"column":1}}],"line":9},"5":{"loc":{"start":{"line":10,"column":21},"end":{"line":10,"column":126}},"type":"if","locations":[{"start":{"line":10,"column":21},"end":{"line":10,"column":126}},{"start":{"line":10,"column":21},"end":{"line":10,"column":126}}],"line":10},"6":{"loc":{"start":{"line":10,"column":25},"end":{"line":10,"column":93}},"type":"binary-expr","locations":[{"start":{"line":10,"column":25},"end":{"line":10,"column":40}},{"start":{"line":10,"column":44},"end":{"line":10,"column":93}}],"line":10}},"s":{"0":1,"1":3,"2":3,"3":3,"4":6,"5":0,"6":0,"7":0,"8":1,"9":2,"10":3,"11":3,"12":1,"13":1,"14":1},"f":{"0":3,"1":6,"2":0,"3":2},"b":{"0":[1,1,1],"1":[1,0],"2":[3,0],"3":[0,0],"4":[1,1,1],"5":[3,0],"6":[3,3]},"inputSourceMap":null,"_coverageSchema":"1a1c01bbd47fc00a2c39e90264f33305004495a9","hash":"c1ecc07c4beba65b7498d982a072eaee5ab374d5"}
,"/Users/madshargreave/Projects/geis-labs/geis/packages/geis-browse/dist/sessions/index.js": {"path":"/Users/madshargreave/Projects/geis-labs/geis/packages/geis-browse/dist/sessions/index.js","statementMap":{"0":{"start":{"line":2,"column":22},"end":{"line":8,"column":3}},"1":{"start":{"line":3,"column":4},"end":{"line":3,"column":33}},"2":{"start":{"line":3,"column":26},"end":{"line":3,"column":33}},"3":{"start":{"line":4,"column":4},"end":{"line":4,"column":89}},"4":{"start":{"line":4,"column":71},"end":{"line":4,"column":83}},"5":{"start":{"line":6,"column":4},"end":{"line":6,"column":33}},"6":{"start":{"line":6,"column":26},"end":{"line":6,"column":33}},"7":{"start":{"line":7,"column":4},"end":{"line":7,"column":17}},"8":{"start":{"line":9,"column":19},"end":{"line":11,"column":1}},"9":{"start":{"line":10,"column":4},"end":{"line":10,"column":126}},"10":{"start":{"line":10,"column":21},"end":{"line":10,"column":126}},"11":{"start":{"line":10,"column":95},"end":{"line":10,"column":126}},"12":{"start":{"line":12,"column":0},"end":{"line":12,"column":62}},"13":{"start":{"line":13,"column":0},"end":{"line":13,"column":51}},"14":{"start":{"line":14,"column":0},"end":{"line":14,"column":49}},"15":{"start":{"line":15,"column":0},"end":{"line":15,"column":49}},"16":{"start":{"line":16,"column":0},"end":{"line":16,"column":50}},"17":{"start":{"line":17,"column":0},"end":{"line":17,"column":49}}},"fnMap":{"0":{"name":"(anonymous_0)","decl":{"start":{"line":2,"column":74},"end":{"line":2,"column":75}},"loc":{"start":{"line":2,"column":96},"end":{"line":5,"column":1}},"line":2},"1":{"name":"(anonymous_1)","decl":{"start":{"line":4,"column":58},"end":{"line":4,"column":59}},"loc":{"start":{"line":4,"column":69},"end":{"line":4,"column":85}},"line":4},"2":{"name":"(anonymous_2)","decl":{"start":{"line":5,"column":6},"end":{"line":5,"column":7}},"loc":{"start":{"line":5,"column":28},"end":{"line":8,"column":1}},"line":5},"3":{"name":"(anonymous_3)","decl":{"start":{"line":9,"column":50},"end":{"line":9,"column":51}},"loc":{"start":{"line":9,"column":71},"end":{"line":11,"column":1}},"line":9}},"branchMap":{"0":{"loc":{"start":{"line":2,"column":22},"end":{"line":8,"column":3}},"type":"binary-expr","locations":[{"start":{"line":2,"column":23},"end":{"line":2,"column":27}},{"start":{"line":2,"column":31},"end":{"line":2,"column":51}},{"start":{"line":2,"column":57},"end":{"line":8,"column":2}}],"line":2},"1":{"loc":{"start":{"line":2,"column":57},"end":{"line":8,"column":2}},"type":"cond-expr","locations":[{"start":{"line":2,"column":74},"end":{"line":5,"column":1}},{"start":{"line":5,"column":6},"end":{"line":8,"column":1}}],"line":2},"2":{"loc":{"start":{"line":3,"column":4},"end":{"line":3,"column":33}},"type":"if","locations":[{"start":{"line":3,"column":4},"end":{"line":3,"column":33}},{"start":{"line":3,"column":4},"end":{"line":3,"column":33}}],"line":3},"3":{"loc":{"start":{"line":6,"column":4},"end":{"line":6,"column":33}},"type":"if","locations":[{"start":{"line":6,"column":4},"end":{"line":6,"column":33}},{"start":{"line":6,"column":4},"end":{"line":6,"column":33}}],"line":6},"4":{"loc":{"start":{"line":9,"column":19},"end":{"line":11,"column":1}},"type":"binary-expr","locations":[{"start":{"line":9,"column":20},"end":{"line":9,"column":24}},{"start":{"line":9,"column":28},"end":{"line":9,"column":45}},{"start":{"line":9,"column":50},"end":{"line":11,"column":1}}],"line":9},"5":{"loc":{"start":{"line":10,"column":21},"end":{"line":10,"column":126}},"type":"if","locations":[{"start":{"line":10,"column":21},"end":{"line":10,"column":126}},{"start":{"line":10,"column":21},"end":{"line":10,"column":126}}],"line":10},"6":{"loc":{"start":{"line":10,"column":25},"end":{"line":10,"column":93}},"type":"binary-expr","locations":[{"start":{"line":10,"column":25},"end":{"line":10,"column":40}},{"start":{"line":10,"column":44},"end":{"line":10,"column":93}}],"line":10}},"s":{"0":1,"1":3,"2":3,"3":3,"4":2,"5":0,"6":0,"7":0,"8":1,"9":5,"10":3,"11":3,"12":1,"13":1,"14":1,"15":1,"16":1,"17":1},"f":{"0":3,"1":2,"2":0,"3":5},"b":{"0":[1,1,1],"1":[1,0],"2":[3,0],"3":[0,0],"4":[1,1,1],"5":[3,0],"6":[3,3]},"inputSourceMap":null,"_coverageSchema":"1a1c01bbd47fc00a2c39e90264f33305004495a9","hash":"2f1319294d5a5e364730d6650c0f26a3a429f73f"}
,"/Users/madshargreave/Projects/geis-labs/geis/packages/geis-browse/dist/sessions/sessionAdapter.js": {"path":"/Users/madshargreave/Projects/geis-labs/geis/packages/geis-browse/dist/sessions/sessionAdapter.js","statementMap":{"0":{"start":{"line":2,"column":0},"end":{"line":2,"column":62}}},"fnMap":{},"branchMap":{},"s":{"0":1},"f":{},"b":{},"inputSourceMap":null,"_coverageSchema":"1a1c01bbd47fc00a2c39e90264f33305004495a9","hash":"fa19dd2b64ef7587a0cd779c323958cc7a92cd31"}
,"/Users/madshargreave/Projects/geis-labs/geis/packages/geis-browse/dist/sessions/sessionAttrs.js": {"path":"/Users/madshargreave/Projects/geis-labs/geis/packages/geis-browse/dist/sessions/sessionAttrs.js","statementMap":{"0":{"start":{"line":2,"column":0},"end":{"line":2,"column":62}}},"fnMap":{},"branchMap":{},"s":{"0":1},"f":{},"b":{},"inputSourceMap":null,"_coverageSchema":"1a1c01bbd47fc00a2c39e90264f33305004495a9","hash":"80f66440add3a667acceef441324cdbe0250c97f"}
,"/Users/madshargreave/Projects/geis-labs/geis/packages/geis-browse/dist/sessions/sessionEnums.js": {"path":"/Users/madshargreave/Projects/geis-labs/geis/packages/geis-browse/dist/sessions/sessionEnums.js","statementMap":{"0":{"start":{"line":2,"column":0},"end":{"line":2,"column":62}},"1":{"start":{"line":3,"column":0},"end":{"line":3,"column":31}},"2":{"start":{"line":5,"column":0},"end":{"line":9,"column":74}},"3":{"start":{"line":6,"column":4},"end":{"line":6,"column":31}},"4":{"start":{"line":7,"column":4},"end":{"line":7,"column":45}},"5":{"start":{"line":8,"column":4},"end":{"line":8,"column":37}}},"fnMap":{"0":{"name":"(anonymous_0)","decl":{"start":{"line":5,"column":1},"end":{"line":5,"column":2}},"loc":{"start":{"line":5,"column":26},"end":{"line":9,"column":1}},"line":5}},"branchMap":{"0":{"loc":{"start":{"line":9,"column":19},"end":{"line":9,"column":72}},"type":"binary-expr","locations":[{"start":{"line":9,"column":19},"end":{"line":9,"column":40}},{"start":{"line":9,"column":45},"end":{"line":9,"column":71}}],"line":9}},"s":{"0":1,"1":1,"2":1,"3":1,"4":1,"5":1},"f":{"0":1},"b":{"0":[1,1]},"inputSourceMap":null,"_coverageSchema":"1a1c01bbd47fc00a2c39e90264f33305004495a9","hash":"989fe5ddbc9047a4c0a23c816f55e399fed36bcc"}
,"/Users/madshargreave/Projects/geis-labs/geis/packages/geis-browse/dist/sessions/sessionGuards.js": {"path":"/Users/madshargreave/Projects/geis-labs/geis/packages/geis-browse/dist/sessions/sessionGuards.js","statementMap":{"0":{"start":{"line":2,"column":0},"end":{"line":2,"column":62}},"1":{"start":{"line":3,"column":0},"end":{"line":3,"column":44}},"2":{"start":{"line":5,"column":4},"end":{"line":5,"column":39}},"3":{"start":{"line":7,"column":0},"end":{"line":7,"column":28}},"4":{"start":{"line":9,"column":4},"end":{"line":9,"column":35}},"5":{"start":{"line":11,"column":0},"end":{"line":11,"column":26}}},"fnMap":{"0":{"name":"isReused","decl":{"start":{"line":4,"column":9},"end":{"line":4,"column":17}},"loc":{"start":{"line":4,"column":25},"end":{"line":6,"column":1}},"line":4},"1":{"name":"isFresh","decl":{"start":{"line":8,"column":9},"end":{"line":8,"column":16}},"loc":{"start":{"line":8,"column":24},"end":{"line":10,"column":1}},"line":8}},"branchMap":{},"s":{"0":1,"1":1,"2":1,"3":1,"4":0,"5":1},"f":{"0":1,"1":0},"b":{},"inputSourceMap":null,"_coverageSchema":"1a1c01bbd47fc00a2c39e90264f33305004495a9","hash":"bfe97b73202610f3297322c317303cb14a477231"}
,"/Users/madshargreave/Projects/geis-labs/geis/packages/geis-browse/dist/sessions/sessionTypes.js": {"path":"/Users/madshargreave/Projects/geis-labs/geis/packages/geis-browse/dist/sessions/sessionTypes.js","statementMap":{"0":{"start":{"line":2,"column":0},"end":{"line":2,"column":62}}},"fnMap":{},"branchMap":{},"s":{"0":1},"f":{},"b":{},"inputSourceMap":null,"_coverageSchema":"1a1c01bbd47fc00a2c39e90264f33305004495a9","hash":"b28778168c39912e8c0497e5940ff00b112b8db4"}
,"/Users/madshargreave/Projects/geis-labs/geis/packages/geis-browse/dist/test/index.js": {"path":"/Users/madshargreave/Projects/geis-labs/geis/packages/geis-browse/dist/test/index.js","statementMap":{"0":{"start":{"line":2,"column":22},"end":{"line":8,"column":3}},"1":{"start":{"line":3,"column":4},"end":{"line":3,"column":33}},"2":{"start":{"line":3,"column":26},"end":{"line":3,"column":33}},"3":{"start":{"line":4,"column":4},"end":{"line":4,"column":89}},"4":{"start":{"line":4,"column":71},"end":{"line":4,"column":83}},"5":{"start":{"line":6,"column":4},"end":{"line":6,"column":33}},"6":{"start":{"line":6,"column":26},"end":{"line":6,"column":33}},"7":{"start":{"line":7,"column":4},"end":{"line":7,"column":17}},"8":{"start":{"line":9,"column":19},"end":{"line":11,"column":1}},"9":{"start":{"line":10,"column":4},"end":{"line":10,"column":126}},"10":{"start":{"line":10,"column":21},"end":{"line":10,"column":126}},"11":{"start":{"line":10,"column":95},"end":{"line":10,"column":126}},"12":{"start":{"line":12,"column":0},"end":{"line":12,"column":62}},"13":{"start":{"line":13,"column":0},"end":{"line":13,"column":45}},"14":{"start":{"line":14,"column":0},"end":{"line":14,"column":47}},"15":{"start":{"line":15,"column":0},"end":{"line":15,"column":49}}},"fnMap":{"0":{"name":"(anonymous_0)","decl":{"start":{"line":2,"column":74},"end":{"line":2,"column":75}},"loc":{"start":{"line":2,"column":96},"end":{"line":5,"column":1}},"line":2},"1":{"name":"(anonymous_1)","decl":{"start":{"line":4,"column":58},"end":{"line":4,"column":59}},"loc":{"start":{"line":4,"column":69},"end":{"line":4,"column":85}},"line":4},"2":{"name":"(anonymous_2)","decl":{"start":{"line":5,"column":6},"end":{"line":5,"column":7}},"loc":{"start":{"line":5,"column":28},"end":{"line":8,"column":1}},"line":5},"3":{"name":"(anonymous_3)","decl":{"start":{"line":9,"column":50},"end":{"line":9,"column":51}},"loc":{"start":{"line":9,"column":71},"end":{"line":11,"column":1}},"line":9}},"branchMap":{"0":{"loc":{"start":{"line":2,"column":22},"end":{"line":8,"column":3}},"type":"binary-expr","locations":[{"start":{"line":2,"column":23},"end":{"line":2,"column":27}},{"start":{"line":2,"column":31},"end":{"line":2,"column":51}},{"start":{"line":2,"column":57},"end":{"line":8,"column":2}}],"line":2},"1":{"loc":{"start":{"line":2,"column":57},"end":{"line":8,"column":2}},"type":"cond-expr","locations":[{"start":{"line":2,"column":74},"end":{"line":5,"column":1}},{"start":{"line":5,"column":6},"end":{"line":8,"column":1}}],"line":2},"2":{"loc":{"start":{"line":3,"column":4},"end":{"line":3,"column":33}},"type":"if","locations":[{"start":{"line":3,"column":4},"end":{"line":3,"column":33}},{"start":{"line":3,"column":4},"end":{"line":3,"column":33}}],"line":3},"3":{"loc":{"start":{"line":6,"column":4},"end":{"line":6,"column":33}},"type":"if","locations":[{"start":{"line":6,"column":4},"end":{"line":6,"column":33}},{"start":{"line":6,"column":4},"end":{"line":6,"column":33}}],"line":6},"4":{"loc":{"start":{"line":9,"column":19},"end":{"line":11,"column":1}},"type":"binary-expr","locations":[{"start":{"line":9,"column":20},"end":{"line":9,"column":24}},{"start":{"line":9,"column":28},"end":{"line":9,"column":45}},{"start":{"line":9,"column":50},"end":{"line":11,"column":1}}],"line":9},"5":{"loc":{"start":{"line":10,"column":21},"end":{"line":10,"column":126}},"type":"if","locations":[{"start":{"line":10,"column":21},"end":{"line":10,"column":126}},{"start":{"line":10,"column":21},"end":{"line":10,"column":126}}],"line":10},"6":{"loc":{"start":{"line":10,"column":25},"end":{"line":10,"column":93}},"type":"binary-expr","locations":[{"start":{"line":10,"column":25},"end":{"line":10,"column":40}},{"start":{"line":10,"column":44},"end":{"line":10,"column":93}}],"line":10}},"s":{"0":1,"1":2,"2":2,"3":2,"4":1,"5":0,"6":0,"7":0,"8":1,"9":3,"10":2,"11":2,"12":1,"13":1,"14":1,"15":1},"f":{"0":2,"1":1,"2":0,"3":3},"b":{"0":[1,1,1],"1":[1,0],"2":[2,0],"3":[0,0],"4":[1,1,1],"5":[2,0],"6":[2,2]},"inputSourceMap":null,"_coverageSchema":"1a1c01bbd47fc00a2c39e90264f33305004495a9","hash":"c9c05d274e582e4c7fa7a277ec874bcfd546b930"}
,"/Users/madshargreave/Projects/geis-labs/geis/packages/geis-browse/dist/test/testConfig.js": {"path":"/Users/madshargreave/Projects/geis-labs/geis/packages/geis-browse/dist/test/testConfig.js","statementMap":{"0":{"start":{"line":2,"column":0},"end":{"line":2,"column":62}}},"fnMap":{},"branchMap":{},"s":{"0":1},"f":{},"b":{},"inputSourceMap":null,"_coverageSchema":"1a1c01bbd47fc00a2c39e90264f33305004495a9","hash":"ca0543bad56200d28c900e91d892d67f0c04fd7a"}
,"/Users/madshargreave/Projects/geis-labs/geis/packages/geis-browse/dist/test/testGuards.js": {"path":"/Users/madshargreave/Projects/geis-labs/geis/packages/geis-browse/dist/test/testGuards.js","statementMap":{"0":{"start":{"line":2,"column":0},"end":{"line":2,"column":62}},"1":{"start":{"line":3,"column":0},"end":{"line":3,"column":43}},"2":{"start":{"line":5,"column":4},"end":{"line":5,"column":41}},"3":{"start":{"line":7,"column":0},"end":{"line":7,"column":30}},"4":{"start":{"line":9,"column":4},"end":{"line":9,"column":31}},"5":{"start":{"line":11,"column":0},"end":{"line":11,"column":22}}},"fnMap":{"0":{"name":"isReducer","decl":{"start":{"line":4,"column":9},"end":{"line":4,"column":18}},"loc":{"start":{"line":4,"column":28},"end":{"line":6,"column":1}},"line":4},"1":{"name":"isRaw","decl":{"start":{"line":8,"column":9},"end":{"line":8,"column":14}},"loc":{"start":{"line":8,"column":24},"end":{"line":10,"column":1}},"line":8}},"branchMap":{},"s":{"0":1,"1":1,"2":1,"3":1,"4":1,"5":1},"f":{"0":1,"1":1},"b":{},"inputSourceMap":null,"_coverageSchema":"1a1c01bbd47fc00a2c39e90264f33305004495a9","hash":"b8369844080d093710c0874770d590dac1056484"}
,"/Users/madshargreave/Projects/geis-labs/geis/packages/geis-browse/dist/test/testImpl.js": {"path":"/Users/madshargreave/Projects/geis-labs/geis/packages/geis-browse/dist/test/testImpl.js","statementMap":{"0":{"start":{"line":2,"column":16},"end":{"line":10,"column":1}},"1":{"start":{"line":3,"column":28},"end":{"line":3,"column":110}},"2":{"start":{"line":3,"column":91},"end":{"line":3,"column":106}},"3":{"start":{"line":4,"column":4},"end":{"line":9,"column":7}},"4":{"start":{"line":5,"column":36},"end":{"line":5,"column":97}},"5":{"start":{"line":5,"column":42},"end":{"line":5,"column":70}},"6":{"start":{"line":5,"column":85},"end":{"line":5,"column":95}},"7":{"start":{"line":6,"column":35},"end":{"line":6,"column":100}},"8":{"start":{"line":6,"column":41},"end":{"line":6,"column":73}},"9":{"start":{"line":6,"column":88},"end":{"line":6,"column":98}},"10":{"start":{"line":7,"column":32},"end":{"line":7,"column":116}},"11":{"start":{"line":8,"column":8},"end":{"line":8,"column":78}},"12":{"start":{"line":11,"column":29},"end":{"line":17,"column":1}},"13":{"start":{"line":12,"column":4},"end":{"line":14,"column":5}},"14":{"start":{"line":13,"column":8},"end":{"line":13,"column":78}},"15":{"start":{"line":15,"column":4},"end":{"line":15,"column":36}},"16":{"start":{"line":16,"column":4},"end":{"line":16,"column":17}},"17":{"start":{"line":18,"column":29},"end":{"line":23,"column":1}},"18":{"start":{"line":19,"column":4},"end":{"line":21,"column":5}},"19":{"start":{"line":20,"column":8},"end":{"line":20,"column":78}},"20":{"start":{"line":22,"column":4},"end":{"line":22,"column":36}},"21":{"start":{"line":25,"column":0},"end":{"line":25,"column":62}},"22":{"start":{"line":26,"column":0},"end":{"line":26,"column":35}},"23":{"start":{"line":27,"column":20},"end":{"line":27,"column":50}},"24":{"start":{"line":28,"column":14},"end":{"line":28,"column":28}},"25":{"start":{"line":29,"column":19},"end":{"line":29,"column":41}},"26":{"start":{"line":30,"column":20},"end":{"line":30,"column":42}},"27":{"start":{"line":34,"column":8},"end":{"line":34,"column":29}},"28":{"start":{"line":35,"column":8},"end":{"line":35,"column":35}},"29":{"start":{"line":36,"column":8},"end":{"line":36,"column":106}},"30":{"start":{"line":37,"column":8},"end":{"line":37,"column":32}},"31":{"start":{"line":40,"column":8},"end":{"line":73,"column":11}},"32":{"start":{"line":41,"column":29},"end":{"line":41,"column":92}},"33":{"start":{"line":42,"column":28},"end":{"line":42,"column":41}},"34":{"start":{"line":43,"column":31},"end":{"line":50,"column":24}},"35":{"start":{"line":44,"column":16},"end":{"line":46,"column":17}},"36":{"start":{"line":45,"column":20},"end":{"line":45,"column":31}},"37":{"start":{"line":47,"column":32},"end":{"line":47,"column":50}},"38":{"start":{"line":48,"column":16},"end":{"line":48,"column":47}},"39":{"start":{"line":49,"column":16},"end":{"line":49,"column":42}},"40":{"start":{"line":51,"column":32},"end":{"line":51,"column":84}},"41":{"start":{"line":52,"column":29},"end":{"line":52,"column":75}},"42":{"start":{"line":53,"column":12},"end":{"line":55,"column":13}},"43":{"start":{"line":54,"column":16},"end":{"line":54,"column":72}},"44":{"start":{"line":57,"column":29},"end":{"line":63,"column":13}},"45":{"start":{"line":60,"column":37},"end":{"line":60,"column":94}},"46":{"start":{"line":61,"column":32},"end":{"line":61,"column":106}},"47":{"start":{"line":62,"column":33},"end":{"line":62,"column":73}},"48":{"start":{"line":64,"column":12},"end":{"line":72,"column":15}},"49":{"start":{"line":66,"column":20},"end":{"line":69,"column":21}},"50":{"start":{"line":68,"column":24},"end":{"line":68,"column":57}},"51":{"start":{"line":70,"column":20},"end":{"line":70,"column":59}},"52":{"start":{"line":76,"column":8},"end":{"line":76,"column":15}},"53":{"start":{"line":79,"column":0},"end":{"line":79,"column":46}},"54":{"start":{"line":80,"column":0},"end":{"line":80,"column":25}}},"fnMap":{"0":{"name":"(anonymous_0)","decl":{"start":{"line":2,"column":44},"end":{"line":2,"column":45}},"loc":{"start":{"line":2,"column":89},"end":{"line":10,"column":1}},"line":2},"1":{"name":"adopt","decl":{"start":{"line":3,"column":13},"end":{"line":3,"column":18}},"loc":{"start":{"line":3,"column":26},"end":{"line":3,"column":112}},"line":3},"2":{"name":"(anonymous_2)","decl":{"start":{"line":3,"column":70},"end":{"line":3,"column":71}},"loc":{"start":{"line":3,"column":89},"end":{"line":3,"column":108}},"line":3},"3":{"name":"(anonymous_3)","decl":{"start":{"line":4,"column":36},"end":{"line":4,"column":37}},"loc":{"start":{"line":4,"column":63},"end":{"line":9,"column":5}},"line":4},"4":{"name":"fulfilled","decl":{"start":{"line":5,"column":17},"end":{"line":5,"column":26}},"loc":{"start":{"line":5,"column":34},"end":{"line":5,"column":99}},"line":5},"5":{"name":"rejected","decl":{"start":{"line":6,"column":17},"end":{"line":6,"column":25}},"loc":{"start":{"line":6,"column":33},"end":{"line":6,"column":102}},"line":6},"6":{"name":"step","decl":{"start":{"line":7,"column":17},"end":{"line":7,"column":21}},"loc":{"start":{"line":7,"column":30},"end":{"line":7,"column":118}},"line":7},"7":{"name":"(anonymous_7)","decl":{"start":{"line":11,"column":70},"end":{"line":11,"column":71}},"loc":{"start":{"line":11,"column":109},"end":{"line":17,"column":1}},"line":11},"8":{"name":"(anonymous_8)","decl":{"start":{"line":18,"column":70},"end":{"line":18,"column":71}},"loc":{"start":{"line":18,"column":102},"end":{"line":23,"column":1}},"line":18},"9":{"name":"(anonymous_9)","decl":{"start":{"line":32,"column":4},"end":{"line":32,"column":5}},"loc":{"start":{"line":32,"column":24},"end":{"line":38,"column":5}},"line":32},"10":{"name":"(anonymous_10)","decl":{"start":{"line":39,"column":4},"end":{"line":39,"column":5}},"loc":{"start":{"line":39,"column":18},"end":{"line":74,"column":5}},"line":39},"11":{"name":"(anonymous_11)","decl":{"start":{"line":40,"column":47},"end":{"line":40,"column":48}},"loc":{"start":{"line":40,"column":60},"end":{"line":73,"column":9}},"line":40},"12":{"name":"(anonymous_12)","decl":{"start":{"line":43,"column":46},"end":{"line":43,"column":47}},"loc":{"start":{"line":43,"column":63},"end":{"line":50,"column":13}},"line":43},"13":{"name":"(anonymous_13)","decl":{"start":{"line":60,"column":23},"end":{"line":60,"column":24}},"loc":{"start":{"line":60,"column":37},"end":{"line":60,"column":94}},"line":60},"14":{"name":"(anonymous_14)","decl":{"start":{"line":61,"column":26},"end":{"line":61,"column":27}},"loc":{"start":{"line":61,"column":32},"end":{"line":61,"column":106}},"line":61},"15":{"name":"(anonymous_15)","decl":{"start":{"line":62,"column":27},"end":{"line":62,"column":28}},"loc":{"start":{"line":62,"column":33},"end":{"line":62,"column":73}},"line":62},"16":{"name":"(anonymous_16)","decl":{"start":{"line":65,"column":16},"end":{"line":65,"column":17}},"loc":{"start":{"line":65,"column":34},"end":{"line":71,"column":17}},"line":65},"17":{"name":"(anonymous_17)","decl":{"start":{"line":75,"column":4},"end":{"line":75,"column":5}},"loc":{"start":{"line":75,"column":21},"end":{"line":77,"column":5}},"line":75}},"branchMap":{"0":{"loc":{"start":{"line":2,"column":16},"end":{"line":10,"column":1}},"type":"binary-expr","locations":[{"start":{"line":2,"column":17},"end":{"line":2,"column":21}},{"start":{"line":2,"column":25},"end":{"line":2,"column":39}},{"start":{"line":2,"column":44},"end":{"line":10,"column":1}}],"line":2},"1":{"loc":{"start":{"line":3,"column":35},"end":{"line":3,"column":109}},"type":"cond-expr","locations":[{"start":{"line":3,"column":56},"end":{"line":3,"column":61}},{"start":{"line":3,"column":64},"end":{"line":3,"column":109}}],"line":3},"2":{"loc":{"start":{"line":4,"column":16},"end":{"line":4,"column":34}},"type":"binary-expr","locations":[{"start":{"line":4,"column":16},"end":{"line":4,"column":17}},{"start":{"line":4,"column":22},"end":{"line":4,"column":33}}],"line":4},"3":{"loc":{"start":{"line":7,"column":32},"end":{"line":7,"column":115}},"type":"cond-expr","locations":[{"start":{"line":7,"column":46},"end":{"line":7,"column":67}},{"start":{"line":7,"column":70},"end":{"line":7,"column":115}}],"line":7},"4":{"loc":{"start":{"line":8,"column":51},"end":{"line":8,"column":67}},"type":"binary-expr","locations":[{"start":{"line":8,"column":51},"end":{"line":8,"column":61}},{"start":{"line":8,"column":65},"end":{"line":8,"column":67}}],"line":8},"5":{"loc":{"start":{"line":11,"column":29},"end":{"line":17,"column":1}},"type":"binary-expr","locations":[{"start":{"line":11,"column":30},"end":{"line":11,"column":34}},{"start":{"line":11,"column":38},"end":{"line":11,"column":65}},{"start":{"line":11,"column":70},"end":{"line":17,"column":1}}],"line":11},"6":{"loc":{"start":{"line":12,"column":4},"end":{"line":14,"column":5}},"type":"if","locations":[{"start":{"line":12,"column":4},"end":{"line":14,"column":5}},{"start":{"line":12,"column":4},"end":{"line":14,"column":5}}],"line":12},"7":{"loc":{"start":{"line":18,"column":29},"end":{"line":23,"column":1}},"type":"binary-expr","locations":[{"start":{"line":18,"column":30},"end":{"line":18,"column":34}},{"start":{"line":18,"column":38},"end":{"line":18,"column":65}},{"start":{"line":18,"column":70},"end":{"line":23,"column":1}}],"line":18},"8":{"loc":{"start":{"line":19,"column":4},"end":{"line":21,"column":5}},"type":"if","locations":[{"start":{"line":19,"column":4},"end":{"line":21,"column":5}},{"start":{"line":19,"column":4},"end":{"line":21,"column":5}}],"line":19},"9":{"loc":{"start":{"line":36,"column":47},"end":{"line":36,"column":104}},"type":"cond-expr","locations":[{"start":{"line":36,"column":97},"end":{"line":36,"column":99}},{"start":{"line":36,"column":102},"end":{"line":36,"column":104}}],"line":36},"10":{"loc":{"start":{"line":36,"column":47},"end":{"line":36,"column":94}},"type":"binary-expr","locations":[{"start":{"line":36,"column":47},"end":{"line":36,"column":77}},{"start":{"line":36,"column":81},"end":{"line":36,"column":94}}],"line":36},"11":{"loc":{"start":{"line":41,"column":29},"end":{"line":41,"column":92}},"type":"cond-expr","locations":[{"start":{"line":41,"column":58},"end":{"line":41,"column":80}},{"start":{"line":41,"column":83},"end":{"line":41,"column":92}}],"line":41},"12":{"loc":{"start":{"line":44,"column":16},"end":{"line":46,"column":17}},"type":"if","locations":[{"start":{"line":44,"column":16},"end":{"line":46,"column":17}},{"start":{"line":44,"column":16},"end":{"line":46,"column":17}}],"line":44},"13":{"loc":{"start":{"line":53,"column":12},"end":{"line":55,"column":13}},"type":"if","locations":[{"start":{"line":53,"column":12},"end":{"line":55,"column":13}},{"start":{"line":53,"column":12},"end":{"line":55,"column":13}}],"line":53},"14":{"loc":{"start":{"line":61,"column":32},"end":{"line":61,"column":106}},"type":"cond-expr","locations":[{"start":{"line":61,"column":75},"end":{"line":61,"column":83}},{"start":{"line":61,"column":86},"end":{"line":61,"column":106}}],"line":61},"15":{"loc":{"start":{"line":61,"column":32},"end":{"line":61,"column":72}},"type":"binary-expr","locations":[{"start":{"line":61,"column":32},"end":{"line":61,"column":49}},{"start":{"line":61,"column":53},"end":{"line":61,"column":72}}],"line":61},"16":{"loc":{"start":{"line":62,"column":33},"end":{"line":62,"column":73}},"type":"cond-expr","locations":[{"start":{"line":62,"column":64},"end":{"line":62,"column":66}},{"start":{"line":62,"column":69},"end":{"line":62,"column":73}}],"line":62},"17":{"loc":{"start":{"line":62,"column":33},"end":{"line":62,"column":61}},"type":"binary-expr","locations":[{"start":{"line":62,"column":33},"end":{"line":62,"column":44}},{"start":{"line":62,"column":48},"end":{"line":62,"column":61}}],"line":62},"18":{"loc":{"start":{"line":66,"column":20},"end":{"line":69,"column":21}},"type":"if","locations":[{"start":{"line":66,"column":20},"end":{"line":69,"column":21}},{"start":{"line":66,"column":20},"end":{"line":69,"column":21}}],"line":66}},"s":{"0":1,"1":0,"2":0,"3":1,"4":0,"5":0,"6":0,"7":0,"8":0,"9":0,"10":1,"11":1,"12":1,"13":1,"14":0,"15":1,"16":1,"17":1,"18":1,"19":0,"20":1,"21":1,"22":1,"23":1,"24":1,"25":1,"26":1,"27":1,"28":1,"29":1,"30":1,"31":1,"32":1,"33":1,"34":1,"35":0,"36":0,"37":0,"38":0,"39":0,"40":1,"41":1,"42":1,"43":0,"44":1,"45":5,"46":0,"47":0,"48":1,"49":5,"50":0,"51":5,"52":1,"53":1,"54":1},"f":{"0":1,"1":0,"2":0,"3":1,"4":0,"5":0,"6":1,"7":1,"8":1,"9":1,"10":1,"11":1,"12":0,"13":5,"14":0,"15":0,"16":5,"17":1},"b":{"0":[1,1,1],"1":[0,0],"2":[1,1],"3":[1,0],"4":[1,1],"5":[1,1,1],"6":[0,1],"7":[1,1,1],"8":[0,1],"9":[1,0],"10":[1,1],"11":[0,1],"12":[0,0],"13":[0,1],"14":[0,0],"15":[0,0],"16":[0,0],"17":[0,0],"18":[0,5]},"inputSourceMap":null,"_coverageSchema":"1a1c01bbd47fc00a2c39e90264f33305004495a9","hash":"dec54a991be401845307b718cf0ce780a86ce13f"}
,"/Users/madshargreave/Projects/geis-labs/geis/packages/geis-browse/dist/test/testProvider.js": {"path":"/Users/madshargreave/Projects/geis-labs/geis/packages/geis-browse/dist/test/testProvider.js","statementMap":{"0":{"start":{"line":2,"column":0},"end":{"line":2,"column":62}},"1":{"start":{"line":3,"column":0},"end":{"line":3,"column":22}},"2":{"start":{"line":4,"column":20},"end":{"line":4,"column":50}},"3":{"start":{"line":5,"column":19},"end":{"line":5,"column":40}},"4":{"start":{"line":7,"column":4},"end":{"line":15,"column":6}},"5":{"start":{"line":9,"column":8},"end":{"line":14,"column":11}},"6":{"start":{"line":17,"column":0},"end":{"line":17,"column":20}}},"fnMap":{"0":{"name":"mock","decl":{"start":{"line":6,"column":9},"end":{"line":6,"column":13}},"loc":{"start":{"line":6,"column":39},"end":{"line":16,"column":1}},"line":6},"1":{"name":"(anonymous_1)","decl":{"start":{"line":7,"column":11},"end":{"line":7,"column":12}},"loc":{"start":{"line":7,"column":17},"end":{"line":15,"column":5}},"line":7}},"branchMap":{"0":{"loc":{"start":{"line":6,"column":14},"end":{"line":6,"column":26}},"type":"default-arg","locations":[{"start":{"line":6,"column":24},"end":{"line":6,"column":26}}],"line":6},"1":{"loc":{"start":{"line":6,"column":28},"end":{"line":6,"column":37}},"type":"default-arg","locations":[{"start":{"line":6,"column":35},"end":{"line":6,"column":37}}],"line":6},"2":{"loc":{"start":{"line":12,"column":25},"end":{"line":12,"column":87}},"type":"cond-expr","locations":[{"start":{"line":12,"column":73},"end":{"line":12,"column":75}},{"start":{"line":12,"column":78},"end":{"line":12,"column":87}}],"line":12},"3":{"loc":{"start":{"line":12,"column":25},"end":{"line":12,"column":70}},"type":"binary-expr","locations":[{"start":{"line":12,"column":25},"end":{"line":12,"column":53}},{"start":{"line":12,"column":57},"end":{"line":12,"column":70}}],"line":12}},"s":{"0":1,"1":1,"2":1,"3":1,"4":1,"5":1,"6":1},"f":{"0":1,"1":1},"b":{"0":[0],"1":[1],"2":[0,1],"3":[1,1]},"inputSourceMap":null,"_coverageSchema":"1a1c01bbd47fc00a2c39e90264f33305004495a9","hash":"9b26cb5d37cdc9321a7f3c339cee86d987b1fe97"}
,"/Users/madshargreave/Projects/geis-labs/geis/packages/geis-browse/dist/test/testUtils.js": {"path":"/Users/madshargreave/Projects/geis-labs/geis/packages/geis-browse/dist/test/testUtils.js","statementMap":{"0":{"start":{"line":2,"column":0},"end":{"line":2,"column":62}},"1":{"start":{"line":3,"column":0},"end":{"line":3,"column":30}},"2":{"start":{"line":4,"column":21},"end":{"line":4,"column":44}},"3":{"start":{"line":6,"column":4},"end":{"line":8,"column":5}},"4":{"start":{"line":7,"column":8},"end":{"line":7,"column":23}},"5":{"start":{"line":9,"column":4},"end":{"line":16,"column":5}},"6":{"start":{"line":10,"column":24},"end":{"line":10,"column":61}},"7":{"start":{"line":11,"column":8},"end":{"line":11,"column":78}},"8":{"start":{"line":11,"column":47},"end":{"line":11,"column":67}},"9":{"start":{"line":14,"column":8},"end":{"line":14,"column":61}},"10":{"start":{"line":15,"column":8},"end":{"line":15,"column":20}},"11":{"start":{"line":18,"column":0},"end":{"line":18,"column":36}}},"fnMap":{"0":{"name":"applyActions","decl":{"start":{"line":5,"column":9},"end":{"line":5,"column":21}},"loc":{"start":{"line":5,"column":40},"end":{"line":17,"column":1}},"line":5},"1":{"name":"(anonymous_1)","decl":{"start":{"line":11,"column":30},"end":{"line":11,"column":31}},"loc":{"start":{"line":11,"column":47},"end":{"line":11,"column":67}},"line":11}},"branchMap":{"0":{"loc":{"start":{"line":6,"column":4},"end":{"line":8,"column":5}},"type":"if","locations":[{"start":{"line":6,"column":4},"end":{"line":8,"column":5}},{"start":{"line":6,"column":4},"end":{"line":8,"column":5}}],"line":6}},"s":{"0":1,"1":1,"2":1,"3":1,"4":1,"5":0,"6":0,"7":0,"8":0,"9":0,"10":0,"11":1},"f":{"0":1,"1":0},"b":{"0":[1,0]},"inputSourceMap":null,"_coverageSchema":"1a1c01bbd47fc00a2c39e90264f33305004495a9","hash":"f4cde19cb0cfb0abc4a0f07a1f68cc5d45af5012"}
,"/Users/madshargreave/Projects/geis-labs/geis/packages/geis-browse/lib/browseConstants.ts": {"path":"/Users/madshargreave/Projects/geis-labs/geis/packages/geis-browse/lib/browseConstants.ts","statementMap":{"0":{"start":{"line":1,"column":0},"end":{"line":1,"column":54}},"1":{"start":{"line":3,"column":0},"end":{"line":3,"column":42}},"2":{"start":{"line":5,"column":49},"end":{"line":8,"column":6}},"3":{"start":{"line":6,"column":4},"end":{"line":8,"column":6}},"4":{"start":{"line":5,"column":13},"end":{"line":5,"column":49}}},"fnMap":{"0":{"name":"(anonymous_0)","decl":{"start":{"line":5,"column":49},"end":{"line":5,"column":52}},"loc":{"start":{"line":6,"column":4},"end":{"line":8,"column":6}}}},"branchMap":{},"s":{"0":9,"1":9,"2":9,"3":0,"4":9},"f":{"0":0},"b":{}}
,"/Users/madshargreave/Projects/geis-labs/geis/packages/geis-browse/lib/browseFacade.ts": {"path":"/Users/madshargreave/Projects/geis-labs/geis/packages/geis-browse/lib/browseFacade.ts","statementMap":{"0":{"start":{"line":1,"column":0},"end":{"line":1,"column":48}},"1":{"start":{"line":3,"column":0},"end":{"line":3,"column":52}},"2":{"start":{"line":5,"column":0},"end":{"line":5,"column":54}},"3":{"start":{"line":14,"column":43},"end":{"line":14,"column":54}},"4":{"start":{"line":15,"column":21},"end":{"line":15,"column":40}},"5":{"start":{"line":16,"column":20},"end":{"line":16,"column":42}},"6":{"start":{"line":18,"column":4},"end":{"line":60,"column":null}},"7":{"start":{"line":19,"column":8},"end":{"line":37,"column":null}},"8":{"start":{"line":20,"column":12},"end":{"line":27,"column":null}},"9":{"start":{"line":29,"column":12},"end":{"line":36,"column":null}},"10":{"start":{"line":39,"column":8},"end":{"line":59,"column":null}},"11":{"start":{"line":40,"column":12},"end":{"line":48,"column":null}},"12":{"start":{"line":50,"column":12},"end":{"line":58,"column":null}},"13":{"start":{"line":8,"column":0},"end":{"line":8,"column":16}}},"fnMap":{"0":{"name":"browse","decl":{"start":{"line":8,"column":16},"end":{"line":8,"column":22}},"loc":{"start":{"line":12,"column":42},"end":{"line":61,"column":1}}}},"branchMap":{"0":{"loc":{"start":{"line":12,"column":40},"end":{"line":12,"column":42}},"type":"default-arg","locations":[{"start":{"line":12,"column":40},"end":{"line":12,"column":42}}]},"1":{"loc":{"start":{"line":14,"column":22},"end":{"line":14,"column":38}},"type":"default-arg","locations":[{"start":{"line":14,"column":22},"end":{"line":14,"column":38}}]},"2":{"loc":{"start":{"line":18,"column":4},"end":{"line":60,"column":null}},"type":"if","locations":[{"start":{"line":18,"column":4},"end":{"line":60,"column":null}},{"start":{"line":18,"column":4},"end":{"line":60,"column":null}}]},"3":{"loc":{"start":{"line":19,"column":8},"end":{"line":37,"column":null}},"type":"if","locations":[{"start":{"line":19,"column":8},"end":{"line":37,"column":null}},{"start":{"line":19,"column":8},"end":{"line":37,"column":null}}]},"4":{"loc":{"start":{"line":39,"column":8},"end":{"line":59,"column":null}},"type":"if","locations":[{"start":{"line":39,"column":8},"end":{"line":59,"column":null}},{"start":{"line":39,"column":8},"end":{"line":59,"column":null}}]}},"s":{"0":9,"1":9,"2":9,"3":14,"4":14,"5":14,"6":14,"7":11,"8":11,"9":0,"10":3,"11":2,"12":1,"13":9},"f":{"0":14},"b":{"0":[0],"1":[0],"2":[11,3],"3":[11,0],"4":[2,1]}}
,"/Users/madshargreave/Projects/geis-labs/geis/packages/geis-browse/lib/browseProvider.ts": {"path":"/Users/madshargreave/Projects/geis-labs/geis/packages/geis-browse/lib/browseProvider.ts","statementMap":{"0":{"start":{"line":3,"column":0},"end":{"line":3,"column":40}},"1":{"start":{"line":4,"column":0},"end":{"line":4,"column":45}},"2":{"start":{"line":9,"column":4},"end":{"line":25,"column":null}},"3":{"start":{"line":16,"column":12},"end":{"line":18,"column":null}},"4":{"start":{"line":7,"column":0},"end":{"line":7,"column":16}},"5":{"start":{"line":28,"column":13},"end":{"line":28,"column":null}}},"fnMap":{"0":{"name":"config","decl":{"start":{"line":7,"column":16},"end":{"line":7,"column":22}},"loc":{"start":{"line":7,"column":62},"end":{"line":26,"column":1}}},"1":{"name":"(anonymous_7)","decl":{"start":{"line":10,"column":8},"end":{"line":10,"column":null}},"loc":{"start":{"line":16,"column":12},"end":{"line":18,"column":null}}}},"branchMap":{"0":{"loc":{"start":{"line":7,"column":60},"end":{"line":7,"column":62}},"type":"default-arg","locations":[{"start":{"line":7,"column":60},"end":{"line":7,"column":62}}]},"1":{"loc":{"start":{"line":14,"column":48},"end":{"line":14,"column":50}},"type":"default-arg","locations":[{"start":{"line":14,"column":48},"end":{"line":14,"column":50}}]}},"s":{"0":9,"1":9,"2":18,"3":14,"4":9,"5":9},"f":{"0":18,"1":14},"b":{"0":[9],"1":[14]}}
,"/Users/madshargreave/Projects/geis-labs/geis/packages/geis-browse/lib/browseUtils.ts": {"path":"/Users/madshargreave/Projects/geis-labs/geis/packages/geis-browse/lib/browseUtils.ts","statementMap":{"0":{"start":{"line":5,"column":4},"end":{"line":7,"column":null}},"1":{"start":{"line":6,"column":8},"end":{"line":6,"column":null}},"2":{"start":{"line":8,"column":4},"end":{"line":10,"column":null}},"3":{"start":{"line":9,"column":8},"end":{"line":9,"column":null}},"4":{"start":{"line":11,"column":4},"end":{"line":11,"column":null}},"5":{"start":{"line":4,"column":0},"end":{"line":4,"column":16}},"6":{"start":{"line":17,"column":4},"end":{"line":19,"column":null}},"7":{"start":{"line":14,"column":0},"end":{"line":14,"column":16}},"8":{"start":{"line":27,"column":4},"end":{"line":29,"column":null}},"9":{"start":{"line":28,"column":8},"end":{"line":28,"column":null}},"10":{"start":{"line":30,"column":4},"end":{"line":32,"column":null}},"11":{"start":{"line":31,"column":8},"end":{"line":31,"column":null}},"12":{"start":{"line":33,"column":4},"end":{"line":33,"column":null}},"13":{"start":{"line":22,"column":0},"end":{"line":22,"column":16}},"14":{"start":{"line":39,"column":4},"end":{"line":39,"column":null}},"15":{"start":{"line":36,"column":0},"end":{"line":36,"column":16}},"16":{"start":{"line":45,"column":4},"end":{"line":45,"column":null}},"17":{"start":{"line":42,"column":0},"end":{"line":42,"column":16}},"18":{"start":{"line":49,"column":4},"end":{"line":49,"column":null}},"19":{"start":{"line":48,"column":0},"end":{"line":48,"column":16}}},"fnMap":{"0":{"name":"getActions","decl":{"start":{"line":4,"column":16},"end":{"line":4,"column":26}},"loc":{"start":{"line":4,"column":60},"end":{"line":12,"column":1}}},"1":{"name":"getAdapter","decl":{"start":{"line":14,"column":16},"end":{"line":14,"column":26}},"loc":{"start":{"line":15,"column":55},"end":{"line":20,"column":1}}},"2":{"name":"invokeHandler","decl":{"start":{"line":22,"column":16},"end":{"line":22,"column":29}},"loc":{"start":{"line":25,"column":18},"end":{"line":34,"column":1}}},"3":{"name":"isPromise","decl":{"start":{"line":36,"column":16},"end":{"line":36,"column":25}},"loc":{"start":{"line":37,"column":56},"end":{"line":40,"column":1}}},"4":{"name":"isAsyncGenerator","decl":{"start":{"line":42,"column":16},"end":{"line":42,"column":32}},"loc":{"start":{"line":43,"column":56},"end":{"line":46,"column":1}}},"5":{"name":"isGenerator","decl":{"start":{"line":48,"column":16},"end":{"line":48,"column":27}},"loc":{"start":{"line":48,"column":35},"end":{"line":50,"column":1}}}},"branchMap":{"0":{"loc":{"start":{"line":5,"column":4},"end":{"line":7,"column":null}},"type":"if","locations":[{"start":{"line":5,"column":4},"end":{"line":7,"column":null}},{"start":{"line":5,"column":4},"end":{"line":7,"column":null}}]},"1":{"loc":{"start":{"line":8,"column":4},"end":{"line":10,"column":null}},"type":"if","locations":[{"start":{"line":8,"column":4},"end":{"line":10,"column":null}},{"start":{"line":8,"column":4},"end":{"line":10,"column":null}}]},"2":{"loc":{"start":{"line":18,"column":10},"end":{"line":18,"column":29}},"type":"cond-expr","locations":[{"start":{"line":18,"column":10},"end":{"line":18,"column":29}},{"start":{"line":19,"column":10},"end":{"line":19,"column":27}}]},"3":{"loc":{"start":{"line":27,"column":4},"end":{"line":29,"column":null}},"type":"if","locations":[{"start":{"line":27,"column":4},"end":{"line":29,"column":null}},{"start":{"line":27,"column":4},"end":{"line":29,"column":null}}]},"4":{"loc":{"start":{"line":30,"column":4},"end":{"line":32,"column":null}},"type":"if","locations":[{"start":{"line":30,"column":4},"end":{"line":32,"column":null}},{"start":{"line":30,"column":4},"end":{"line":32,"column":null}}]}},"s":{"0":14,"1":3,"2":11,"3":0,"4":11,"5":9,"6":14,"7":9,"8":0,"9":0,"10":0,"11":0,"12":0,"13":9,"14":0,"15":9,"16":0,"17":9,"18":0,"19":9},"f":{"0":14,"1":14,"2":0,"3":0,"4":0,"5":0},"b":{"0":[3,11],"1":[0,11],"2":[14,0],"3":[0,0],"4":[0,0]}}
,"/Users/madshargreave/Projects/geis-labs/geis/packages/geis-browse/lib/index.ts": {"path":"/Users/madshargreave/Projects/geis-labs/geis/packages/geis-browse/lib/index.ts","statementMap":{"0":{"start":{"line":1,"column":0},"end":{"line":1,"column":41}},"1":{"start":{"line":2,"column":0},"end":{"line":2,"column":null}},"2":{"start":{"line":4,"column":0},"end":{"line":4,"column":32}},"3":{"start":{"line":5,"column":0},"end":{"line":5,"column":29}},"4":{"start":{"line":6,"column":0},"end":{"line":6,"column":30}},"5":{"start":{"line":7,"column":0},"end":{"line":7,"column":25}},"6":{"start":{"line":8,"column":0},"end":{"line":8,"column":26}},"7":{"start":{"line":9,"column":0},"end":{"line":9,"column":22}}},"fnMap":{},"branchMap":{},"s":{"0":9,"1":9,"2":9,"3":9,"4":9,"5":9,"6":9,"7":9},"f":{},"b":{}}
,"/Users/madshargreave/Projects/geis-labs/geis/packages/geis-browse/lib/actions/actionFactory.ts": {"path":"/Users/madshargreave/Projects/geis-labs/geis/packages/geis-browse/lib/actions/actionFactory.ts","statementMap":{"0":{"start":{"line":3,"column":20},"end":{"line":6,"column":2}},"1":{"start":{"line":3,"column":55},"end":{"line":6,"column":2}},"2":{"start":{"line":3,"column":13},"end":{"line":3,"column":20}},"3":{"start":{"line":8,"column":21},"end":{"line":11,"column":2}},"4":{"start":{"line":8,"column":57},"end":{"line":11,"column":2}},"5":{"start":{"line":8,"column":13},"end":{"line":8,"column":21}},"6":{"start":{"line":13,"column":20},"end":{"line":16,"column":2}},"7":{"start":{"line":13,"column":51},"end":{"line":16,"column":2}},"8":{"start":{"line":13,"column":13},"end":{"line":13,"column":20}}},"fnMap":{"0":{"name":"(anonymous_0)","decl":{"start":{"line":3,"column":20},"end":{"line":3,"column":21}},"loc":{"start":{"line":3,"column":55},"end":{"line":6,"column":2}}},"1":{"name":"(anonymous_1)","decl":{"start":{"line":8,"column":21},"end":{"line":8,"column":22}},"loc":{"start":{"line":8,"column":57},"end":{"line":11,"column":2}}},"2":{"name":"(anonymous_2)","decl":{"start":{"line":13,"column":20},"end":{"line":13,"column":21}},"loc":{"start":{"line":13,"column":51},"end":{"line":16,"column":2}}}},"branchMap":{},"s":{"0":9,"1":0,"2":9,"3":9,"4":1,"5":9,"6":9,"7":3,"8":9},"f":{"0":0,"1":1,"2":3},"b":{}}
,"/Users/madshargreave/Projects/geis-labs/geis/packages/geis-browse/lib/actions/index.ts": {"path":"/Users/madshargreave/Projects/geis-labs/geis/packages/geis-browse/lib/actions/index.ts","statementMap":{"0":{"start":{"line":1,"column":0},"end":{"line":1,"column":31}},"1":{"start":{"line":2,"column":0},"end":{"line":2,"column":29}}},"fnMap":{},"branchMap":{},"s":{"0":9,"1":9},"f":{},"b":{}}
,"/Users/madshargreave/Projects/geis-labs/geis/packages/geis-browse/lib/sessions/index.ts": {"path":"/Users/madshargreave/Projects/geis-labs/geis/packages/geis-browse/lib/sessions/index.ts","statementMap":{"0":{"start":{"line":1,"column":0},"end":{"line":1,"column":32}},"1":{"start":{"line":2,"column":0},"end":{"line":2,"column":30}},"2":{"start":{"line":3,"column":0},"end":{"line":3,"column":30}},"3":{"start":{"line":4,"column":0},"end":{"line":4,"column":31}},"4":{"start":{"line":5,"column":0},"end":{"line":5,"column":30}}},"fnMap":{},"branchMap":{},"s":{"0":9,"1":9,"2":9,"3":9,"4":9},"f":{},"b":{}}
,"/Users/madshargreave/Projects/geis-labs/geis/packages/geis-browse/lib/sessions/sessionEnums.ts": {"path":"/Users/madshargreave/Projects/geis-labs/geis/packages/geis-browse/lib/sessions/sessionEnums.ts","statementMap":{"0":{"start":{"line":1,"column":0},"end":{"line":1,"column":null}},"1":{"start":{"line":2,"column":4},"end":{"line":2,"column":null}},"2":{"start":{"line":3,"column":4},"end":{"line":3,"column":null}},"3":{"start":{"line":4,"column":4},"end":{"line":4,"column":null}}},"fnMap":{"0":{"name":"(anonymous_0)","decl":{"start":{"line":1,"column":0},"end":{"line":1,"column":12}},"loc":{"start":{"line":1,"column":25},"end":{"line":5,"column":1}}}},"branchMap":{"0":{"loc":{"start":{"line":1,"column":12},"end":{"line":1,"column":25}},"type":"binary-expr","locations":[{"start":{"line":1,"column":12},"end":{"line":1,"column":25}},{"start":{"line":1,"column":12},"end":{"line":1,"column":null}}]}},"s":{"0":9,"1":9,"2":9,"3":9},"f":{"0":9},"b":{"0":[9,9]}}
,"/Users/madshargreave/Projects/geis-labs/geis/packages/geis-browse/lib/sessions/sessionGuards.ts": {"path":"/Users/madshargreave/Projects/geis-labs/geis/packages/geis-browse/lib/sessions/sessionGuards.ts","statementMap":{"0":{"start":{"line":8,"column":4},"end":{"line":8,"column":null}},"1":{"start":{"line":7,"column":0},"end":{"line":7,"column":16}},"2":{"start":{"line":12,"column":4},"end":{"line":12,"column":null}},"3":{"start":{"line":11,"column":0},"end":{"line":11,"column":16}}},"fnMap":{"0":{"name":"isReused","decl":{"start":{"line":7,"column":16},"end":{"line":7,"column":24}},"loc":{"start":{"line":7,"column":47},"end":{"line":9,"column":1}}},"1":{"name":"isFresh","decl":{"start":{"line":11,"column":16},"end":{"line":11,"column":23}},"loc":{"start":{"line":11,"column":46},"end":{"line":13,"column":1}}}},"branchMap":{},"s":{"0":14,"1":9,"2":0,"3":9},"f":{"0":14,"1":0},"b":{}}
,"/Users/madshargreave/Projects/geis-labs/geis/packages/geis-browse/lib/test/index.ts": {"path":"/Users/madshargreave/Projects/geis-labs/geis/packages/geis-browse/lib/test/index.ts","statementMap":{"0":{"start":{"line":1,"column":0},"end":{"line":1,"column":26}},"1":{"start":{"line":2,"column":0},"end":{"line":2,"column":28}},"2":{"start":{"line":3,"column":0},"end":{"line":3,"column":30}}},"fnMap":{},"branchMap":{},"s":{"0":9,"1":9,"2":9},"f":{},"b":{}}
,"/Users/madshargreave/Projects/geis-labs/geis/packages/geis-browse/lib/test/testGuards.ts": {"path":"/Users/madshargreave/Projects/geis-labs/geis/packages/geis-browse/lib/test/testGuards.ts","statementMap":{"0":{"start":{"line":6,"column":4},"end":{"line":6,"column":null}},"1":{"start":{"line":3,"column":0},"end":{"line":3,"column":16}},"2":{"start":{"line":10,"column":4},"end":{"line":10,"column":null}},"3":{"start":{"line":9,"column":0},"end":{"line":9,"column":16}}},"fnMap":{"0":{"name":"isReducer","decl":{"start":{"line":3,"column":16},"end":{"line":3,"column":25}},"loc":{"start":{"line":4,"column":27},"end":{"line":7,"column":1}}},"1":{"name":"isRaw","decl":{"start":{"line":9,"column":16},"end":{"line":9,"column":21}},"loc":{"start":{"line":9,"column":45},"end":{"line":11,"column":1}}}},"branchMap":{},"s":{"0":14,"1":9,"2":14,"3":9},"f":{"0":14,"1":14},"b":{}}
,"/Users/madshargreave/Projects/geis-labs/geis/packages/geis-browse/lib/test/testImpl.ts": {"path":"/Users/madshargreave/Projects/geis-labs/geis/packages/geis-browse/lib/test/testImpl.ts","statementMap":{"0":{"start":{"line":2,"column":0},"end":{"line":2,"column":42}},"1":{"start":{"line":3,"column":0},"end":{"line":3,"column":25}},"2":{"start":{"line":4,"column":0},"end":{"line":4,"column":null}},"3":{"start":{"line":12,"column":0},"end":{"line":12,"column":42}},"4":{"start":{"line":20,"column":23},"end":{"line":20,"column":47}},"5":{"start":{"line":16,"column":4},"end":{"line":16,"column":24}},"6":{"start":{"line":21,"column":8},"end":{"line":21,"column":null}},"7":{"start":{"line":22,"column":8},"end":{"line":22,"column":null}},"8":{"start":{"line":26,"column":25},"end":{"line":26,"column":77}},"9":{"start":{"line":27,"column":24},"end":{"line":27,"column":37}},"10":{"start":{"line":29,"column":27},"end":{"line":36,"column":20}},"11":{"start":{"line":30,"column":12},"end":{"line":32,"column":null}},"12":{"start":{"line":31,"column":16},"end":{"line":31,"column":null}},"13":{"start":{"line":33,"column":28},"end":{"line":33,"column":40}},"14":{"start":{"line":34,"column":12},"end":{"line":34,"column":null}},"15":{"start":{"line":35,"column":12},"end":{"line":35,"column":null}},"16":{"start":{"line":38,"column":28},"end":{"line":38,"column":55}},"17":{"start":{"line":39,"column":25},"end":{"line":39,"column":59}},"18":{"start":{"line":41,"column":8},"end":{"line":43,"column":null}},"19":{"start":{"line":42,"column":12},"end":{"line":42,"column":null}},"20":{"start":{"line":46,"column":37},"end":{"line":52,"column":null}},"21":{"start":{"line":49,"column":33},"end":{"line":49,"column":78}},"22":{"start":{"line":50,"column":28},"end":{"line":50,"column":60}},"23":{"start":{"line":51,"column":29},"end":{"line":51,"column":39}},"24":{"start":{"line":54,"column":8},"end":{"line":62,"column":null}},"25":{"start":{"line":56,"column":16},"end":{"line":59,"column":null}},"26":{"start":{"line":58,"column":20},"end":{"line":58,"column":null}},"27":{"start":{"line":60,"column":16},"end":{"line":60,"column":null}},"28":{"start":{"line":66,"column":8},"end":{"line":66,"column":14}},"29":{"start":{"line":15,"column":0},"end":{"line":15,"column":13}}},"fnMap":{"0":{"name":"(anonymous_9)","decl":{"start":{"line":20,"column":4},"end":{"line":20,"column":23}},"loc":{"start":{"line":20,"column":47},"end":{"line":23,"column":5}}},"1":{"name":"(anonymous_10)","decl":{"start":{"line":25,"column":10},"end":{"line":25,"column":16}},"loc":{"start":{"line":25,"column":39},"end":{"line":63,"column":null}}},"2":{"name":"(anonymous_12)","decl":{"start":{"line":29,"column":42},"end":{"line":29,"column":43}},"loc":{"start":{"line":29,"column":58},"end":{"line":36,"column":9}}},"3":{"name":"(anonymous_13)","decl":{"start":{"line":49,"column":19},"end":{"line":49,"column":20}},"loc":{"start":{"line":49,"column":33},"end":{"line":49,"column":78}}},"4":{"name":"(anonymous_14)","decl":{"start":{"line":50,"column":22},"end":{"line":50,"column":25}},"loc":{"start":{"line":50,"column":28},"end":{"line":50,"column":60}}},"5":{"name":"(anonymous_15)","decl":{"start":{"line":51,"column":23},"end":{"line":51,"column":26}},"loc":{"start":{"line":51,"column":29},"end":{"line":51,"column":39}}},"6":{"name":"(anonymous_16)","decl":{"start":{"line":55,"column":12},"end":{"line":55,"column":15}},"loc":{"start":{"line":55,"column":28},"end":{"line":61,"column":13}}},"7":{"name":"(anonymous_17)","decl":{"start":{"line":65,"column":4},"end":{"line":65,"column":11}},"loc":{"start":{"line":65,"column":31},"end":{"line":67,"column":5}}}},"branchMap":{"0":{"loc":{"start":{"line":21,"column":38},"end":{"line":21,"column":42}},"type":"cond-expr","locations":[{"start":{"line":21,"column":38},"end":{"line":21,"column":42}},{"start":{"line":21,"column":42},"end":{"line":21,"column":44}}]},"1":{"loc":{"start":{"line":21,"column":24},"end":{"line":21,"column":42}},"type":"binary-expr","locations":[{"start":{"line":21,"column":24},"end":{"line":21,"column":42}},{"start":{"line":21,"column":38},"end":{"line":21,"column":42}}]},"2":{"loc":{"start":{"line":26,"column":43},"end":{"line":26,"column":65}},"type":"cond-expr","locations":[{"start":{"line":26,"column":43},"end":{"line":26,"column":65}},{"start":{"line":26,"column":68},"end":{"line":26,"column":77}}]},"3":{"loc":{"start":{"line":30,"column":12},"end":{"line":32,"column":null}},"type":"if","locations":[{"start":{"line":30,"column":12},"end":{"line":32,"column":null}},{"start":{"line":30,"column":12},"end":{"line":32,"column":null}}]},"4":{"loc":{"start":{"line":41,"column":8},"end":{"line":43,"column":null}},"type":"if","locations":[{"start":{"line":41,"column":8},"end":{"line":43,"column":null}},{"start":{"line":41,"column":8},"end":{"line":43,"column":null}}]},"5":{"loc":{"start":{"line":50,"column":28},"end":{"line":50,"column":36}},"type":"cond-expr","locations":[{"start":{"line":50,"column":28},"end":{"line":50,"column":36}},{"start":{"line":50,"column":40},"end":{"line":50,"column":60}}]},"6":{"loc":{"start":{"line":50,"column":28},"end":{"line":50,"column":40}},"type":"binary-expr","locations":[{"start":{"line":50,"column":28},"end":{"line":50,"column":40}},{"start":{"line":50,"column":28},"end":{"line":50,"column":40}}]},"7":{"loc":{"start":{"line":51,"column":29},"end":{"line":51,"column":31}},"type":"cond-expr","locations":[{"start":{"line":51,"column":29},"end":{"line":51,"column":31}},{"start":{"line":51,"column":35},"end":{"line":51,"column":39}}]},"8":{"loc":{"start":{"line":51,"column":29},"end":{"line":51,"column":35}},"type":"binary-expr","locations":[{"start":{"line":51,"column":29},"end":{"line":51,"column":35}},{"start":{"line":51,"column":29},"end":{"line":51,"column":35}}]},"9":{"loc":{"start":{"line":56,"column":16},"end":{"line":59,"column":null}},"type":"if","locations":[{"start":{"line":56,"column":16},"end":{"line":59,"column":null}},{"start":{"line":56,"column":16},"end":{"line":59,"column":null}}]}},"s":{"0":9,"1":9,"2":9,"3":9,"4":14,"5":14,"6":14,"7":14,"8":14,"9":14,"10":14,"11":4,"12":1,"13":3,"14":3,"15":3,"16":14,"17":14,"18":14,"19":1,"20":13,"21":29,"22":0,"23":0,"24":13,"25":30,"26":1,"27":29,"28":13,"29":9},"f":{"0":14,"1":14,"2":4,"3":29,"4":0,"5":0,"6":30,"7":13},"b":{"0":[14,0],"1":[14,14],"2":[1,13],"3":[1,3],"4":[1,13],"5":[0,0],"6":[0,0],"7":[0,0],"8":[0,0],"9":[1,29]}}
[...]
":42,"column":1}},"line":21},"8":{"name":"(anonymous_8)","decl":{"start":{"line":22,"column":43},"end":{"line":22,"column":44}},"loc":{"start":{"line":22,"column":56},"end":{"line":41,"column":5}},"line":22},"9":{"name":"(anonymous_9)","decl":{"start":{"line":32,"column":69},"end":{"line":32,"column":70}},"loc":{"start":{"line":32,"column":106},"end":{"line":35,"column":10}},"line":32},"10":{"name":"(anonymous_10)","decl":{"start":{"line":32,"column":138},"end":{"line":32,"column":139}},"loc":{"start":{"line":32,"column":151},"end":{"line":35,"column":9}},"line":32},"11":{"name":"(anonymous_11)","decl":{"start":{"line":34,"column":91},"end":{"line":34,"column":92}},"loc":{"start":{"line":34,"column":102},"end":{"line":34,"column":107}},"line":34}},"branchMap":{"0":{"loc":{"start":{"line":2,"column":16},"end":{"line":10,"column":1}},"type":"binary-expr","locations":[{"start":{"line":2,"column":17},"end":{"line":2,"column":21}},{"start":{"line":2,"column":25},"end":{"line":2,"column":39}},{"start":{"line":2,"column":44},"end":{"line":10,"column":1}}],"line":2},"1":{"loc":{"start":{"line":3,"column":35},"end":{"line":3,"column":109}},"type":"cond-expr","locations":[{"start":{"line":3,"column":56},"end":{"line":3,"column":61}},{"start":{"line":3,"column":64},"end":{"line":3,"column":109}}],"line":3},"2":{"loc":{"start":{"line":4,"column":16},"end":{"line":4,"column":34}},"type":"binary-expr","locations":[{"start":{"line":4,"column":16},"end":{"line":4,"column":17}},{"start":{"line":4,"column":22},"end":{"line":4,"column":33}}],"line":4},"3":{"loc":{"start":{"line":7,"column":32},"end":{"line":7,"column":115}},"type":"cond-expr","locations":[{"start":{"line":7,"column":46},"end":{"line":7,"column":67}},{"start":{"line":7,"column":70},"end":{"line":7,"column":115}}],"line":7},"4":{"loc":{"start":{"line":8,"column":51},"end":{"line":8,"column":67}},"type":"binary-expr","locations":[{"start":{"line":8,"column":51},"end":{"line":8,"column":61}},{"start":{"line":8,"column":65},"end":{"line":8,"column":67}}],"line":8},"5":{"loc":{"start":{"line":24,"column":8},"end":{"line":27,"column":9}},"type":"if","locations":[{"start":{"line":24,"column":8},"end":{"line":27,"column":9}},{"start":{"line":24,"column":8},"end":{"line":27,"column":9}}],"line":24},"6":{"loc":{"start":{"line":28,"column":8},"end":{"line":30,"column":9}},"type":"if","locations":[{"start":{"line":28,"column":8},"end":{"line":30,"column":9}},{"start":{"line":28,"column":8},"end":{"line":30,"column":9}}],"line":28},"7":{"loc":{"start":{"line":37,"column":8},"end":{"line":39,"column":9}},"type":"if","locations":[{"start":{"line":37,"column":8},"end":{"line":39,"column":9}},{"start":{"line":37,"column":8},"end":{"line":39,"column":9}}],"line":37}},"s":{"0":12,"1":32,"2":11,"3":17,"4":32,"5":32,"6":1,"7":0,"8":0,"9":0,"10":48,"11":17,"12":12,"13":12,"14":12,"15":12,"16":12,"17":17,"18":17,"19":17,"20":0,"21":17,"22":2,"23":15,"24":15,"25":0,"26":0,"27":0,"28":0,"29":15,"30":15,"31":1,"32":14,"33":12},"f":{"0":17,"1":32,"2":11,"3":17,"4":32,"5":0,"6":48,"7":17,"8":17,"9":0,"10":0,"11":0},"b":{"0":[12,12,12],"1":[21,11],"2":[17,17],"3":[16,32],"4":[17,17],"5":[0,17],"6":[2,15],"7":[1,14]},"inputSourceMap":null,"_coverageSchema":"1a1c01bbd47fc00a2c39e90264f33305004495a9","hash":"190a88a3fe63345bdca950c69cb02227229d2e18"}
,"/Users/madshargreave/Projects/geis-labs/geis/packages/geis-type/dist/apply/index.js": {"path":"/Users/madshargreave/Projects/geis-labs/geis/packages/geis-type/dist/apply/index.js","statementMap":{"0":{"start":{"line":2,"column":22},"end":{"line":8,"column":3}},"1":{"start":{"line":3,"column":4},"end":{"line":3,"column":33}},"2":{"start":{"line":3,"column":26},"end":{"line":3,"column":33}},"3":{"start":{"line":4,"column":4},"end":{"line":4,"column":89}},"4":{"start":{"line":4,"column":71},"end":{"line":4,"column":83}},"5":{"start":{"line":6,"column":4},"end":{"line":6,"column":33}},"6":{"start":{"line":6,"column":26},"end":{"line":6,"column":33}},"7":{"start":{"line":7,"column":4},"end":{"line":7,"column":17}},"8":{"start":{"line":9,"column":19},"end":{"line":11,"column":1}},"9":{"start":{"line":10,"column":4},"end":{"line":10,"column":126}},"10":{"start":{"line":10,"column":21},"end":{"line":10,"column":126}},"11":{"start":{"line":10,"column":95},"end":{"line":10,"column":126}},"12":{"start":{"line":12,"column":0},"end":{"line":12,"column":62}},"13":{"start":{"line":13,"column":0},"end":{"line":13,"column":48}},"14":{"start":{"line":14,"column":0},"end":{"line":14,"column":48}}},"fnMap":{"0":{"name":"(anonymous_0)","decl":{"start":{"line":2,"column":74},"end":{"line":2,"column":75}},"loc":{"start":{"line":2,"column":96},"end":{"line":5,"column":1}},"line":2},"1":{"name":"(anonymous_1)","decl":{"start":{"line":4,"column":58},"end":{"line":4,"column":59}},"loc":{"start":{"line":4,"column":69},"end":{"line":4,"column":85}},"line":4},"2":{"name":"(anonymous_2)","decl":{"start":{"line":5,"column":6},"end":{"line":5,"column":7}},"loc":{"start":{"line":5,"column":28},"end":{"line":8,"column":1}},"line":5},"3":{"name":"(anonymous_3)","decl":{"start":{"line":9,"column":50},"end":{"line":9,"column":51}},"loc":{"start":{"line":9,"column":71},"end":{"line":11,"column":1}},"line":9}},"branchMap":{"0":{"loc":{"start":{"line":2,"column":22},"end":{"line":8,"column":3}},"type":"binary-expr","locations":[{"start":{"line":2,"column":23},"end":{"line":2,"column":27}},{"start":{"line":2,"column":31},"end":{"line":2,"column":51}},{"start":{"line":2,"column":57},"end":{"line":8,"column":2}}],"line":2},"1":{"loc":{"start":{"line":2,"column":57},"end":{"line":8,"column":2}},"type":"cond-expr","locations":[{"start":{"line":2,"column":74},"end":{"line":5,"column":1}},{"start":{"line":5,"column":6},"end":{"line":8,"column":1}}],"line":2},"2":{"loc":{"start":{"line":3,"column":4},"end":{"line":3,"column":33}},"type":"if","locations":[{"start":{"line":3,"column":4},"end":{"line":3,"column":33}},{"start":{"line":3,"column":4},"end":{"line":3,"column":33}}],"line":3},"3":{"loc":{"start":{"line":6,"column":4},"end":{"line":6,"column":33}},"type":"if","locations":[{"start":{"line":6,"column":4},"end":{"line":6,"column":33}},{"start":{"line":6,"column":4},"end":{"line":6,"column":33}}],"line":6},"4":{"loc":{"start":{"line":9,"column":19},"end":{"line":11,"column":1}},"type":"binary-expr","locations":[{"start":{"line":9,"column":20},"end":{"line":9,"column":24}},{"start":{"line":9,"column":28},"end":{"line":9,"column":45}},{"start":{"line":9,"column":50},"end":{"line":11,"column":1}}],"line":9},"5":{"loc":{"start":{"line":10,"column":21},"end":{"line":10,"column":126}},"type":"if","locations":[{"start":{"line":10,"column":21},"end":{"line":10,"column":126}},{"start":{"line":10,"column":21},"end":{"line":10,"column":126}}],"line":10},"6":{"loc":{"start":{"line":10,"column":25},"end":{"line":10,"column":93}},"type":"binary-expr","locations":[{"start":{"line":10,"column":25},"end":{"line":10,"column":40}},{"start":{"line":10,"column":44},"end":{"line":10,"column":93}}],"line":10}},"s":{"0":12,"1":24,"2":24,"3":24,"4":18,"5":0,"6":0,"7":0,"8":12,"9":24,"10":24,"11":24,"12":12,"13":12,"14":12},"f":{"0":24,"1":18,"2":0,"3":24},"b":{"0":[12,12,12],"1":[12,0],"2":[24,0],"3":[0,0],"4":[12,12,12],"5":[24,0],"6":[24,24]},"inputSourceMap":null,"_coverageSchema":"1a1c01bbd47fc00a2c39e90264f33305004495a9","hash":"8083dbb80a8011742de9aeb4ebb15412c05b60ae"}
,"/Users/madshargreave/Projects/geis-labs/geis/packages/geis-type/dist/errors/errorHelpers.js": {"path":"/Users/madshargreave/Projects/geis-labs/geis/packages/geis-type/dist/errors/errorHelpers.js","statementMap":{"0":{"start":{"line":2,"column":0},"end":{"line":2,"column":62}},"1":{"start":{"line":3,"column":0},"end":{"line":3,"column":31}},"2":{"start":{"line":5,"column":4},"end":{"line":6,"column":229}},"3":{"start":{"line":5,"column":64},"end":{"line":6,"column":199}},"4":{"start":{"line":8,"column":0},"end":{"line":8,"column":38}}},"fnMap":{"0":{"name":"collectErrors","decl":{"start":{"line":4,"column":9},"end":{"line":4,"column":22}},"loc":{"start":{"line":4,"column":31},"end":{"line":7,"column":1}},"line":4},"1":{"name":"(anonymous_1)","decl":{"start":{"line":5,"column":41},"end":{"line":5,"column":42}},"loc":{"start":{"line":5,"column":64},"end":{"line":6,"column":199}},"line":5}},"branchMap":{"0":{"loc":{"start":{"line":5,"column":64},"end":{"line":6,"column":199}},"type":"cond-expr","locations":[{"start":{"line":6,"column":10},"end":{"line":6,"column":83}},{"start":{"line":6,"column":86},"end":{"line":6,"column":199}}],"line":5}},"s":{"0":12,"1":12,"2":15,"3":26,"4":12},"f":{"0":15,"1":26},"b":{"0":[1,25]},"inputSourceMap":null,"_coverageSchema":"1a1c01bbd47fc00a2c39e90264f33305004495a9","hash":"9f83468fa09e089469d47b60647b680c072d5e8c"}
,"/Users/madshargreave/Projects/geis-labs/geis/packages/geis-type/dist/promises/promiseHelpers.js": {"path":"/Users/madshargreave/Projects/geis-labs/geis/packages/geis-type/dist/promises/promiseHelpers.js","statementMap":{"0":{"start":{"line":2,"column":22},"end":{"line":4,"column":1}},"1":{"start":{"line":3,"column":4},"end":{"line":3,"column":62}},"2":{"start":{"line":5,"column":0},"end":{"line":5,"column":62}},"3":{"start":{"line":6,"column":0},"end":{"line":6,"column":33}},"4":{"start":{"line":7,"column":21},"end":{"line":7,"column":59}},"5":{"start":{"line":9,"column":4},"end":{"line":13,"column":7}},"6":{"start":{"line":9,"column":64},"end":{"line":10,"column":243}},"7":{"start":{"line":15,"column":0},"end":{"line":15,"column":42}}},"fnMap":{"0":{"name":"(anonymous_0)","decl":{"start":{"line":2,"column":56},"end":{"line":2,"column":57}},"loc":{"start":{"line":2,"column":71},"end":{"line":4,"column":1}},"line":2},"1":{"name":"collectPromises","decl":{"start":{"line":8,"column":9},"end":{"line":8,"column":24}},"loc":{"start":{"line":8,"column":33},"end":{"line":14,"column":1}},"line":8},"2":{"name":"(anonymous_2)","decl":{"start":{"line":9,"column":41},"end":{"line":9,"column":42}},"loc":{"start":{"line":9,"column":64},"end":{"line":10,"column":243}},"line":9}},"branchMap":{"0":{"loc":{"start":{"line":2,"column":22},"end":{"line":4,"column":1}},"type":"binary-expr","locations":[{"start":{"line":2,"column":23},"end":{"line":2,"column":27}},{"start":{"line":2,"column":31},"end":{"line":2,"column":51}},{"start":{"line":2,"column":56},"end":{"line":4,"column":1}}],"line":2},"1":{"loc":{"start":{"line":3,"column":11},"end":{"line":3,"column":61}},"type":"cond-expr","locations":[{"start":{"line":3,"column":37},"end":{"line":3,"column":40}},{"start":{"line":3,"column":43},"end":{"line":3,"column":61}}],"line":3},"2":{"loc":{"start":{"line":3,"column":12},"end":{"line":3,"column":33}},"type":"binary-expr","locations":[{"start":{"line":3,"column":12},"end":{"line":3,"column":15}},{"start":{"line":3,"column":19},"end":{"line":3,"column":33}}],"line":3},"3":{"loc":{"start":{"line":9,"column":64},"end":{"line":10,"column":243}},"type":"cond-expr","locations":[{"start":{"line":10,"column":10},"end":{"line":10,"column":127}},{"start":{"line":10,"column":130},"end":{"line":10,"column":243}}],"line":9}},"s":{"0":12,"1":12,"2":12,"3":12,"4":12,"5":15,"6":26,"7":12},"f":{"0":12,"1":15,"2":26},"b":{"0":[12,12,12],"1":[0,12],"2":[12,12],"3":[0,26]},"inputSourceMap":null,"_coverageSchema":"1a1c01bbd47fc00a2c39e90264f33305004495a9","hash":"260830286604d8cb8da292c487fc0828b12bc6ee"}
,"/Users/madshargreave/Projects/geis-labs/geis/packages/geis-type/lib/index.ts": {"path":"/Users/madshargreave/Projects/geis-labs/geis/packages/geis-type/lib/index.ts","statementMap":{"0":{"start":{"line":1,"column":0},"end":{"line":1,"column":28}},"1":{"start":{"line":2,"column":0},"end":{"line":2,"column":27}},"2":{"start":{"line":3,"column":0},"end":{"line":3,"column":23}}},"fnMap":{},"branchMap":{},"s":{"0":2,"1":2,"2":2},"f":{},"b":{}}
,"/Users/madshargreave/Projects/geis-labs/geis/packages/geis-type/lib/typeFacade.ts": {"path":"/Users/madshargreave/Projects/geis-labs/geis/packages/geis-type/lib/typeFacade.ts","statementMap":{"0":{"start":{"line":31,"column":29},"end":{"line":31,"column":77}},"1":{"start":{"line":32,"column":17},"end":{"line":32,"column":45}},"2":{"start":{"line":34,"column":20},"end":{"line":34,"column":34}},"3":{"start":{"line":35,"column":4},"end":{"line":41,"column":null}},"4":{"start":{"line":36,"column":8},"end":{"line":40,"column":null}},"5":{"start":{"line":42,"column":19},"end":{"line":42,"column":28}},"6":{"start":{"line":43,"column":4},"end":{"line":43,"column":null}},"7":{"start":{"line":16,"column":0},"end":{"line":16,"column":16}},"8":{"start":{"line":47,"column":4},"end":{"line":48,"column":null}}},"fnMap":{"0":{"name":"cast","decl":{"start":{"line":16,"column":16},"end":{"line":16,"column":20}},"loc":{"start":{"line":29,"column":30},"end":{"line":44,"column":1}}},"1":{"name":"capitalize","decl":{"start":{"line":46,"column":9},"end":{"line":46,"column":19}},"loc":{"start":{"line":46,"column":46},"end":{"line":49,"column":1}}}},"branchMap":{"0":{"loc":{"start":{"line":31,"column":60},"end":{"line":31,"column":68}},"type":"cond-expr","locations":[{"start":{"line":31,"column":60},"end":{"line":31,"column":68}},{"start":{"line":31,"column":71},"end":{"line":31,"column":77}}]},"1":{"loc":{"start":{"line":35,"column":4},"end":{"line":41,"column":null}},"type":"if","locations":[{"start":{"line":35,"column":4},"end":{"line":41,"column":null}},{"start":{"line":35,"column":4},"end":{"line":41,"column":null}}]}},"s":{"0":0,"1":0,"2":0,"3":0,"4":0,"5":0,"6":0,"7":2,"8":0},"f":{"0":0,"1":0},"b":{"0":[0,0],"1":[0,0]}}
,"/Users/madshargreave/Projects/geis-labs/geis/packages/geis-type/lib/apply/applyErrors.ts": {"path":"/Users/madshargreave/Projects/geis-labs/geis/packages/geis-type/lib/apply/applyErrors.ts","statementMap":{"0":{"start":{"line":3,"column":8},"end":{"line":3,"column":null}},"1":{"start":{"line":2,"column":23},"end":{"line":2,"column":38}},"2":{"start":{"line":4,"column":8},"end":{"line":4,"column":null}},"3":{"start":{"line":1,"column":0},"end":{"line":1,"column":13}}},"fnMap":{"0":{"name":"(anonymous_0)","decl":{"start":{"line":2,"column":4},"end":{"line":2,"column":23}},"loc":{"start":{"line":2,"column":38},"end":{"line":5,"column":5}}}},"branchMap":{},"s":{"0":4,"1":4,"2":4,"3":2},"f":{"0":4},"b":{}}
,"/Users/madshargreave/Projects/geis-labs/geis/packages/geis-type/lib/apply/applyFacade.ts": {"path":"/Users/madshargreave/Projects/geis-labs/geis/packages/geis-type/lib/apply/applyFacade.ts","statementMap":{"0":{"start":{"line":1,"column":0},"end":{"line":1,"column":54}},"1":{"start":{"line":2,"column":0},"end":{"line":2,"column":60}},"2":{"start":{"line":4,"column":0},"end":{"line":4,"column":42}},"3":{"start":{"line":18,"column":21},"end":{"line":18,"column":33}},"4":{"start":{"line":19,"column":4},"end":{"line":22,"column":null}},"5":{"start":{"line":21,"column":8},"end":{"line":21,"column":14}},"6":{"start":{"line":23,"column":4},"end":{"line":25,"column":null}},"7":{"start":{"line":24,"column":8},"end":{"line":24,"column":null}},"8":{"start":{"line":26,"column":50},"end":{"line":26,"column":75}},"9":{"start":{"line":27,"column":27},"end":{"line":35,"column":null}},"10":{"start":{"line":28,"column":50},"end":{"line":34,"column":null}},"11":{"start":{"line":29,"column":24},"end":{"line":29,"column":40}},"12":{"start":{"line":30,"column":12},"end":{"line":32,"column":null}},"13":{"start":{"line":32,"column":59},"end":{"line":32,"column":64}},"14":{"start":{"line":37,"column":46},"end":{"line":37,"column":75}},"15":{"start":{"line":38,"column":4},"end":{"line":40,"column":null}},"16":{"start":{"line":39,"column":8},"end":{"line":39,"column":null}},"17":{"start":{"line":41,"column":4},"end":{"line":41,"column":null}},"18":{"start":{"line":11,"column":0},"end":{"line":11,"column":22}}},"fnMap":{"0":{"name":"apply","decl":{"start":{"line":11,"column":22},"end":{"line":11,"column":27}},"loc":{"start":{"line":12,"column":27},"end":{"line":42,"column":null}}},"1":{"name":"(anonymous_9)","decl":{"start":{"line":28,"column":8},"end":{"line":28,"column":15}},"loc":{"start":{"line":28,"column":50},"end":{"line":34,"column":null}}},"2":{"name":"(anonymous_10)","decl":{"start":{"line":28,"column":50},"end":{"line":28,"column":null}},"loc":{"start":{"line":28,"column":50},"end":{"line":34,"column":9}}},"3":{"name":"(anonymous_11)","decl":{"start":{"line":32,"column":48},"end":{"line":32,"column":49}},"loc":{"start":{"line":32,"column":59},"end":{"line":32,"column":64}}}},"branchMap":{"0":{"loc":{"start":{"line":19,"column":4},"end":{"line":22,"column":null}},"type":"if","locations":[{"start":{"line":19,"column":4},"end":{"line":22,"column":null}},{"start":{"line":19,"column":4},"end":{"line":22,"column":null}}]},"1":{"loc":{"start":{"line":23,"column":4},"end":{"line":25,"column":null}},"type":"if","locations":[{"start":{"line":23,"column":4},"end":{"line":25,"column":null}},{"start":{"line":23,"column":4},"end":{"line":25,"column":null}}]},"2":{"loc":{"start":{"line":38,"column":4},"end":{"line":40,"column":null}},"type":"if","locations":[{"start":{"line":38,"column":4},"end":{"line":40,"column":null}},{"start":{"line":38,"column":4},"end":{"line":40,"column":null}}]}},"s":{"0":2,"1":2,"2":2,"3":3,"4":3,"5":0,"6":3,"7":0,"8":3,"9":3,"10":2,"11":2,"12":2,"13":1,"14":3,"15":3,"16":2,"17":1,"18":2},"f":{"0":3,"1":2,"2":2,"3":1},"b":{"0":[0,3],"1":[0,3],"2":[2,1]}}
,"/Users/madshargreave/Projects/geis-labs/geis/packages/geis-type/lib/apply/index.ts": {"path":"/Users/madshargreave/Projects/geis-labs/geis/packages/geis-type/lib/apply/index.ts","statementMap":{"0":{"start":{"line":1,"column":0},"end":{"line":1,"column":29}},"1":{"start":{"line":2,"column":0},"end":{"line":2,"column":29}}},"fnMap":{},"branchMap":{},"s":{"0":2,"1":2},"f":{},"b":{}}
,"/Users/madshargreave/Projects/geis-labs/geis/packages/geis-type/lib/errors/errorHelpers.ts": {"path":"/Users/madshargreave/Projects/geis-labs/geis/packages/geis-type/lib/errors/errorHelpers.ts","statementMap":{"0":{"start":{"line":5,"column":4},"end":{"line":20,"column":null}},"1":{"start":{"line":7,"column":12},"end":{"line":16,"column":null}},"2":{"start":{"line":4,"column":0},"end":{"line":4,"column":16}}},"fnMap":{"0":{"name":"collectErrors","decl":{"start":{"line":4,"column":16},"end":{"line":4,"column":29}},"loc":{"start":{"line":4,"column":46},"end":{"line":21,"column":1}}},"1":{"name":"(anonymous_1)","decl":{"start":{"line":6,"column":8},"end":{"line":6,"column":9}},"loc":{"start":{"line":7,"column":12},"end":{"line":16,"column":null}}}},"branchMap":{"0":{"loc":{"start":{"line":8,"column":17},"end":{"line":10,"column":null}},"type":"cond-expr","locations":[{"start":{"line":8,"column":17},"end":{"line":10,"column":null}},{"start":{"line":12,"column":17},"end":{"line":16,"column":null}}]}},"s":{"0":3,"1":6,"2":2},"f":{"0":3,"1":6},"b":{"0":[2,4]}}
,"/Users/madshargreave/Projects/geis-labs/geis/packages/geis-type/lib/promises/promiseHelpers.ts": {"path":"/Users/madshargreave/Projects/geis-labs/geis/packages/geis-type/lib/promises/promiseHelpers.ts","statementMap":{"0":{"start":{"line":1,"column":0},"end":{"line":1,"column":34}},"1":{"start":{"line":6,"column":4},"end":{"line":21,"column":null}},"2":{"start":{"line":8,"column":12},"end":{"line":16,"column":69}},"3":{"start":{"line":5,"column":0},"end":{"line":5,"column":16}}},"fnMap":{"0":{"name":"collectPromises","decl":{"start":{"line":5,"column":16},"end":{"line":5,"column":31}},"loc":{"start":{"line":5,"column":48},"end":{"line":22,"column":1}}},"1":{"name":"(anonymous_2)","decl":{"start":{"line":7,"column":8},"end":{"line":7,"column":9}},"loc":{"start":{"line":8,"column":12},"end":{"line":16,"column":69}}}},"branchMap":{"0":{"loc":{"start":{"line":9,"column":17},"end":{"line":13,"column":null}},"type":"cond-expr","locations":[{"start":{"line":9,"column":17},"end":{"line":13,"column":null}},{"start":{"line":16,"column":17},"end":{"line":16,"column":69}}]}},"s":{"0":2,"1":3,"2":6,"3":2},"f":{"0":3,"1":6},"b":{"0":[2,4]}}
}
