TN:
SF:packages/geis-browse/dist/browseConfig.js
FNF:0
FNH:0
DA:2,1
LF:1
LH:1
BRF:0
BRH:0
end_of_record
TN:
SF:packages/geis-browse/dist/browseConstants.js
FN:6,(anonymous_0)
FNF:1
FNH:0
FNDA:0,(anonymous_0)
DA:2,1
DA:3,1
DA:4,1
DA:5,1
DA:6,1
DA:9,1
LF:6
LH:6
BRF:0
BRH:0
end_of_record
TN:
SF:packages/geis-browse/dist/browseFacade.js
FN:7,browse
FNF:1
FNH:1
FNDA:1,browse
DA:2,1
DA:3,1
DA:4,1
DA:5,1
DA:6,1
DA:8,1
DA:9,1
DA:10,1
DA:11,1
DA:12,1
DA:13,1
DA:19,0
DA:26,0
DA:27,0
DA:35,0
DA:44,1
LF:16
LH:12
BRDA:7,0,0,0
BRDA:8,1,0,0
BRDA:11,2,0,1
BRDA:11,2,1,0
BRDA:12,3,0,1
BRDA:12,3,1,0
BRDA:26,4,0,0
BRDA:26,4,1,0
BRF:8
BRH:2
end_of_record
TN:
SF:packages/geis-browse/dist/browseProvider.js
FN:2,(anonymous_0)
FN:4,(anonymous_1)
FN:5,(anonymous_2)
FN:9,(anonymous_3)
FN:11,(anonymous_4)
FN:14,(anonymous_5)
FN:25,config
FN:27,(anonymous_7)
FNF:8
FNH:3
FNDA:0,(anonymous_0)
FNDA:0,(anonymous_1)
FNDA:0,(anonymous_2)
FNDA:0,(anonymous_3)
FNDA:0,(anonymous_4)
FNDA:1,(anonymous_5)
FNDA:2,config
FNDA:1,(anonymous_7)
DA:2,1
DA:3,0
DA:4,0
DA:6,0
DA:7,0
DA:9,1
DA:10,0
DA:12,0
DA:14,1
DA:15,1
DA:16,0
DA:17,0
DA:18,0
DA:19,0
DA:21,1
DA:22,1
DA:23,1
DA:24,1
DA:27,2
DA:33,1
DA:34,1
LF:21
LH:11
BRDA:2,0,0,1
BRDA:2,0,1,1
BRDA:2,0,2,1
BRDA:2,1,0,1
BRDA:2,1,1,0
BRDA:3,2,0,0
BRDA:3,2,1,0
BRDA:6,3,0,0
BRDA:6,3,1,0
BRDA:9,4,0,1
BRDA:9,4,1,1
BRDA:9,4,2,1
BRDA:9,5,0,1
BRDA:9,5,1,0
BRDA:14,6,0,1
BRDA:14,6,1,1
BRDA:14,6,2,1
BRDA:15,7,0,1
BRDA:15,7,1,0
BRDA:15,8,0,1
BRDA:15,8,1,1
BRDA:17,9,0,0
BRDA:17,9,1,0
BRDA:17,10,0,0
BRDA:17,10,1,0
BRDA:17,11,0,0
BRDA:17,11,1,0
BRDA:25,12,0,1
BRDA:27,13,0,1
BRF:29
BRH:16
end_of_record
TN:
SF:packages/geis-browse/dist/browseTypes.js
FNF:0
FNH:0
DA:2,1
LF:1
LH:1
BRF:0
BRH:0
end_of_record
TN:
SF:packages/geis-browse/dist/browseUtils.js
FN:4,getActions
FN:14,getAdapter
FN:20,invokeHandler
FN:30,isPromise
FN:34,isAsyncGenerator
FN:38,isGenerator
FNF:6
FNH:2
FNDA:1,getActions
FNDA:1,getAdapter
FNDA:0,invokeHandler
FNDA:0,isPromise
FNDA:0,isAsyncGenerator
FNDA:0,isGenerator
DA:2,1
DA:3,1
DA:5,1
DA:6,0
DA:8,1
DA:9,0
DA:11,1
DA:13,1
DA:15,1
DA:19,1
DA:21,0
DA:22,0
DA:24,0
DA:25,0
DA:27,0
DA:29,1
DA:31,0
DA:33,1
DA:35,0
DA:37,1
DA:39,0
DA:41,1
LF:22
LH:12
BRDA:5,0,0,0
BRDA:5,0,1,1
BRDA:8,1,0,0
BRDA:8,1,1,1
BRDA:15,2,0,1
BRDA:15,2,1,0
BRDA:21,3,0,0
BRDA:21,3,1,0
BRDA:24,4,0,0
BRDA:24,4,1,0
BRF:10
BRH:3
end_of_record
TN:
SF:packages/geis-browse/dist/index.js
FN:2,(anonymous_0)
FN:4,(anonymous_1)
FN:5,(anonymous_2)
FN:9,(anonymous_3)
FNF:4
FNH:3
FNDA:10,(anonymous_0)
FNDA:1,(anonymous_1)
FNDA:0,(anonymous_2)
FNDA:6,(anonymous_3)
DA:2,1
DA:3,10
DA:4,10
DA:6,0
DA:7,0
DA:9,1
DA:10,10
DA:12,1
DA:13,1
DA:14,1
DA:15,1
DA:16,1
DA:17,1
DA:18,1
DA:19,1
DA:20,1
LF:16
LH:14
BRDA:2,0,0,1
BRDA:2,0,1,1
BRDA:2,0,2,1
BRDA:2,1,0,1
BRDA:2,1,1,0
BRDA:3,2,0,10
BRDA:3,2,1,0
BRDA:6,3,0,0
BRDA:6,3,1,0
BRDA:9,4,0,1
BRDA:9,4,1,1
BRDA:9,4,2,1
BRDA:10,5,0,10
BRDA:10,5,1,0
BRDA:10,6,0,10
BRDA:10,6,1,10
BRF:16
BRH:11
end_of_record
TN:
SF:packages/geis-browse/dist/actions/actionFactory.js
FN:4,(anonymous_0)
FN:9,(anonymous_1)
FN:14,(anonymous_2)
FNF:3
FNH:0
FNDA:0,(anonymous_0)
FNDA:0,(anonymous_1)
FNDA:0,(anonymous_2)
DA:2,1
DA:3,1
DA:4,1
DA:8,1
DA:9,1
DA:13,1
DA:14,1
DA:18,1
LF:8
LH:8
BRF:0
BRH:0
end_of_record
TN:
SF:packages/geis-browse/dist/actions/actionTypes.js
FNF:0
FNH:0
DA:2,1
LF:1
LH:1
BRF:0
BRH:0
end_of_record
TN:
SF:packages/geis-browse/dist/actions/index.js
FN:2,(anonymous_0)
FN:4,(anonymous_1)
FN:5,(anonymous_2)
FN:9,(anonymous_3)
FNF:4
FNH:3
FNDA:3,(anonymous_0)
FNDA:6,(anonymous_1)
FNDA:0,(anonymous_2)
FNDA:2,(anonymous_3)
DA:2,1
DA:3,3
DA:4,6
DA:6,0
DA:7,0
DA:9,1
DA:10,3
DA:12,1
DA:13,1
DA:14,1
LF:10
LH:8
BRDA:2,0,0,1
BRDA:2,0,1,1
BRDA:2,0,2,1
BRDA:2,1,0,1
BRDA:2,1,1,0
BRDA:3,2,0,3
BRDA:3,2,1,0
BRDA:6,3,0,0
BRDA:6,3,1,0
BRDA:9,4,0,1
BRDA:9,4,1,1
BRDA:9,4,2,1
BRDA:10,5,0,3
BRDA:10,5,1,0
BRDA:10,6,0,3
BRDA:10,6,1,3
BRF:16
BRH:11
end_of_record
TN:
SF:packages/geis-browse/dist/sessions/index.js
FN:2,(anonymous_0)
FN:4,(anonymous_1)
FN:5,(anonymous_2)
FN:9,(anonymous_3)
FNF:4
FNH:3
FNDA:3,(anonymous_0)
FNDA:2,(anonymous_1)
FNDA:0,(anonymous_2)
FNDA:5,(anonymous_3)
DA:2,1
DA:3,3
DA:4,3
DA:6,0
DA:7,0
DA:9,1
DA:10,5
DA:12,1
DA:13,1
DA:14,1
DA:15,1
DA:16,1
DA:17,1
LF:13
LH:11
BRDA:2,0,0,1
BRDA:2,0,1,1
BRDA:2,0,2,1
BRDA:2,1,0,1
BRDA:2,1,1,0
BRDA:3,2,0,3
BRDA:3,2,1,0
BRDA:6,3,0,0
BRDA:6,3,1,0
BRDA:9,4,0,1
BRDA:9,4,1,1
BRDA:9,4,2,1
BRDA:10,5,0,3
BRDA:10,5,1,0
BRDA:10,6,0,3
BRDA:10,6,1,3
BRF:16
BRH:11
end_of_record
TN:
SF:packages/geis-browse/dist/sessions/sessionAdapter.js
FNF:0
FNH:0
DA:2,1
LF:1
LH:1
BRF:0
BRH:0
end_of_record
TN:
SF:packages/geis-browse/dist/sessions/sessionAttrs.js
FNF:0
FNH:0
DA:2,1
LF:1
LH:1
BRF:0
BRH:0
end_of_record
TN:
SF:packages/geis-browse/dist/sessions/sessionEnums.js
FN:5,(anonymous_0)
FNF:1
FNH:1
FNDA:1,(anonymous_0)
DA:2,1
DA:3,1
DA:5,1
DA:6,1
DA:7,1
DA:8,1
LF:6
LH:6
BRDA:9,0,0,1
BRDA:9,0,1,1
BRF:2
BRH:2
end_of_record
TN:
SF:packages/geis-browse/dist/sessions/sessionGuards.js
FN:4,isReused
FN:8,isFresh
FNF:2
FNH:1
FNDA:1,isReused
FNDA:0,isFresh
DA:2,1
DA:3,1
DA:5,1
DA:7,1
DA:9,0
DA:11,1
LF:6
LH:5
BRF:0
BRH:0
end_of_record
TN:
SF:packages/geis-browse/dist/sessions/sessionTypes.js
FNF:0
FNH:0
DA:2,1
LF:1
LH:1
BRF:0
BRH:0
end_of_record
TN:
SF:packages/geis-browse/dist/test/index.js
FN:2,(anonymous_0)
FN:4,(anonymous_1)
FN:5,(anonymous_2)
FN:9,(anonymous_3)
FNF:4
FNH:3
FNDA:2,(anonymous_0)
FNDA:1,(anonymous_1)
FNDA:0,(anonymous_2)
FNDA:3,(anonymous_3)
DA:2,1
DA:3,2
DA:4,2
DA:6,0
DA:7,0
DA:9,1
DA:10,3
DA:12,1
DA:13,1
DA:14,1
DA:15,1
LF:11
LH:9
BRDA:2,0,0,1
BRDA:2,0,1,1
BRDA:2,0,2,1
BRDA:2,1,0,1
BRDA:2,1,1,0
BRDA:3,2,0,2
BRDA:3,2,1,0
BRDA:6,3,0,0
BRDA:6,3,1,0
BRDA:9,4,0,1
BRDA:9,4,1,1
BRDA:9,4,2,1
BRDA:10,5,0,2
BRDA:10,5,1,0
BRDA:10,6,0,2
BRDA:10,6,1,2
BRF:16
BRH:11
end_of_record
TN:
SF:packages/geis-browse/dist/test/testConfig.js
FNF:0
FNH:0
DA:2,1
LF:1
LH:1
BRF:0
BRH:0
end_of_record
TN:
SF:packages/geis-browse/dist/test/testGuards.js
FN:4,isReducer
FN:8,isRaw
FNF:2
FNH:2
FNDA:1,isReducer
FNDA:1,isRaw
DA:2,1
DA:3,1
DA:5,1
DA:7,1
DA:9,1
DA:11,1
LF:6
LH:6
BRF:0
BRH:0
end_of_record
TN:
SF:packages/geis-browse/dist/test/testImpl.js
FN:2,(anonymous_0)
FN:3,adopt
FN:3,(anonymous_2)
FN:4,(anonymous_3)
FN:5,fulfilled
FN:6,rejected
FN:7,step
FN:11,(anonymous_7)
FN:18,(anonymous_8)
FN:32,(anonymous_9)
FN:39,(anonymous_10)
FN:40,(anonymous_11)
FN:43,(anonymous_12)
FN:60,(anonymous_13)
FN:61,(anonymous_14)
FN:62,(anonymous_15)
FN:65,(anonymous_16)
FN:75,(anonymous_17)
FNF:18
FNH:11
FNDA:1,(anonymous_0)
FNDA:0,adopt
FNDA:0,(anonymous_2)
FNDA:1,(anonymous_3)
FNDA:0,fulfilled
FNDA:0,rejected
FNDA:1,step
FNDA:1,(anonymous_7)
FNDA:1,(anonymous_8)
FNDA:1,(anonymous_9)
FNDA:1,(anonymous_10)
FNDA:1,(anonymous_11)
FNDA:0,(anonymous_12)
FNDA:5,(anonymous_13)
FNDA:0,(anonymous_14)
FNDA:0,(anonymous_15)
FNDA:5,(anonymous_16)
FNDA:1,(anonymous_17)
DA:2,1
DA:3,0
DA:4,1
DA:5,0
DA:6,0
DA:7,1
DA:8,1
DA:11,1
DA:12,1
DA:13,0
DA:15,1
DA:16,1
DA:18,1
DA:19,1
DA:20,0
DA:22,1
DA:25,1
DA:26,1
DA:27,1
DA:28,1
DA:29,1
DA:30,1
DA:34,1
DA:35,1
DA:36,1
DA:37,1
DA:40,1
DA:41,1
DA:42,1
DA:43,1
DA:44,0
DA:45,0
DA:47,0
DA:48,0
DA:49,0
DA:51,1
DA:52,1
DA:53,1
DA:54,0
DA:57,1
DA:60,5
DA:61,0
DA:62,0
DA:64,1
DA:66,5
DA:68,0
DA:70,5
DA:76,1
DA:79,1
DA:80,1
LF:50
LH:36
BRDA:2,0,0,1
BRDA:2,0,1,1
BRDA:2,0,2,1
BRDA:3,1,0,0
BRDA:3,1,1,0
BRDA:4,2,0,1
BRDA:4,2,1,1
BRDA:7,3,0,1
BRDA:7,3,1,0
BRDA:8,4,0,1
BRDA:8,4,1,1
BRDA:11,5,0,1
BRDA:11,5,1,1
BRDA:11,5,2,1
BRDA:12,6,0,0
BRDA:12,6,1,1
BRDA:18,7,0,1
BRDA:18,7,1,1
BRDA:18,7,2,1
BRDA:19,8,0,0
BRDA:19,8,1,1
BRDA:36,9,0,1
BRDA:36,9,1,0
BRDA:36,10,0,1
BRDA:36,10,1,1
BRDA:41,11,0,0
BRDA:41,11,1,1
BRDA:44,12,0,0
BRDA:44,12,1,0
BRDA:53,13,0,0
BRDA:53,13,1,1
BRDA:61,14,0,0
BRDA:61,14,1,0
BRDA:61,15,0,0
BRDA:61,15,1,0
BRDA:62,16,0,0
BRDA:62,16,1,0
BRDA:62,17,0,0
BRDA:62,17,1,0
BRDA:66,18,0,0
BRDA:66,18,1,5
BRF:41
BRH:22
end_of_record
TN:
SF:packages/geis-browse/dist/test/testProvider.js
FN:6,mock
FN:7,(anonymous_1)
FNF:2
FNH:2
FNDA:1,mock
FNDA:1,(anonymous_1)
DA:2,1
DA:3,1
DA:4,1
DA:5,1
DA:7,1
DA:9,1
DA:17,1
LF:7
LH:7
BRDA:6,0,0,0
BRDA:6,1,0,1
BRDA:12,2,0,0
BRDA:12,2,1,1
BRDA:12,3,0,1
BRDA:12,3,1,1
BRF:6
BRH:4
end_of_record
TN:
SF:packages/geis-browse/dist/test/testUtils.js
FN:5,applyActions
FN:11,(anonymous_1)
FNF:2
FNH:1
FNDA:1,applyActions
FNDA:0,(anonymous_1)
DA:2,1
DA:3,1
DA:4,1
DA:6,1
DA:7,1
DA:9,0
DA:10,0
DA:11,0
DA:14,0
DA:15,0
DA:18,1
LF:11
LH:6
BRDA:6,0,0,1
BRDA:6,0,1,0
BRF:2
BRH:1
end_of_record
TN:
SF:packages/geis-browse/lib/browseConstants.ts
FN:5,(anonymous_0)
FNF:1
FNH:0
FNDA:0,(anonymous_0)
DA:1,9
DA:3,9
DA:5,9
DA:6,0
LF:4
LH:3
BRF:0
BRH:0
end_of_record
TN:
SF:packages/geis-browse/lib/browseFacade.ts
FN:8,browse
FNF:1
FNH:1
FNDA:14,browse
DA:1,9
DA:3,9
DA:5,9
DA:8,9
DA:14,14
DA:15,14
DA:16,14
DA:18,14
DA:19,11
DA:20,11
DA:29,0
DA:39,3
DA:40,2
DA:50,1
LF:14
LH:13
BRDA:12,0,0,0
BRDA:14,1,0,0
BRDA:18,2,0,11
BRDA:18,2,1,3
BRDA:19,3,0,11
BRDA:19,3,1,0
BRDA:39,4,0,2
BRDA:39,4,1,1
BRF:8
BRH:5
end_of_record
TN:
SF:packages/geis-browse/lib/browseProvider.ts
FN:7,config
FN:10,(anonymous_7)
FNF:2
FNH:2
FNDA:18,config
FNDA:14,(anonymous_7)
DA:3,9
DA:4,9
DA:7,9
DA:9,18
DA:16,14
DA:28,9
LF:6
LH:6
BRDA:7,0,0,9
BRDA:14,1,0,14
BRF:2
BRH:2
end_of_record
TN:
SF:packages/geis-browse/lib/browseUtils.ts
FN:4,getActions
FN:14,getAdapter
FN:22,invokeHandler
FN:36,isPromise
FN:42,isAsyncGenerator
FN:48,isGenerator
FNF:6
FNH:2
FNDA:14,getActions
FNDA:14,getAdapter
FNDA:0,invokeHandler
FNDA:0,isPromise
FNDA:0,isAsyncGenerator
FNDA:0,isGenerator
DA:4,9
DA:5,14
DA:6,3
DA:8,11
DA:9,0
DA:11,11
DA:14,9
DA:17,14
DA:22,9
DA:27,0
DA:28,0
DA:30,0
DA:31,0
DA:33,0
DA:36,9
DA:39,0
DA:42,9
DA:45,0
DA:48,9
DA:49,0
LF:20
LH:11
BRDA:5,0,0,3
BRDA:5,0,1,11
BRDA:8,1,0,0
BRDA:8,1,1,11
BRDA:18,2,0,14
BRDA:18,2,1,0
BRDA:27,3,0,0
BRDA:27,3,1,0
BRDA:30,4,0,0
BRDA:30,4,1,0
BRF:10
BRH:4
end_of_record
TN:
SF:packages/geis-browse/lib/index.ts
FNF:0
FNH:0
DA:1,9
DA:2,9
DA:4,9
DA:5,9
DA:6,9
DA:7,9
DA:8,9
DA:9,9
LF:8
LH:8
BRF:0
BRH:0
end_of_record
TN:
SF:packages/geis-browse/lib/actions/actionFactory.ts
FN:3,(anonymous_0)
FN:8,(anonymous_1)
FN:13,(anonymous_2)
FNF:3
FNH:2
FNDA:0,(anonymous_0)
FNDA:1,(anonymous_1)
FNDA:3,(anonymous_2)
DA:3,9
DA:8,9
DA:13,9
LF:3
LH:3
BRF:0
BRH:0
end_of_record
TN:
SF:packages/geis-browse/lib/actions/index.ts
FNF:0
FNH:0
DA:1,9
DA:2,9
LF:2
LH:2
BRF:0
BRH:0
end_of_record
TN:
SF:packages/geis-browse/lib/sessions/index.ts
FNF:0
FNH:0
DA:1,9
DA:2,9
DA:3,9
DA:4,9
DA:5,9
LF:5
LH:5
BRF:0
BRH:0
end_of_record
TN:
SF:packages/geis-browse/lib/sessions/sessionEnums.ts
FN:1,(anonymous_0)
FNF:1
FNH:1
FNDA:9,(anonymous_0)
DA:1,9
DA:2,9
DA:3,9
DA:4,9
LF:4
LH:4
BRDA:1,0,0,9
BRDA:1,0,1,9
BRF:2
BRH:2
end_of_record
TN:
SF:packages/geis-browse/lib/sessions/sessionGuards.ts
FN:7,isReused
FN:11,isFresh
FNF:2
FNH:1
FNDA:14,isReused
FNDA:0,isFresh
DA:7,9
DA:8,14
DA:11,9
DA:12,0
LF:4
LH:3
BRF:0
BRH:0
end_of_record
TN:
SF:packages/geis-browse/lib/test/index.ts
FNF:0
FNH:0
DA:1,9
DA:2,9
DA:3,9
LF:3
LH:3
BRF:0
BRH:0
end_of_record
TN:
SF:packages/geis-browse/lib/test/testGuards.ts
FN:3,isReducer
FN:9,isRaw
FNF:2
FNH:2
FNDA:14,isReducer
FNDA:14,isRaw
DA:3,9
DA:6,14
DA:9,9
DA:10,14
LF:4
LH:4
BRF:0
BRH:0
end_of_record
TN:
SF:packages/geis-browse/lib/test/testImpl.ts
FN:20,(anonymous_9)
FN:25,(anonymous_10)
FN:29,(anonymous_12)
FN:49,(anonymous_13)
FN:50,(anonymous_14)
FN:51,(anonymous_15)
FN:55,(anonymous_16)
FN:65,(anonymous_17)
FNF:8
FNH:6
FNDA:14,(anonymous_9)
FNDA:14,(anonymous_10)
FNDA:4,(anonymous_12)
FNDA:29,(anonymous_13)
FNDA:0,(anonymous_14)
FNDA:0,(anonymous_15)
FNDA:30,(anonymous_16)
FNDA:13,(anonymous_17)
DA:2,9
DA:3,9
DA:4,9
DA:12,9
DA:15,9
DA:16,14
DA:20,14
DA:21,14
DA:22,14
DA:26,14
DA:27,14
DA:29,14
DA:30,4
DA:31,1
DA:33,3
DA:34,3
DA:35,3
DA:38,14
DA:39,14
DA:41,14
DA:42,1
DA:46,13
DA:49,29
DA:50,0
DA:51,0
DA:54,13
DA:56,30
DA:58,1
DA:60,29
DA:66,13
LF:30
LH:28
BRDA:21,0,0,14
BRDA:21,0,1,0
BRDA:21,1,0,14
BRDA:21,1,1,14
BRDA:26,2,0,1
BRDA:26,2,1,13
BRDA:30,3,0,1
BRDA:30,3,1,3
BRDA:41,4,0,1
BRDA:41,4,1,13
BRDA:50,5,0,0
BRDA:50,5,1,0
BRDA:50,6,0,0
BRDA:50,6,1,0
BRDA:51,7,0,0
BRDA:51,7,1,0
BRDA:51,8,0,0
BRDA:51,8,1,0
BRDA:56,9,0,1
BRDA:56,9,1,29
BRF:20
BRH:11
end_of_record
TN:
SF:packages/geis-browse/lib/test/testProvider.ts
FN:6,mock
FN:10,(anonymous_1)
FNF:2
FNH:2
FNDA:9,mock
FNDA:14,(anonymous_1)
DA:1,9
DA:4,9
DA:6,9
DA:10,9
DA:11,14
LF:5
LH:5
BRDA:7,0,0,0
BRDA:8,1,0,8
BRDA:14,2,0,2
BRDA:14,2,1,12
BRDA:14,3,0,14
BRDA:14,3,1,14
BRF:6
BRH:5
end_of_record
TN:
SF:packages/geis-browse/lib/test/testUtils.ts
FN:5,applyActions
FN:11,(anonymous_1)
FNF:2
FNH:2
FNDA:14,applyActions
FNDA:1,(anonymous_1)
DA:2,9
DA:5,9
DA:6,14
DA:7,12
DA:9,2
DA:10,2
DA:11,2
DA:13,0
DA:14,0
LF:9
LH:7
BRDA:6,0,0,12
BRDA:6,0,1,2
BRF:2
BRH:2
end_of_record
TN:
SF:packages/geis-browse/test/support/index.ts
FNF:0
FNH:0
DA:1,1
LF:1
LH:1
BRF:0
BRH:0
end_of_record
TN:
SF:packages/geis-browse/test/support/testAssertions.ts
FN:4,jsonFile
FN:9,(anonymous_2)
FNF:2
FNH:2
FNDA:1,jsonFile
FNDA:1,(anonymous_2)
DA:1,1
DA:2,1
DA:4,1
DA:5,1
DA:6,1
DA:7,1
DA:8,1
DA:10,1
LF:8
LH:8
BRF:0
BRH:0
end_of_record
TN:
SF:packages/geis-core/dist/coreFactory.js
FN:2,(anonymous_0)
FN:4,(anonymous_1)
FN:5,(anonymous_2)
FN:9,(anonymous_3)
FN:11,(anonymous_4)
FN:14,(anonymous_5)
FN:25,(anonymous_6)
FN:27,(anonymous_7)
FN:29,(anonymous_8)
FN:31,(anonymous_9)
FN:34,(anonymous_10)
FN:36,(anonymous_11)
FN:39,(anonymous_12)
FN:39,(anonymous_13)
FN:41,(anonymous_14)
FNF:15
FNH:4
FNDA:0,(anonymous_0)
FNDA:0,(anonymous_1)
FNDA:0,(anonymous_2)
FNDA:0,(anonymous_3)
FNDA:0,(anonymous_4)
FNDA:18,(anonymous_5)
FNDA:6,(anonymous_6)
FNDA:0,(anonymous_7)
FNDA:9,(anonymous_8)
FNDA:0,(anonymous_9)
FNDA:5,(anonymous_10)
FNDA:0,(anonymous_11)
FNDA:0,(anonymous_12)
FNDA:0,(anonymous_13)
FNDA:0,(anonymous_14)
DA:2,18
DA:3,0
DA:4,0
DA:6,0
DA:7,0
DA:9,18
DA:10,0
DA:12,0
DA:14,18
DA:15,18
DA:16,0
DA:17,0
DA:18,0
DA:19,0
DA:21,18
DA:22,18
DA:23,18
DA:24,18
DA:25,18
DA:27,0
DA:29,18
DA:31,0
DA:33,18
DA:34,18
DA:36,0
DA:38,18
DA:39,18
DA:41,0
DA:43,18
LF:29
LH:15
BRDA:2,0,0,18
BRDA:2,0,1,18
BRDA:2,0,2,18
BRDA:2,1,0,18
BRDA:2,1,1,0
BRDA:3,2,0,0
BRDA:3,2,1,0
BRDA:6,3,0,0
BRDA:6,3,1,0
BRDA:9,4,0,18
BRDA:9,4,1,18
BRDA:9,4,2,18
BRDA:9,5,0,18
BRDA:9,5,1,0
BRDA:14,6,0,18
BRDA:14,6,1,18
BRDA:14,6,2,18
BRDA:15,7,0,18
BRDA:15,7,1,0
BRDA:15,8,0,18
BRDA:15,8,1,18
BRDA:17,9,0,0
BRDA:17,9,1,0
BRDA:17,10,0,0
BRDA:17,10,1,0
BRDA:17,11,0,0
BRDA:17,11,1,0
BRF:27
BRH:14
end_of_record
TN:
SF:packages/geis-core/dist/coreTypes.js
FNF:0
FNH:0
DA:2,18
LF:1
LH:1
BRF:0
BRH:0
end_of_record
TN:
SF:packages/geis-core/dist/index.js
FN:2,(anonymous_0)
FN:4,(anonymous_1)
FN:5,(anonymous_2)
FN:9,(anonymous_3)
FNF:4
FNH:3
FNDA:144,(anonymous_0)
FNDA:20,(anonymous_1)
FNDA:0,(anonymous_2)
FNDA:54,(anonymous_3)
DA:2,18
DA:3,144
DA:4,144
DA:6,0
DA:7,0
DA:9,18
DA:10,144
DA:12,18
DA:13,18
DA:14,18
DA:15,18
LF:11
LH:9
BRDA:2,0,0,18
BRDA:2,0,1,18
BRDA:2,0,2,18
BRDA:2,1,0,18
BRDA:2,1,1,0
BRDA:3,2,0,144
BRDA:3,2,1,0
BRDA:6,3,0,0
BRDA:6,3,1,0
BRDA:9,4,0,18
BRDA:9,4,1,18
BRDA:9,4,2,18
BRDA:10,5,0,144
BRDA:10,5,1,0
BRDA:10,6,0,144
BRDA:10,6,1,144
BRF:16
BRH:11
end_of_record
TN:
SF:packages/geis-core/dist/validators/index.js
FN:2,(anonymous_0)
FN:4,(anonymous_1)
FN:5,(anonymous_2)
FN:9,(anonymous_3)
FNF:4
FNH:3
FNDA:72,(anonymous_0)
FNDA:36,(anonymous_1)
FNDA:0,(anonymous_2)
FNDA:18,(anonymous_3)
DA:2,18
DA:3,72
DA:4,72
DA:6,0
DA:7,0
DA:9,18
DA:10,72
DA:12,18
DA:13,18
LF:9
LH:7
BRDA:2,0,0,18
BRDA:2,0,1,18
BRDA:2,0,2,18
BRDA:2,1,0,18
BRDA:2,1,1,0
BRDA:3,2,0,72
BRDA:3,2,1,0
BRDA:6,3,0,0
BRDA:6,3,1,0
BRDA:9,4,0,18
BRDA:9,4,1,18
BRDA:9,4,2,18
BRDA:10,5,0,72
BRDA:10,5,1,0
BRDA:10,6,0,72
BRDA:10,6,1,72
BRF:16
BRH:11
end_of_record
TN:
SF:packages/geis-core/dist/validators/validatorFacade.js
FN:4,min
FN:5,(anonymous_1)
FN:8,max
FN:9,(anonymous_3)
FN:12,lowercase
FN:16,uppercase
FNF:6
FNH:0
FNDA:0,min
FNDA:0,(anonymous_1)
FNDA:0,max
FNDA:0,(anonymous_3)
FNDA:0,lowercase
FNDA:0,uppercase
DA:2,18
DA:3,18
DA:5,0
DA:7,18
DA:9,0
DA:11,18
DA:13,0
DA:15,18
DA:17,0
DA:19,18
LF:10
LH:6
BRF:0
BRH:0
end_of_record
TN:
SF:packages/geis-file/dist/fileAdapter.js
FNF:0
FNH:0
DA:2,18
LF:1
LH:1
BRF:0
BRH:0
end_of_record
TN:
SF:packages/geis-file/dist/fileFacade.js
FN:2,(anonymous_0)
FN:13,(anonymous_1)
FN:16,(anonymous_2)
FN:22,create
FNF:4
FNH:1
FNDA:0,(anonymous_0)
FNDA:0,(anonymous_1)
FNDA:0,(anonymous_2)
FNDA:4,create
DA:2,18
DA:3,0
DA:4,0
DA:6,0
DA:9,18
DA:10,18
DA:11,18
DA:14,0
DA:17,0
DA:20,18
DA:21,18
DA:23,4
DA:24,4
DA:26,18
LF:14
LH:9
BRDA:2,0,0,18
BRDA:2,0,1,18
BRDA:2,0,2,18
BRDA:3,1,0,0
BRDA:3,1,1,0
BRF:5
BRH:3
end_of_record
TN:
SF:packages/geis-file/dist/fileFactory.js
FN:4,pending
FNF:1
FNH:1
FNDA:4,pending
DA:2,18
DA:3,18
DA:5,4
DA:10,18
LF:4
LH:4
BRF:0
BRH:0
end_of_record
TN:
SF:packages/geis-file/dist/fileService.js
FN:8,(anonymous_0)
FN:11,(anonymous_1)
FNF:2
FNH:2
FNDA:4,(anonymous_0)
FNDA:4,(anonymous_1)
DA:2,18
DA:3,18
DA:4,18
DA:5,18
DA:6,18
DA:9,4
DA:12,4
DA:13,4
DA:14,4
DA:15,4
DA:18,18
LF:11
LH:11
BRF:0
BRH:0
end_of_record
TN:
SF:packages/geis-file/dist/fileTypes.js
FNF:0
FNH:0
DA:2,18
LF:1
LH:1
BRF:0
BRH:0
end_of_record
TN:
SF:packages/geis-file/dist/index.js
FN:2,(anonymous_0)
FN:4,(anonymous_1)
FN:5,(anonymous_2)
FN:9,(anonymous_3)
FNF:4
FNH:3
FNDA:54,(anonymous_0)
FNDA:21,(anonymous_1)
FNDA:0,(anonymous_2)
FNDA:72,(anonymous_3)
DA:2,18
DA:3,54
DA:4,54
DA:6,0
DA:7,0
DA:9,18
DA:10,72
DA:12,18
DA:13,18
DA:14,18
DA:15,18
DA:16,18
LF:12
LH:10
BRDA:2,0,0,18
BRDA:2,0,1,18
BRDA:2,0,2,18
BRDA:2,1,0,18
BRDA:2,1,1,0
BRDA:3,2,0,54
BRDA:3,2,1,0
BRDA:6,3,0,0
BRDA:6,3,1,0
BRDA:9,4,0,18
BRDA:9,4,1,18
BRDA:9,4,2,18
BRDA:10,5,0,54
BRDA:10,5,1,0
BRDA:10,6,0,54
BRDA:10,6,1,54
BRF:16
BRH:11
end_of_record
TN:
SF:packages/geis-file/dist/downloads/downloadFactory.js
FN:2,(anonymous_0)
FN:3,adopt
FN:3,(anonymous_2)
FN:4,(anonymous_3)
FN:5,fulfilled
FN:6,rejected
FN:7,step
FN:11,(anonymous_7)
FN:18,download
FN:19,(anonymous_9)
FN:20,(anonymous_10)
FN:26,(anonymous_11)
FNF:12
FNH:7
FNDA:4,(anonymous_0)
FNDA:0,adopt
FNDA:0,(anonymous_2)
FNDA:4,(anonymous_3)
FNDA:0,fulfilled
FNDA:0,rejected
FNDA:4,step
FNDA:36,(anonymous_7)
FNDA:4,download
FNDA:4,(anonymous_9)
FNDA:4,(anonymous_10)
FNDA:0,(anonymous_11)
DA:2,18
DA:3,0
DA:4,4
DA:5,0
DA:6,0
DA:7,4
DA:8,4
DA:11,18
DA:12,36
DA:14,18
DA:15,18
DA:16,18
DA:17,18
DA:19,4
DA:20,4
DA:21,4
DA:22,4
DA:23,4
DA:24,4
DA:26,0
DA:28,0
DA:33,18
LF:22
LH:17
BRDA:2,0,0,18
BRDA:2,0,1,18
BRDA:2,0,2,18
BRDA:3,1,0,0
BRDA:3,1,1,0
BRDA:4,2,0,4
BRDA:4,2,1,4
BRDA:7,3,0,4
BRDA:7,3,1,0
BRDA:8,4,0,4
BRDA:8,4,1,4
BRDA:11,5,0,18
BRDA:11,5,1,18
BRDA:11,5,2,18
BRDA:12,6,0,0
BRDA:12,6,1,36
BRDA:12,7,0,36
BRDA:12,7,1,36
BRDA:22,8,0,4
BRDA:22,8,1,0
BRF:20
BRH:15
end_of_record
TN:
SF:packages/geis-file/dist/downloads/downloadTypes.js
FNF:0
FNH:0
DA:2,18
LF:1
LH:1
BRF:0
BRH:0
end_of_record
TN:
SF:packages/geis-file/dist/downloads/index.js
FN:2,(anonymous_0)
FN:4,(anonymous_1)
FN:5,(anonymous_2)
FN:9,(anonymous_3)
FNF:4
FNH:3
FNDA:18,(anonymous_0)
FNDA:4,(anonymous_1)
FNDA:0,(anonymous_2)
FNDA:36,(anonymous_3)
DA:2,18
DA:3,18
DA:4,18
DA:6,0
DA:7,0
DA:9,18
DA:10,36
DA:12,18
DA:13,18
DA:14,18
LF:10
LH:8
BRDA:2,0,0,18
BRDA:2,0,1,18
BRDA:2,0,2,18
BRDA:2,1,0,18
BRDA:2,1,1,0
BRDA:3,2,0,18
BRDA:3,2,1,0
BRDA:6,3,0,0
BRDA:6,3,1,0
BRDA:9,4,0,18
BRDA:9,4,1,18
BRDA:9,4,2,18
BRDA:10,5,0,18
BRDA:10,5,1,0
BRDA:10,6,0,18
BRDA:10,6,1,18
BRF:16
BRH:11
end_of_record
TN:
SF:packages/geis-file/dist/local/index.js
FN:2,(anonymous_0)
FN:4,(anonymous_1)
FN:5,(anonymous_2)
FN:9,(anonymous_3)
FNF:4
FNH:3
FNDA:18,(anonymous_0)
FNDA:17,(anonymous_1)
FNDA:0,(anonymous_2)
FNDA:18,(anonymous_3)
DA:2,18
DA:3,18
DA:4,18
DA:6,0
DA:7,0
DA:9,18
DA:10,18
DA:12,18
DA:13,18
LF:9
LH:7
BRDA:2,0,0,18
BRDA:2,0,1,18
BRDA:2,0,2,18
BRDA:2,1,0,18
BRDA:2,1,1,0
BRDA:3,2,0,18
BRDA:3,2,1,0
BRDA:6,3,0,0
BRDA:6,3,1,0
BRDA:9,4,0,18
BRDA:9,4,1,18
BRDA:9,4,2,18
BRDA:10,5,0,18
BRDA:10,5,1,0
BRDA:10,6,0,18
BRDA:10,6,1,18
BRF:16
BRH:11
end_of_record
TN:
SF:packages/geis-file/dist/local/localImpl.js
FN:2,(anonymous_0)
FN:3,adopt
FN:3,(anonymous_2)
FN:4,(anonymous_3)
FN:5,fulfilled
FN:6,rejected
FN:7,step
FN:11,(anonymous_7)
FN:20,(anonymous_8)
FN:23,(anonymous_9)
FN:24,(anonymous_10)
FN:28,(anonymous_11)
FN:29,(anonymous_12)
FN:41,(anonymous_13)
FN:42,(anonymous_14)
FN:46,(anonymous_15)
FN:49,(anonymous_16)
FNF:17
FNH:11
FNDA:4,(anonymous_0)
FNDA:4,adopt
FNDA:0,(anonymous_2)
FNDA:4,(anonymous_3)
FNDA:4,fulfilled
FNDA:0,rejected
FNDA:8,step
FNDA:54,(anonymous_7)
FNDA:17,(anonymous_8)
FNDA:4,(anonymous_9)
FNDA:4,(anonymous_10)
FNDA:0,(anonymous_11)
FNDA:0,(anonymous_12)
FNDA:4,(anonymous_13)
FNDA:4,(anonymous_14)
FNDA:0,(anonymous_15)
FNDA:0,(anonymous_16)
DA:2,18
DA:3,4
DA:4,4
DA:5,4
DA:6,0
DA:7,8
DA:8,4
DA:11,18
DA:12,54
DA:14,18
DA:15,18
DA:16,18
DA:17,18
DA:18,18
DA:21,17
DA:24,4
DA:25,4
DA:26,4
DA:27,4
DA:28,0
DA:29,0
DA:30,0
DA:31,0
DA:33,0
DA:40,4
DA:41,4
DA:43,4
DA:44,4
DA:47,0
DA:48,0
DA:49,0
DA:55,18
LF:32
LH:23
BRDA:2,0,0,18
BRDA:2,0,1,18
BRDA:2,0,2,18
BRDA:3,1,0,4
BRDA:3,1,1,0
BRDA:4,2,0,4
BRDA:4,2,1,4
BRDA:7,3,0,4
BRDA:7,3,1,4
BRDA:8,4,0,4
BRDA:8,4,1,4
BRDA:11,5,0,18
BRDA:11,5,1,18
BRDA:11,5,2,18
BRDA:12,6,0,0
BRDA:12,6,1,54
BRDA:12,7,0,54
BRDA:12,7,1,54
BRDA:27,8,0,0
BRDA:27,8,1,4
BRDA:30,9,0,0
BRDA:30,9,1,0
BRF:22
BRH:17
end_of_record
TN:
SF:packages/geis-file/dist/uploads/index.js
FN:2,(anonymous_0)
FN:4,(anonymous_1)
FN:5,(anonymous_2)
FN:9,(anonymous_3)
FNF:4
FNH:3
FNDA:18,(anonymous_0)
FNDA:4,(anonymous_1)
FNDA:0,(anonymous_2)
FNDA:36,(anonymous_3)
DA:2,18
DA:3,18
DA:4,18
DA:6,0
DA:7,0
DA:9,18
DA:10,36
DA:12,18
DA:13,18
DA:14,18
LF:10
LH:8
BRDA:2,0,0,18
BRDA:2,0,1,18
BRDA:2,0,2,18
BRDA:2,1,0,18
BRDA:2,1,1,0
BRDA:3,2,0,18
BRDA:3,2,1,0
BRDA:6,3,0,0
BRDA:6,3,1,0
BRDA:9,4,0,18
BRDA:9,4,1,18
BRDA:9,4,2,18
BRDA:10,5,0,18
BRDA:10,5,1,18
BRDA:10,6,0,36
BRDA:10,6,1,36
BRF:16
BRH:12
end_of_record
TN:
SF:packages/geis-file/dist/uploads/uploadFactory.js
FN:4,upload
FNF:1
FNH:1
FNDA:4,upload
DA:2,18
DA:3,18
DA:5,4
DA:11,18
LF:4
LH:4
BRF:0
BRH:0
end_of_record
TN:
SF:packages/geis-html/dist/htmlConfig.js
FNF:0
FNH:0
DA:2,10
LF:1
LH:1
BRF:0
BRH:0
end_of_record
TN:
SF:packages/geis-html/dist/htmlFacade.js
FN:2,(anonymous_0)
FN:8,(anonymous_1)
FN:22,(anonymous_2)
FN:25,(anonymous_3)
FN:28,(anonymous_4)
FN:31,(anonymous_5)
FN:34,(anonymous_6)
FN:41,(anonymous_7)
FN:44,(anonymous_8)
FN:50,(anonymous_9)
FN:59,(anonymous_10)
FN:62,(anonymous_11)
FNF:12
FNH:8
FNDA:10,(anonymous_0)
FNDA:20,(anonymous_1)
FNDA:38,(anonymous_2)
FNDA:16,(anonymous_3)
FNDA:2,(anonymous_4)
FNDA:0,(anonymous_5)
FNDA:0,(anonymous_6)
FNDA:4,(anonymous_7)
FNDA:2,(anonymous_8)
FNDA:0,(anonymous_9)
FNDA:0,(anonymous_10)
FNDA:2,(anonymous_11)
DA:2,10
DA:3,10
DA:4,10
DA:5,0
DA:6,10
DA:8,10
DA:9,20
DA:11,10
DA:12,10
DA:13,10
DA:14,10
DA:15,10
DA:16,10
DA:17,10
DA:18,10
DA:19,10
DA:20,10
DA:21,10
DA:23,38
DA:26,16
DA:29,2
DA:32,0
DA:35,0
DA:36,0
DA:37,0
DA:39,0
DA:42,4
DA:45,2
DA:46,0
DA:48,2
DA:51,0
DA:52,0
DA:55,0
DA:56,0
DA:57,0
DA:60,0
DA:63,2
DA:66,10
DA:69,10
LF:39
LH:26
BRDA:2,0,0,10
BRDA:2,0,1,10
BRDA:2,0,2,10
BRDA:3,1,0,10
BRDA:3,1,1,0
BRDA:3,2,0,0
BRDA:3,2,1,0
BRDA:4,3,0,10
BRDA:4,3,1,0
BRDA:4,4,0,10
BRDA:4,4,1,10
BRDA:5,5,0,0
BRDA:5,5,1,0
BRDA:5,6,0,0
BRDA:5,6,1,0
BRDA:5,7,0,0
BRDA:5,7,1,0
BRDA:5,8,0,0
BRDA:5,8,1,0
BRDA:6,9,0,10
BRDA:6,9,1,0
BRDA:6,9,2,0
BRDA:8,10,0,10
BRDA:8,10,1,10
BRDA:8,10,2,10
BRDA:9,11,0,10
BRDA:9,11,1,10
BRDA:9,12,0,20
BRDA:9,12,1,20
BRDA:45,13,0,0
BRDA:45,13,1,2
BRDA:51,14,0,0
BRDA:51,14,1,0
BRF:33
BRH:16
end_of_record
TN:
SF:packages/geis-html/dist/htmlProvider.js
FN:2,(anonymous_0)
FN:10,Html
FN:13,(anonymous_2)
FNF:3
FNH:3
FNDA:10,(anonymous_0)
FNDA:34,Html
FNDA:38,(anonymous_2)
DA:2,10
DA:3,10
DA:5,10
DA:6,10
DA:7,10
DA:8,10
DA:9,10
DA:11,34
DA:12,34
DA:13,34
DA:14,38
DA:15,38
DA:17,34
DA:19,10
LF:14
LH:14
BRDA:2,0,0,10
BRDA:2,0,1,10
BRDA:2,0,2,10
BRDA:3,1,0,0
BRDA:3,1,1,10
BRDA:3,2,0,10
BRDA:3,2,1,10
BRDA:10,3,0,0
BRDA:10,4,0,0
BRDA:14,5,0,38
BRDA:14,5,1,0
BRF:11
BRH:7
end_of_record
TN:
SF:packages/geis-html/dist/htmlTypes.js
FNF:0
FNH:0
DA:2,10
LF:1
LH:1
BRF:0
BRH:0
end_of_record
TN:
SF:packages/geis-html/dist/index.js
FN:2,(anonymous_0)
FN:4,(anonymous_1)
FN:5,(anonymous_2)
FN:9,(anonymous_3)
FNF:4
FNH:3
FNDA:30,(anonymous_0)
FNDA:36,(anonymous_1)
FNDA:0,(anonymous_2)
FNDA:50,(anonymous_3)
DA:2,10
DA:3,30
DA:4,36
DA:6,0
DA:7,0
DA:9,10
DA:10,50
DA:12,10
DA:13,10
DA:14,10
DA:15,10
DA:16,10
DA:17,10
LF:13
LH:11
BRDA:2,0,0,10
BRDA:2,0,1,10
BRDA:2,0,2,10
BRDA:2,1,0,10
BRDA:2,1,1,0
BRDA:3,2,0,30
BRDA:3,2,1,0
BRDA:6,3,0,0
BRDA:6,3,1,0
BRDA:9,4,0,10
BRDA:9,4,1,10
BRDA:9,4,2,10
BRDA:10,5,0,30
BRDA:10,5,1,0
BRDA:10,6,0,30
BRDA:10,6,1,30
BRF:16
BRH:11
end_of_record
TN:
SF:packages/geis-html/dist/boolean/booleanHelpers.js
FN:5,toBoolean
FNF:1
FNH:0
FNDA:0,toBoolean
DA:2,10
DA:3,10
DA:4,10
DA:7,0
DA:8,0
DA:10,0
DA:11,0
DA:12,0
DA:13,0
DA:15,10
LF:10
LH:4
BRDA:7,0,0,0
BRDA:7,0,1,0
BRDA:11,1,0,0
BRDA:11,1,1,0
BRDA:11,2,0,0
BRDA:11,2,1,0
BRDA:13,3,0,0
BRDA:13,3,1,0
BRF:8
BRH:0
end_of_record
TN:
SF:packages/geis-html/dist/file/fileHelpers.js
FN:5,toFile
FNF:1
FNH:1
FNDA:2,toFile
DA:2,10
DA:3,10
DA:4,10
DA:6,2
DA:7,2
DA:8,0
DA:10,2
DA:14,2
DA:16,10
LF:9
LH:8
BRDA:7,0,0,0
BRDA:7,0,1,2
BRDA:7,1,0,2
BRDA:7,1,1,2
BRF:4
BRH:3
end_of_record
TN:
SF:packages/geis-html/dist/integer/integerHelpers.js
FN:5,toInteger
FNF:1
FNH:1
FNDA:2,toInteger
DA:2,10
DA:3,10
DA:4,10
DA:6,2
DA:7,0
DA:9,2
DA:10,2
DA:11,2
DA:12,2
DA:14,10
LF:10
LH:9
BRDA:6,0,0,0
BRDA:6,0,1,2
BRDA:12,1,0,2
BRDA:12,1,1,0
BRF:4
BRH:2
end_of_record
TN:
SF:packages/geis-html/dist/iterator/iteratorHelpers.js
FN:4,toIterator
FN:6,(anonymous_1)
FNF:2
FNH:2
FNDA:2,toIterator
FNDA:4,(anonymous_1)
DA:2,10
DA:3,10
DA:5,2
DA:6,4
DA:8,2
DA:10,10
LF:6
LH:6
BRF:0
BRH:0
end_of_record
TN:
SF:packages/geis-html/dist/link/index.js
FN:2,(anonymous_0)
FN:4,(anonymous_1)
FN:5,(anonymous_2)
FN:9,(anonymous_3)
FNF:4
FNH:3
FNDA:10,(anonymous_0)
FNDA:1,(anonymous_1)
FNDA:0,(anonymous_2)
FNDA:20,(anonymous_3)
DA:2,10
DA:3,10
DA:4,10
DA:6,0
DA:7,0
DA:9,10
DA:10,20
DA:12,10
DA:13,10
DA:14,10
LF:10
LH:8
BRDA:2,0,0,10
BRDA:2,0,1,10
BRDA:2,0,2,10
BRDA:2,1,0,10
BRDA:2,1,1,0
BRDA:3,2,0,10
BRDA:3,2,1,0
BRDA:6,3,0,0
BRDA:6,3,1,0
BRDA:9,4,0,10
BRDA:9,4,1,10
BRDA:9,4,2,10
BRDA:10,5,0,10
BRDA:10,5,1,0
BRDA:10,6,0,10
BRDA:10,6,1,10
BRF:16
BRH:11
end_of_record
TN:
SF:packages/geis-html/dist/link/linkHelpers.js
FN:4,toLink
FNF:1
FNH:1
FNDA:4,toLink
DA:2,10
DA:3,10
DA:5,4
DA:6,0
DA:8,4
DA:9,4
DA:10,1
DA:12,3
DA:14,10
LF:9
LH:8
BRDA:5,0,0,0
BRDA:5,0,1,4
BRDA:9,1,0,1
BRDA:9,1,1,3
BRF:4
BRH:3
end_of_record
TN:
SF:packages/geis-html/dist/link/linkProvider.js
FN:2,(anonymous_0)
FN:4,(anonymous_1)
FN:5,(anonymous_2)
FN:9,(anonymous_3)
FN:11,(anonymous_4)
FN:14,(anonymous_5)
FN:24,(anonymous_6)
FNF:7
FNH:1
FNDA:0,(anonymous_0)
FNDA:0,(anonymous_1)
FNDA:0,(anonymous_2)
FNDA:0,(anonymous_3)
FNDA:0,(anonymous_4)
FNDA:10,(anonymous_5)
FNDA:0,(anonymous_6)
DA:2,10
DA:3,0
DA:4,0
DA:6,0
DA:7,0
DA:9,10
DA:10,0
DA:12,0
DA:14,10
DA:15,10
DA:16,0
DA:17,0
DA:18,0
DA:19,0
DA:21,10
DA:22,10
DA:23,10
DA:24,10
DA:31,10
LF:19
LH:9
BRDA:2,0,0,10
BRDA:2,0,1,10
BRDA:2,0,2,10
BRDA:2,1,0,10
BRDA:2,1,1,0
BRDA:3,2,0,0
BRDA:3,2,1,0
BRDA:6,3,0,0
BRDA:6,3,1,0
BRDA:9,4,0,10
BRDA:9,4,1,10
BRDA:9,4,2,10
BRDA:9,5,0,10
BRDA:9,5,1,0
BRDA:14,6,0,10
BRDA:14,6,1,10
BRDA:14,6,2,10
BRDA:15,7,0,10
BRDA:15,7,1,0
BRDA:15,8,0,10
BRDA:15,8,1,10
BRDA:17,9,0,0
BRDA:17,9,1,0
BRDA:17,10,0,0
BRDA:17,10,1,0
BRDA:17,11,0,0
BRDA:17,11,1,0
BRF:27
BRH:14
end_of_record
TN:
SF:packages/geis-html/dist/link/linkTypes.js
FNF:0
FNH:0
DA:2,10
LF:1
LH:1
BRF:0
BRH:0
end_of_record
TN:
SF:packages/geis-html/dist/string/stringHelpers.js
FN:4,toString
FNF:1
FNH:1
FNDA:16,toString
DA:2,10
DA:3,10
DA:5,16
DA:6,1
DA:8,15
DA:9,15
DA:11,10
LF:7
LH:7
BRDA:5,0,0,1
BRDA:5,0,1,15
BRF:2
BRH:2
end_of_record
TN:
SF:packages/geis-html/lib/htmlFacade.ts
FN:15,(anonymous_2)
FN:17,(anonymous_3)
FN:21,(anonymous_4)
FN:25,(anonymous_5)
FN:29,(anonymous_6)
FN:37,(anonymous_7)
FN:41,(anonymous_8)
FN:48,(anonymous_9)
FN:58,(anonymous_10)
FN:62,(anonymous_11)
FNF:10
FNH:9
FNDA:28,(anonymous_2)
FNDA:3,(anonymous_3)
FNDA:6,(anonymous_4)
FNDA:6,(anonymous_5)
FNDA:0,(anonymous_6)
FNDA:5,(anonymous_7)
FNDA:2,(anonymous_8)
FNDA:1,(anonymous_9)
FNDA:5,(anonymous_10)
FNDA:2,(anonymous_11)
DA:2,8
DA:3,8
DA:4,8
DA:7,8
DA:8,8
DA:9,8
DA:10,8
DA:11,8
DA:14,8
DA:15,28
DA:18,3
DA:22,6
DA:26,6
DA:30,0
DA:31,0
DA:32,0
DA:34,0
DA:38,5
DA:42,2
DA:43,0
DA:45,2
DA:49,1
DA:50,0
DA:53,1
DA:54,1
DA:55,1
DA:59,5
DA:63,2
LF:28
LH:22
BRDA:42,0,0,0
BRDA:42,0,1,2
BRDA:49,1,0,0
BRDA:49,1,1,1
BRF:4
BRH:2
end_of_record
TN:
SF:packages/geis-html/lib/htmlProvider.ts
FN:7,Html
FN:14,(anonymous_2)
FNF:2
FNH:2
FNDA:20,Html
FNDA:28,(anonymous_2)
DA:1,8
DA:2,8
DA:4,8
DA:7,8
DA:12,20
DA:13,20
DA:14,20
DA:15,28
DA:16,28
DA:19,20
LF:10
LH:10
BRDA:8,0,0,0
BRDA:10,1,0,17
BRDA:15,2,0,26
BRDA:15,2,1,2
BRF:4
BRH:3
end_of_record
TN:
SF:packages/geis-html/lib/index.ts
FNF:0
FNH:0
DA:1,8
DA:2,8
DA:3,8
DA:4,8
DA:5,8
LF:5
LH:5
BRF:0
BRH:0
end_of_record
TN:
SF:packages/geis-html/lib/boolean/booleanHelpers.ts
FN:4,toBoolean
FNF:1
FNH:1
FNDA:6,toBoolean
DA:1,8
DA:4,8
DA:5,6
DA:6,1
DA:8,5
DA:9,5
DA:10,5
DA:11,5
LF:8
LH:8
BRDA:5,0,0,1
BRDA:5,0,1,5
BRDA:9,1,0,4
BRDA:9,1,1,1
BRDA:9,2,0,5
BRDA:9,2,1,5
BRDA:11,3,0,4
BRDA:11,3,1,1
BRF:8
BRH:8
end_of_record
TN:
SF:packages/geis-html/lib/file/fileHelpers.ts
FN:4,toFile
FNF:1
FNH:1
FNDA:2,toFile
DA:1,8
DA:4,8
DA:5,2
DA:6,2
DA:7,0
DA:9,2
DA:13,2
LF:7
LH:6
BRDA:6,0,0,0
BRDA:6,0,1,2
BRDA:6,1,0,2
BRDA:6,1,1,2
BRF:4
BRH:3
end_of_record
TN:
SF:packages/geis-html/lib/integer/integerHelpers.ts
FN:4,toInteger
FNF:1
FNH:1
FNDA:6,toInteger
DA:1,8
DA:4,8
DA:5,6
DA:6,1
DA:8,5
DA:9,5
DA:10,5
DA:11,5
LF:8
LH:8
BRDA:5,0,0,1
BRDA:5,0,1,5
BRDA:11,1,0,4
BRDA:11,1,1,1
BRF:4
BRH:4
end_of_record
TN:
SF:packages/geis-html/lib/iterator/iteratorHelpers.ts
FN:4,toIterator
FN:6,(anonymous_1)
FNF:2
FNH:2
FNDA:2,toIterator
FNDA:3,(anonymous_1)
DA:4,8
DA:5,2
DA:6,3
DA:8,2
LF:4
LH:4
BRF:0
BRH:0
end_of_record
TN:
SF:packages/geis-html/lib/link/index.ts
FNF:0
FNH:0
DA:1,8
DA:2,8
LF:2
LH:2
BRF:0
BRH:0
end_of_record
TN:
SF:packages/geis-html/lib/link/linkHelpers.ts
FN:3,toLink
FNF:1
FNH:1
FNDA:5,toLink
DA:3,8
DA:4,5
DA:5,1
DA:7,4
DA:8,4
DA:9,1
DA:11,3
LF:7
LH:7
BRDA:4,0,0,1
BRDA:4,0,1,4
BRDA:8,1,0,1
BRDA:8,1,1,3
BRF:4
BRH:4
end_of_record
TN:
SF:packages/geis-html/lib/link/linkProvider.ts
FN:4,(anonymous_6)
FNF:1
FNH:0
FNDA:0,(anonymous_6)
DA:1,8
DA:4,8
LF:2
LH:2
BRF:0
BRH:0
end_of_record
TN:
SF:packages/geis-html/lib/string/stringHelpers.ts
FN:3,toString
FNF:1
FNH:1
FNDA:3,toString
DA:3,8
DA:4,3
DA:5,0
DA:7,3
DA:8,3
LF:5
LH:4
BRDA:4,0,0,0
BRDA:4,0,1,3
BRF:2
BRH:1
end_of_record
TN:
SF:packages/geis-html/test/support/index.ts
FNF:0
FNH:0
DA:1,1
LF:1
LH:1
BRF:0
BRH:0
end_of_record
TN:
SF:packages/geis-html/test/support/testAssertions.ts
FN:4,jsonFile
FN:9,(anonymous_2)
FNF:2
FNH:2
FNDA:1,jsonFile
FNDA:1,(anonymous_2)
DA:1,1
DA:2,1
DA:4,1
DA:5,1
DA:6,1
DA:7,1
DA:8,1
DA:10,1
LF:8
LH:8
BRF:0
BRH:0
end_of_record
TN:
SF:packages/geis-image/dist/imageFacade.js
FN:2,(anonymous_0)
FN:4,(anonymous_1)
FN:5,(anonymous_2)
FN:9,(anonymous_3)
FN:11,(anonymous_4)
FN:14,(anonymous_5)
FN:24,(anonymous_6)
FNF:7
FNH:1
FNDA:0,(anonymous_0)
FNDA:0,(anonymous_1)
FNDA:0,(anonymous_2)
FNDA:0,(anonymous_3)
FNDA:0,(anonymous_4)
FNDA:1,(anonymous_5)
FNDA:0,(anonymous_6)
DA:2,1
DA:3,0
DA:4,0
DA:6,0
DA:7,0
DA:9,1
DA:10,0
DA:12,0
DA:14,1
DA:15,1
DA:16,0
DA:17,0
DA:18,0
DA:19,0
DA:21,1
DA:22,1
DA:23,1
DA:24,1
DA:30,1
LF:19
LH:9
BRDA:2,0,0,1
BRDA:2,0,1,1
BRDA:2,0,2,1
BRDA:2,1,0,1
BRDA:2,1,1,0
BRDA:3,2,0,0
BRDA:3,2,1,0
BRDA:6,3,0,0
BRDA:6,3,1,0
BRDA:9,4,0,1
BRDA:9,4,1,1
BRDA:9,4,2,1
BRDA:9,5,0,1
BRDA:9,5,1,0
BRDA:14,6,0,1
BRDA:14,6,1,1
BRDA:14,6,2,1
BRDA:15,7,0,1
BRDA:15,7,1,0
BRDA:15,8,0,1
BRDA:15,8,1,1
BRDA:17,9,0,0
BRDA:17,9,1,0
BRDA:17,10,0,0
BRDA:17,10,1,0
BRDA:17,11,0,0
BRDA:17,11,1,0
BRF:27
BRH:14
end_of_record
TN:
SF:packages/geis-image/dist/imageTypes.js
FNF:0
FNH:0
DA:2,1
LF:1
LH:1
BRF:0
BRH:0
end_of_record
TN:
SF:packages/geis-image/dist/index.js
FN:2,(anonymous_0)
FN:4,(anonymous_1)
FN:5,(anonymous_2)
FN:9,(anonymous_3)
FNF:4
FNH:3
FNDA:1,(anonymous_0)
FNDA:1,(anonymous_1)
FNDA:0,(anonymous_2)
FNDA:2,(anonymous_3)
DA:2,1
DA:3,1
DA:4,1
DA:6,0
DA:7,0
DA:9,1
DA:10,2
DA:12,1
DA:13,1
DA:14,1
LF:10
LH:8
BRDA:2,0,0,1
BRDA:2,0,1,1
BRDA:2,0,2,1
BRDA:2,1,0,1
BRDA:2,1,1,0
BRDA:3,2,0,1
BRDA:3,2,1,0
BRDA:6,3,0,0
BRDA:6,3,1,0
BRDA:9,4,0,1
BRDA:9,4,1,1
BRDA:9,4,2,1
BRDA:10,5,0,1
BRDA:10,5,1,0
BRDA:10,6,0,1
BRDA:10,6,1,1
BRF:16
BRH:11
end_of_record
TN:
SF:packages/geis-main/dist/index.js
FN:2,(anonymous_0)
FN:4,(anonymous_1)
FN:5,(anonymous_2)
FN:9,(anonymous_3)
FN:15,(anonymous_4)
FN:16,(anonymous_5)
FN:18,(anonymous_6)
FN:19,(anonymous_7)
FN:21,(anonymous_8)
FN:22,(anonymous_9)
FNF:10
FNH:3
FNDA:1,(anonymous_0)
FNDA:0,(anonymous_1)
FNDA:0,(anonymous_2)
FNDA:2,(anonymous_3)
FNDA:0,(anonymous_4)
FNDA:1,(anonymous_5)
FNDA:0,(anonymous_6)
FNDA:0,(anonymous_7)
FNDA:0,(anonymous_8)
FNDA:0,(anonymous_9)
DA:2,1
DA:3,1
DA:4,1
DA:6,0
DA:7,0
DA:9,1
DA:10,2
DA:12,1
DA:13,1
DA:14,1
DA:15,1
DA:16,1
DA:17,1
DA:18,1
DA:19,1
DA:20,1
DA:21,1
DA:22,1
DA:23,1
DA:24,1
DA:25,1
DA:26,1
LF:22
LH:20
BRDA:2,0,0,1
BRDA:2,0,1,1
BRDA:2,0,2,1
BRDA:2,1,0,1
BRDA:2,1,1,0
BRDA:3,2,0,1
BRDA:3,2,1,0
BRDA:6,3,0,0
BRDA:6,3,1,0
BRDA:9,4,0,1
BRDA:9,4,1,1
BRDA:9,4,2,1
BRDA:10,5,0,1
BRDA:10,5,1,0
BRDA:10,6,0,1
BRDA:10,6,1,1
BRF:16
BRH:11
end_of_record
TN:
SF:packages/geis-main/dist/mainFacade.js
FN:2,(anonymous_0)
FN:17,config
FNF:2
FNH:2
FNDA:1,(anonymous_0)
FNDA:1,config
DA:2,1
DA:3,1
DA:5,1
DA:6,1
DA:7,1
DA:8,1
DA:9,1
DA:10,1
DA:11,1
DA:18,1
DA:31,1
LF:11
LH:11
BRDA:2,0,0,1
BRDA:2,0,1,1
BRDA:2,0,2,1
BRDA:3,1,0,1
BRDA:3,1,1,0
BRDA:3,2,0,1
BRDA:3,2,1,1
BRDA:17,3,0,0
BRF:8
BRH:6
end_of_record
TN:
SF:packages/geis-main/dist/mainTypes.js
FNF:0
FNH:0
DA:2,1
LF:1
LH:1
BRF:0
BRH:0
end_of_record
TN:
SF:packages/geis-resource/dist/index.js
FN:2,(anonymous_0)
FN:4,(anonymous_1)
FN:5,(anonymous_2)
FN:9,(anonymous_3)
FNF:4
FNH:3
FNDA:20,(anonymous_0)
FNDA:15,(anonymous_1)
FNDA:0,(anonymous_2)
FNDA:50,(anonymous_3)
DA:2,10
DA:3,20
DA:4,20
DA:6,0
DA:7,0
DA:9,10
DA:10,50
DA:12,10
DA:13,10
DA:14,10
DA:15,10
DA:16,10
DA:17,10
LF:13
LH:11
BRDA:2,0,0,10
BRDA:2,0,1,10
BRDA:2,0,2,10
BRDA:2,1,0,10
BRDA:2,1,1,0
BRDA:3,2,0,20
BRDA:3,2,1,0
BRDA:6,3,0,0
BRDA:6,3,1,0
BRDA:9,4,0,10
BRDA:9,4,1,10
BRDA:9,4,2,10
BRDA:10,5,0,20
BRDA:10,5,1,0
BRDA:10,6,0,20
BRDA:10,6,1,20
BRF:16
BRH:11
end_of_record
TN:
SF:packages/geis-resource/dist/resourceAdapter.js
FNF:0
FNH:0
DA:2,10
LF:1
LH:1
BRF:0
BRH:0
end_of_record
TN:
SF:packages/geis-resource/dist/resourceFacade.js
FN:2,(anonymous_0)
FN:3,adopt
FN:3,(anonymous_2)
FN:4,(anonymous_3)
FN:5,fulfilled
FN:6,rejected
FN:7,step
FN:11,(anonymous_7)
FN:12,(anonymous_8)
FN:15,(anonymous_9)
FN:16,verb
FN:16,(anonymous_11)
FN:16,(anonymous_12)
FN:17,resume
FN:18,step
FN:19,fulfill
FN:20,reject
FN:21,settle
FN:23,(anonymous_18)
FN:30,invoke
FN:32,(anonymous_20)
FN:33,(anonymous_21)
FN:50,(anonymous_22)
FN:51,(anonymous_23)
FN:68,(anonymous_24)
FN:68,(anonymous_25)
FN:88,isAsyncGenerator
FN:91,isGenerator
FNF:28
FNH:25
FNDA:14,(anonymous_0)
FNDA:40,adopt
FNDA:13,(anonymous_2)
FNDA:14,(anonymous_3)
FNDA:38,fulfilled
FNDA:2,rejected
FNDA:54,step
FNDA:20,(anonymous_7)
FNDA:1,(anonymous_8)
FNDA:1,(anonymous_9)
FNDA:3,verb
FNDA:4,(anonymous_11)
FNDA:4,(anonymous_12)
FNDA:14,resume
FNDA:14,step
FNDA:10,fulfill
FNDA:0,reject
FNDA:4,settle
FNDA:10,(anonymous_18)
FNDA:15,invoke
FNDA:1,(anonymous_20)
FNDA:1,(anonymous_21)
FNDA:0,(anonymous_22)
FNDA:0,(anonymous_23)
FNDA:14,(anonymous_24)
FNDA:14,(anonymous_25)
FNDA:15,isAsyncGenerator
FNDA:14,isGenerator
DA:2,10
DA:3,40
DA:4,14
DA:5,38
DA:6,2
DA:7,54
DA:8,14
DA:11,20
DA:12,10
DA:13,1
DA:14,1
DA:15,1
DA:16,4
DA:17,14
DA:18,14
DA:19,10
DA:20,0
DA:21,4
DA:23,10
DA:24,10
DA:26,10
DA:27,10
DA:28,10
DA:29,10
DA:31,15
DA:32,1
DA:33,1
DA:34,1
DA:35,1
DA:36,1
DA:37,4
DA:38,4
DA:39,1
DA:40,1
DA:43,3
DA:49,14
DA:50,0
DA:51,0
DA:52,0
DA:53,0
DA:54,0
DA:55,0
DA:56,0
DA:57,0
DA:58,0
DA:61,0
DA:68,14
DA:69,14
DA:70,14
DA:71,14
DA:73,13
DA:74,12
DA:76,12
DA:79,2
DA:80,1
DA:82,2
DA:87,10
DA:89,15
DA:92,14
LF:59
LH:48
BRDA:2,0,0,10
BRDA:2,0,1,10
BRDA:2,0,2,10
BRDA:3,1,0,27
BRDA:3,1,1,13
BRDA:4,2,0,14
BRDA:4,2,1,14
BRDA:7,3,0,14
BRDA:7,3,1,40
BRDA:8,4,0,14
BRDA:8,4,1,14
BRDA:11,5,0,10
BRDA:11,5,1,10
BRDA:11,5,2,10
BRDA:11,6,0,10
BRDA:11,6,1,10
BRDA:12,7,0,10
BRDA:12,7,1,10
BRDA:12,7,2,10
BRDA:13,8,0,0
BRDA:13,8,1,1
BRDA:14,9,0,1
BRDA:14,9,1,0
BRDA:16,10,0,3
BRDA:16,10,1,0
BRDA:16,11,0,4
BRDA:16,11,1,4
BRDA:18,12,0,10
BRDA:18,12,1,4
BRDA:21,13,0,0
BRDA:21,13,1,4
BRDA:23,14,0,10
BRDA:23,14,1,10
BRDA:23,14,2,10
BRDA:24,15,0,0
BRDA:24,15,1,10
BRDA:24,16,0,10
BRDA:24,16,1,10
BRDA:31,17,0,1
BRDA:31,17,1,14
BRDA:38,18,0,1
BRDA:38,18,1,3
BRDA:49,19,0,0
BRDA:49,19,1,14
BRDA:56,20,0,0
BRDA:56,20,1,0
BRDA:79,21,0,1
BRDA:79,21,1,1
BRF:48
BRH:40
end_of_record
TN:
SF:packages/geis-resource/dist/resourceGuards.js
FN:4,isDisposable
FNF:1
FNH:0
FNDA:0,isDisposable
DA:2,10
DA:3,10
DA:5,0
DA:7,10
LF:4
LH:3
BRF:0
BRH:0
end_of_record
TN:
SF:packages/geis-resource/dist/resourceProvider.js
FNF:0
FNH:0
DA:2,10
LF:1
LH:1
BRF:0
BRH:0
end_of_record
TN:
SF:packages/geis-resource/dist/resourceTypes.js
FNF:0
FNH:0
DA:2,10
LF:1
LH:1
BRF:0
BRH:0
end_of_record
TN:
SF:packages/geis-resource/lib/index.ts
FNF:0
FNH:0
DA:1,1
DA:2,1
DA:3,1
DA:4,1
DA:5,1
LF:5
LH:5
BRF:0
BRH:0
end_of_record
TN:
SF:packages/geis-resource/lib/resourceFacade.ts
FN:26,invoke
FN:32,(anonymous_20)
FN:46,(anonymous_22)
FN:60,(anonymous_24)
FN:60,(anonymous_25)
FN:79,isAsyncGenerator
FN:85,isGenerator
FNF:7
FNH:7
FNDA:4,invoke
FNDA:1,(anonymous_20)
FNDA:1,(anonymous_22)
FNDA:2,(anonymous_24)
FNDA:2,(anonymous_25)
FNDA:4,isAsyncGenerator
FNDA:3,isGenerator
DA:1,1
DA:2,1
DA:26,1
DA:31,4
DA:32,1
DA:33,1
DA:34,1
DA:35,1
DA:36,4
DA:37,4
DA:38,1
DA:39,1
DA:41,3
DA:45,3
DA:46,1
DA:47,1
DA:48,1
DA:49,1
DA:50,4
DA:51,4
DA:52,1
DA:53,1
DA:55,3
DA:60,2
DA:61,2
DA:62,2
DA:63,2
DA:65,2
DA:66,2
DA:68,2
DA:70,0
DA:71,0
DA:73,0
DA:82,4
DA:88,3
LF:35
LH:32
BRDA:31,0,0,1
BRDA:31,0,1,3
BRDA:37,1,0,1
BRDA:37,1,1,3
BRDA:45,2,0,1
BRDA:45,2,1,2
BRDA:51,3,0,1
BRDA:51,3,1,3
BRDA:70,4,0,0
BRDA:70,4,1,0
BRF:10
BRH:8
end_of_record
TN:
SF:packages/geis-resource/lib/resourceGuards.ts
FN:3,isDisposable
FNF:1
FNH:0
FNDA:0,isDisposable
DA:3,1
DA:4,0
LF:2
LH:1
BRF:0
BRH:0
end_of_record
TN:
SF:packages/geis-type/dist/index.js
FN:2,(anonymous_0)
FN:4,(anonymous_1)
FN:5,(anonymous_2)
FN:9,(anonymous_3)
FNF:4
FNH:3
FNDA:36,(anonymous_0)
FNDA:23,(anonymous_1)
FNDA:0,(anonymous_2)
FNDA:36,(anonymous_3)
DA:2,12
DA:3,36
DA:4,36
DA:6,0
DA:7,0
DA:9,12
DA:10,36
DA:12,12
DA:13,12
DA:14,12
DA:15,12
LF:11
LH:9
BRDA:2,0,0,12
BRDA:2,0,1,12
BRDA:2,0,2,12
BRDA:2,1,0,12
BRDA:2,1,1,0
BRDA:3,2,0,36
BRDA:3,2,1,0
BRDA:6,3,0,0
BRDA:6,3,1,0
BRDA:9,4,0,12
BRDA:9,4,1,12
BRDA:9,4,2,12
BRDA:10,5,0,36
BRDA:10,5,1,0
BRDA:10,6,0,36
BRDA:10,6,1,36
BRF:16
BRH:11
end_of_record
TN:
SF:packages/geis-type/dist/typeFacade.js
FN:10,cast
FN:23,capitalize
FNF:2
FNH:2
FNDA:8,cast
FNDA:8,capitalize
DA:2,12
DA:3,12
DA:12,8
DA:13,8
DA:15,8
DA:16,8
DA:17,0
DA:19,8
DA:20,8
DA:22,12
DA:24,8
LF:11
LH:10
BRDA:12,0,0,8
BRDA:12,0,1,0
BRDA:16,1,0,0
BRDA:16,1,1,8
BRF:4
BRH:2
end_of_record
TN:
SF:packages/geis-type/dist/typeTypes.js
FNF:0
FNH:0
DA:2,12
LF:1
LH:1
BRF:0
BRH:0
end_of_record
TN:
SF:packages/geis-type/dist/apply/applyErrors.js
FN:5,(anonymous_0)
FNF:1
FNH:1
FNDA:2,(anonymous_0)
DA:2,12
DA:3,12
DA:6,2
DA:7,2
DA:8,2
DA:11,12
LF:6
LH:6
BRF:0
BRH:0
end_of_record
TN:
SF:packages/geis-type/dist/apply/applyFacade.js
FN:2,(anonymous_0)
FN:3,adopt
FN:3,(anonymous_2)
FN:4,(anonymous_3)
FN:5,fulfilled
FN:6,rejected
FN:7,step
FN:21,apply
FN:22,(anonymous_8)
FN:32,(anonymous_9)
FN:32,(anonymous_10)
FN:34,(anonymous_11)
FNF:12
FNH:8
FNDA:17,(anonymous_0)
FNDA:32,adopt
FNDA:11,(anonymous_2)
FNDA:17,(anonymous_3)
FNDA:32,fulfilled
FNDA:0,rejected
FNDA:48,step
FNDA:17,apply
FNDA:17,(anonymous_8)
FNDA:0,(anonymous_9)
FNDA:0,(anonymous_10)
FNDA:0,(anonymous_11)
DA:2,12
DA:3,32
DA:4,17
DA:5,32
DA:6,0
DA:7,48
DA:8,17
DA:11,12
DA:12,12
DA:13,12
DA:14,12
DA:15,12
DA:22,17
DA:23,17
DA:24,17
DA:26,0
DA:28,17
DA:29,2
DA:31,15
DA:32,15
DA:33,0
DA:34,0
DA:36,15
DA:37,15
DA:38,1
DA:40,14
DA:43,12
LF:27
LH:23
BRDA:2,0,0,12
BRDA:2,0,1,12
BRDA:2,0,2,12
BRDA:3,1,0,21
BRDA:3,1,1,11
BRDA:4,2,0,17
BRDA:4,2,1,17
BRDA:7,3,0,16
BRDA:7,3,1,32
BRDA:8,4,0,17
BRDA:8,4,1,17
BRDA:24,5,0,0
BRDA:24,5,1,17
BRDA:28,6,0,2
BRDA:28,6,1,15
BRDA:37,7,0,1
BRDA:37,7,1,14
BRF:17
BRH:16
end_of_record
TN:
SF:packages/geis-type/dist/apply/index.js
FN:2,(anonymous_0)
FN:4,(anonymous_1)
FN:5,(anonymous_2)
FN:9,(anonymous_3)
FNF:4
FNH:3
FNDA:24,(anonymous_0)
FNDA:18,(anonymous_1)
FNDA:0,(anonymous_2)
FNDA:24,(anonymous_3)
DA:2,12
DA:3,24
DA:4,24
DA:6,0
DA:7,0
DA:9,12
DA:10,24
DA:12,12
DA:13,12
DA:14,12
LF:10
LH:8
BRDA:2,0,0,12
BRDA:2,0,1,12
BRDA:2,0,2,12
BRDA:2,1,0,12
BRDA:2,1,1,0
BRDA:3,2,0,24
BRDA:3,2,1,0
BRDA:6,3,0,0
BRDA:6,3,1,0
BRDA:9,4,0,12
BRDA:9,4,1,12
BRDA:9,4,2,12
BRDA:10,5,0,24
BRDA:10,5,1,0
BRDA:10,6,0,24
BRDA:10,6,1,24
BRF:16
BRH:11
end_of_record
TN:
SF:packages/geis-type/dist/errors/errorHelpers.js
FN:4,collectErrors
FN:5,(anonymous_1)
FNF:2
FNH:2
FNDA:15,collectErrors
FNDA:26,(anonymous_1)
DA:2,12
DA:3,12
DA:5,26
DA:8,12
LF:4
LH:4
BRDA:5,0,0,1
BRDA:5,0,1,25
BRF:2
BRH:2
end_of_record
TN:
SF:packages/geis-type/dist/promises/promiseHelpers.js
FN:2,(anonymous_0)
FN:8,collectPromises
FN:9,(anonymous_2)
FNF:3
FNH:3
FNDA:12,(anonymous_0)
FNDA:15,collectPromises
FNDA:26,(anonymous_2)
DA:2,12
DA:3,12
DA:5,12
DA:6,12
DA:7,12
DA:9,26
DA:15,12
LF:7
LH:7
BRDA:2,0,0,12
BRDA:2,0,1,12
BRDA:2,0,2,12
BRDA:3,1,0,0
BRDA:3,1,1,12
BRDA:3,2,0,12
BRDA:3,2,1,12
BRDA:9,3,0,0
BRDA:9,3,1,26
BRF:9
BRH:7
end_of_record
TN:
SF:packages/geis-type/lib/index.ts
FNF:0
FNH:0
DA:1,2
DA:2,2
DA:3,2
LF:3
LH:3
BRF:0
BRH:0
end_of_record
TN:
SF:packages/geis-type/lib/typeFacade.ts
FN:16,cast
FN:46,capitalize
FNF:2
FNH:0
FNDA:0,cast
FNDA:0,capitalize
DA:16,2
DA:31,0
DA:32,0
DA:34,0
DA:35,0
DA:36,0
DA:42,0
DA:43,0
DA:47,0
LF:9
LH:1
BRDA:31,0,0,0
BRDA:31,0,1,0
BRDA:35,1,0,0
BRDA:35,1,1,0
BRF:4
BRH:0
end_of_record
TN:
SF:packages/geis-type/lib/apply/applyErrors.ts
FN:2,(anonymous_0)
FNF:1
FNH:1
FNDA:4,(anonymous_0)
DA:1,2
DA:2,4
DA:3,4
DA:4,4
LF:4
LH:4
BRF:0
BRH:0
end_of_record
TN:
SF:packages/geis-type/lib/apply/applyFacade.ts
FN:11,apply
FN:28,(anonymous_9)
FN:28,(anonymous_10)
FN:32,(anonymous_11)
FNF:4
FNH:4
FNDA:3,apply
FNDA:2,(anonymous_9)
FNDA:2,(anonymous_10)
FNDA:1,(anonymous_11)
DA:1,2
DA:2,2
DA:4,2
DA:11,2
DA:18,3
DA:19,3
DA:21,0
DA:23,3
DA:24,0
DA:26,3
DA:27,3
DA:28,2
DA:29,2
DA:30,2
DA:32,1
DA:37,3
DA:38,3
DA:39,2
DA:41,1
LF:19
LH:17
BRDA:19,0,0,0
BRDA:19,0,1,3
BRDA:23,1,0,0
BRDA:23,1,1,3
BRDA:38,2,0,2
BRDA:38,2,1,1
BRF:6
BRH:4
end_of_record
TN:
SF:packages/geis-type/lib/apply/index.ts
FNF:0
FNH:0
DA:1,2
DA:2,2
LF:2
LH:2
BRF:0
BRH:0
end_of_record
TN:
SF:packages/geis-type/lib/errors/errorHelpers.ts
FN:4,collectErrors
FN:6,(anonymous_1)
FNF:2
FNH:2
FNDA:3,collectErrors
FNDA:6,(anonymous_1)
DA:4,2
DA:5,3
DA:7,6
LF:3
LH:3
BRDA:8,0,0,2
BRDA:8,0,1,4
BRF:2
BRH:2
end_of_record
TN:
SF:packages/geis-type/lib/promises/promiseHelpers.ts
FN:5,collectPromises
FN:7,(anonymous_2)
FNF:2
FNH:2
FNDA:3,collectPromises
FNDA:6,(anonymous_2)
DA:1,2
DA:5,2
DA:6,3
DA:8,6
LF:4
LH:4
BRDA:9,0,0,2
BRDA:9,0,1,4
BRF:2
BRH:2
end_of_record
